#
# There is insufficient memory for the Java Runtime Environment to continue.
# Native memory allocation (malloc) failed to allocate 32744 bytes for ChunkPool::allocate
# Possible reasons:
#   The system is out of physical RAM or swap space
#   The process is running with CompressedOops enabled, and the Java Heap may be blocking the growth of the native heap
# Possible solutions:
#   Reduce memory load on the system
#   Increase physical memory or swap space
#   Check if swap backing store is full
#   Decrease Java heap size (-Xmx/-Xms)
#   Decrease number of Java threads
#   Decrease Java thread stack sizes (-Xss)
#   Set larger code cache with -XX:ReservedCodeCacheSize=
#   JVM is running with Unscaled Compressed Oops mode in which the Java heap is
#     placed in the first 4GB address space. The Java Heap base address is the
#     maximum limit for the native heap growth. Please use -XX:HeapBaseMinAddress
#     to set the Java Heap base and to place the Java Heap above 4GB virtual address.
# This output file may be truncated or incomplete.
#
#  Out of Memory Error (./open/src/hotspot/share/memory/arena.cpp:79), pid=2612, tid=6976
#
# JRE version: Java(TM) SE Runtime Environment (15.0+36) (build 15+36-1562)
# Java VM: Java HotSpot(TM) 64-Bit Server VM (15+36-1562, mixed mode, sharing, tiered, compressed oops, g1 gc, windows-amd64)
# No core dump will be written. Minidumps are not enabled by default on client versions of Windows
#

---------------  S U M M A R Y ------------

Command Line: --add-opens=java.base/java.util=ALL-UNNAMED --add-opens=java.base/java.lang=ALL-UNNAMED --add-opens=java.base/java.lang.invoke=ALL-UNNAMED --add-opens=java.prefs/java.util.prefs=ALL-UNNAMED -XX:MaxMetaspaceSize=256m -XX:+HeapDumpOnOutOfMemoryError -Xms256m -Xmx512m -Dfile.encoding=windows-1251 -Duser.country=RU -Duser.language=ru -Duser.variant org.gradle.launcher.daemon.bootstrap.GradleDaemon 6.7

Host: Intel(R) Core(TM) i5-4200M CPU @ 2.50GHz, 4 cores, 3G,  Windows 7 , 64 bit Build 7601 (6.1.7601.24545)
Time: Tue Mar  2 18:59:26 2021 RTZ 2 (ceia) elapsed time: 86.339714 seconds (0d 0h 1m 26s)

---------------  T H R E A D  ---------------

Current thread (0x000000001e9e80e0):  JavaThread "C2 CompilerThread0" daemon [_thread_in_native, id=6976, stack(0x000000001f210000,0x000000001f310000)]


Current CompileTask:
C2:  86339 4480   !   4       java.util.concurrent.locks.AbstractQueuedSynchronizer::acquire (407 bytes)

Stack: [0x000000001f210000,0x000000001f310000]
Native frames: (J=compiled Java code, j=interpreted, Vv=VM code, C=native code)
V  [jvm.dll+0x629eaa]
V  [jvm.dll+0x780379]
V  [jvm.dll+0x781ad3]
V  [jvm.dll+0x782133]
V  [jvm.dll+0x2159d5]
V  [jvm.dll+0x97cdf]
V  [jvm.dll+0x9802c]
V  [jvm.dll+0x6072c8]
V  [jvm.dll+0x606dee]
V  [jvm.dll+0x18b798]
V  [jvm.dll+0x54ba2f]
V  [jvm.dll+0x54b12d]
V  [jvm.dll+0x53d0d4]
V  [jvm.dll+0x53d3c1]
V  [jvm.dll+0x538ef7]
V  [jvm.dll+0x538db0]
V  [jvm.dll+0x5403d2]
V  [jvm.dll+0x1f23a4]
V  [jvm.dll+0x1ebb47]
V  [jvm.dll+0x1e8f37]
V  [jvm.dll+0x177f17]
V  [jvm.dll+0x1f88f5]
V  [jvm.dll+0x1f699c]
V  [jvm.dll+0x74384d]
V  [jvm.dll+0x73c64a]
V  [jvm.dll+0x628d16]
C  [ucrtbase.DLL+0x1d912]
C  [kernel32.dll+0x1556d]
C  [ntdll.dll+0x5372d]


---------------  P R O C E S S  ---------------

Threads class SMR info:
_java_thread_list=0x0000000021f55ff0, length=43, elements={
0x0000000000336d00, 0x000000001e9c9820, 0x000000001e9cbf10, 0x000000001e9e62d0,
0x000000001e9e67a0, 0x000000001e9e7830, 0x000000001e9e80e0, 0x000000001e9e9260,
0x000000001e9faed0, 0x000000001f6e27c0, 0x000000001f6fadb0, 0x0000000021d04c70,
0x0000000021e940e0, 0x0000000021e91290, 0x000000001f7c0820, 0x000000002167c4a0,
0x0000000020548810, 0x000000002054b210, 0x000000002054bee0, 0x000000001fa64710,
0x00000000208287a0, 0x0000000020829610, 0x0000000020829ae0, 0x0000000020829fb0,
0x000000002082a480, 0x000000002082b7c0, 0x000000002082bc90, 0x00000000229f38c0,
0x00000000229f3d90, 0x00000000229f4260, 0x00000000229f4730, 0x00000000229f4c00,
0x00000000229f5a70, 0x00000000229f6410, 0x00000000229f6db0, 0x00000000229f7280,
0x000000002203c8e0, 0x000000002203cdb0, 0x000000002203d280, 0x000000002203d750,
0x000000002203dc20, 0x000000002203e0f0, 0x000000002203e5c0, }

Java Threads: ( => current thread )
  0x0000000000336d00 JavaThread "main" [_thread_blocked, id=2312, stack(0x00000000022c0000,0x00000000023c0000)]
  0x000000001e9c9820 JavaThread "Reference Handler" daemon [_thread_blocked, id=6252, stack(0x000000001ecc0000,0x000000001edc0000)]
  0x000000001e9cbf10 JavaThread "Finalizer" daemon [_thread_blocked, id=8180, stack(0x000000001eae0000,0x000000001ebe0000)]
  0x000000001e9e62d0 JavaThread "Signal Dispatcher" daemon [_thread_blocked, id=6328, stack(0x000000001ef10000,0x000000001f010000)]
  0x000000001e9e67a0 JavaThread "Attach Listener" daemon [_thread_blocked, id=5496, stack(0x000000001edf0000,0x000000001eef0000)]
  0x000000001e9e7830 JavaThread "Service Thread" daemon [_thread_blocked, id=7632, stack(0x000000001f100000,0x000000001f200000)]
=>0x000000001e9e80e0 JavaThread "C2 CompilerThread0" daemon [_thread_in_native, id=6976, stack(0x000000001f210000,0x000000001f310000)]
  0x000000001e9e9260 JavaThread "C1 CompilerThread0" daemon [_thread_in_native, id=6868, stack(0x000000001f460000,0x000000001f560000)]
  0x000000001e9faed0 JavaThread "Sweeper thread" daemon [_thread_blocked, id=4216, stack(0x000000001f5a0000,0x000000001f6a0000)]
  0x000000001f6e27c0 JavaThread "Common-Cleaner" daemon [_thread_blocked, id=6904, stack(0x000000001fb70000,0x000000001fc70000)]
  0x000000001f6fadb0 JavaThread "Notification Thread" daemon [_thread_blocked, id=3080, stack(0x000000001fd40000,0x000000001fe40000)]
  0x0000000021d04c70 JavaThread "Daemon health stats" [_thread_blocked, id=27544, stack(0x00000000209e0000,0x0000000020ae0000)]
  0x0000000021e940e0 JavaThread "Incoming local TCP Connector on port 49524" [_thread_in_native, id=39760, stack(0x00000000233d0000,0x00000000234d0000)]
  0x0000000021e91290 JavaThread "Daemon periodic checks" [_thread_blocked, id=45012, stack(0x0000000023520000,0x0000000023620000)]
  0x000000001f7c0820 JavaThread "Daemon" [_thread_blocked, id=45016, stack(0x0000000023630000,0x0000000023730000)]
  0x000000002167c4a0 JavaThread "Handler for socket connection from /127.0.0.1:49524 to /127.0.0.1:49525" [_thread_in_native, id=45020, stack(0x0000000023740000,0x0000000023840000)]
  0x0000000020548810 JavaThread "Cancel handler" [_thread_blocked, id=45316, stack(0x0000000022f90000,0x0000000023090000)]
  0x000000002054b210 JavaThread "Daemon worker" [_thread_blocked, id=45328, stack(0x00000000238e0000,0x00000000239e0000)]
  0x000000002054bee0 JavaThread "Asynchronous log dispatcher for DefaultDaemonConnection: socket connection from /127.0.0.1:49524 to /127.0.0.1:49525" [_thread_blocked, id=45404, stack(0x0000000023d20000,0x0000000023e20000)]
  0x000000001fa64710 JavaThread "Stdin handler" [_thread_blocked, id=45412, stack(0x0000000023fb0000,0x00000000240b0000)]
  0x00000000208287a0 JavaThread "Thread-8" [_thread_blocked, id=45420, stack(0x0000000024170000,0x0000000024270000)]
  0x0000000020829610 JavaThread "Cache worker for file hash cache (C:\Users\Home\.gradle\caches\6.7\fileHashes)" [_thread_blocked, id=49536, stack(0x00000000244b0000,0x00000000245b0000)]
  0x0000000020829ae0 JavaThread "File lock request listener" [_thread_in_native, id=49656, stack(0x0000000023c10000,0x0000000023d10000)]
  0x0000000020829fb0 JavaThread "File lock release action executor" [_thread_blocked, id=49900, stack(0x0000000024600000,0x0000000024700000)]
  0x000000002082a480 JavaThread "Cache worker for journal cache (C:\Users\Home\.gradle\caches\journal-1)" [_thread_blocked, id=51264, stack(0x0000000024830000,0x0000000024930000)]
  0x000000002082b7c0 JavaThread "Cache worker for file hash cache (C:\carDealerShip\.gradle\6.7\fileHashes)" [_thread_blocked, id=58792, stack(0x0000000026ee0000,0x0000000026fe0000)]
  0x000000002082bc90 JavaThread "Cache worker for checksums cache (C:\carDealerShip\.gradle\checksums)" [_thread_blocked, id=61912, stack(0x0000000025b30000,0x0000000025c30000)]
  0x00000000229f38c0 JavaThread "Cache worker for cache directory md-supplier (C:\Users\Home\.gradle\caches\6.7\md-supplier)" [_thread_blocked, id=62184, stack(0x0000000024730000,0x0000000024830000)]
  0x00000000229f3d90 JavaThread "Cache worker for cache directory md-rule (C:\Users\Home\.gradle\caches\6.7\md-rule)" [_thread_blocked, id=62456, stack(0x0000000027300000,0x0000000027400000)]
  0x00000000229f4260 JavaThread "Cache worker for execution history cache (C:\Users\Home\.gradle\caches\6.7\executionHistory)" [_thread_blocked, id=63192, stack(0x00000000276a0000,0x00000000277a0000)]
  0x00000000229f4c00 JavaThread "Cache worker for file content cache (C:\Users\Home\.gradle\caches\6.7\fileContent)" [_thread_blocked, id=78076, stack(0x0000000027c90000,0x0000000027d90000)]
  0x00000000229f5a70 JavaThread "Cache worker for Build Output Cleanup Cache (C:\carDealerShip\.gradle\buildOutputCleanup)" [_thread_blocked, id=90464, stack(0x0000000027200000,0x0000000027300000)]
  0x00000000229f6410 JavaThread "Memory manager" [_thread_blocked, id=133416, stack(0x0000000028a10000,0x0000000028b10000)]
  0x00000000229f6db0 JavaThread "Execution worker for ':'" [_thread_blocked, id=159292, stack(0x0000000028f10000,0x0000000029010000)]
  0x00000000229f7280 JavaThread "Execution worker for ':' Thread 2" [_thread_blocked, id=159296, stack(0x0000000029100000,0x0000000029200000)]
  0x000000002203c8e0 JavaThread "Execution worker for ':' Thread 3" [_thread_blocked, id=159300, stack(0x0000000028880000,0x0000000028980000)]
  0x000000002203cdb0 JavaThread "Cache worker for execution history cache (C:\carDealerShip\.gradle\6.7\executionHistory)" [_thread_blocked, id=160440, stack(0x0000000029530000,0x0000000029630000)]
  0x000000002203d280 JavaThread "Exec process" [_thread_in_native, id=170032, stack(0x00000000296d0000,0x00000000297d0000)]
  0x000000002203d750 JavaThread "Exec process Thread 2" [_thread_in_native, id=170044, stack(0x0000000028b20000,0x0000000028c20000)]
  0x000000002203dc20 JavaThread "Exec process Thread 3" [_thread_blocked, id=170048, stack(0x0000000029920000,0x0000000029a20000)]
  0x000000002203e0f0 JavaThread "DisconnectableInputStream source reader" daemon [_thread_blocked, id=170380, stack(0x0000000029ae0000,0x0000000029be0000)]
  0x000000002203e5c0 JavaThread "Exec process Thread 4" [_thread_in_native, id=170384, stack(0x0000000029ca0000,0x0000000029da0000)]

Other Threads:
  0x000000001e9b6560 VMThread "VM Thread" [stack: 0x000000001dd00000,0x000000001de00000] [id=6464]
  0x000000001f70d570 WatcherThread [stack: 0x000000001feb0000,0x000000001ffb0000] [id=7360]
  0x000000000035a530 GCTaskThread "GC Thread#0" [stack: 0x000000001b360000,0x000000001b460000] [id=7236]
  0x000000001f6d9c90 GCTaskThread "GC Thread#1" [stack: 0x0000000020ae0000,0x0000000020be0000] [id=11560]
  0x000000001f6d9fc0 GCTaskThread "GC Thread#2" [stack: 0x0000000020ca0000,0x0000000020da0000] [id=11564]
  0x000000001f6da2f0 GCTaskThread "GC Thread#3" [stack: 0x0000000020e60000,0x0000000020f60000] [id=11568]
  0x000000000035f710 ConcurrentGCThread "G1 Main Marker" [stack: 0x000000001b5e0000,0x000000001b6e0000] [id=588]
  0x0000000000360290 ConcurrentGCThread "G1 Conc#0" [stack: 0x000000001b7c0000,0x000000001b8c0000] [id=7172]
  0x000000000039fa60 ConcurrentGCThread "G1 Refine#0" [stack: 0x000000001de40000,0x000000001df40000] [id=2444]
  0x0000000025174450 ConcurrentGCThread "G1 Refine#1" [stack: 0x00000000285d0000,0x00000000286d0000] [id=131432]
  0x00000000251747c0 ConcurrentGCThread "G1 Refine#2" [stack: 0x0000000028750000,0x0000000028850000] [id=131436]
  0x000000001dc82740 ConcurrentGCThread "G1 Young RemSet Sampling" [stack: 0x000000001dfd0000,0x000000001e0d0000] [id=4292]

Threads with active compile tasks:
C2 CompilerThread0   104669 4480   !   4       java.util.concurrent.locks.AbstractQueuedSynchronizer::acquire (407 bytes)
C1 CompilerThread0   104669 4484       3       java.util.stream.Sink::begin (1 bytes)

VM state: not at safepoint (normal execution)

VM Mutex/Monitor currently owned by a thread: None

Heap address: 0x00000000e0000000, size: 512 MB, Compressed Oops mode: 32-bit
CDS archive(s) mapped at: [0x0000000800000000-0x0000000800b50000-0x0000000800b50000), size 11862016, SharedBaseAddress: 0x0000000800000000, ArchiveRelocationMode: 0.
Compressed class space mapped at: 0x0000000800b50000-0x0000000810350000, size: 260046848
Narrow klass base: 0x0000000800000000, Narrow klass shift: 3, Narrow klass range: 0x100000000

GC Precious Log:
 CPUs: 4 total, 4 available
 Memory: 4008M
 Large Page Support: Disabled
 NUMA Support: Disabled
 Compressed Oops: Enabled (32-bit)
 Heap Region Size: 1M
 Heap Min Capacity: 256M
 Heap Initial Capacity: 256M
 Heap Max Capacity: 512M
 Pre-touch: Disabled
 Parallel Workers: 4
 Concurrent Workers: 1
 Concurrent Refinement Workers: 4
 Periodic GC: Disabled

Heap:
 garbage-first heap   total 262144K, used 53945K [0x00000000e0000000, 0x0000000100000000)
  region size 1024K, 27 young (27648K), 3 survivors (3072K)
 Metaspace       used 40529K, capacity 41425K, committed 41648K, reserved 290816K
  class space    used 5550K, capacity 5788K, committed 5888K, reserved 253952K

Heap Regions: E=young(eden), S=young(survivor), O=old, HS=humongous(starts), HC=humongous(continues), CS=collection set, F=free, OA=open archive, CA=closed archive, TAMS=top-at-mark-start (previous, next)
|   0|0x00000000e0000000, 0x00000000e0100000, 0x00000000e0100000|100%| O|  |TAMS 0x00000000e0100000, 0x00000000e0000000| Untracked 
|   1|0x00000000e0100000, 0x00000000e0200000, 0x00000000e0200000|100%| O|  |TAMS 0x00000000e0200000, 0x00000000e0100000| Untracked 
|   2|0x00000000e0200000, 0x00000000e0300000, 0x00000000e0300000|100%| O|  |TAMS 0x00000000e0300000, 0x00000000e0200000| Untracked 
|   3|0x00000000e0300000, 0x00000000e0400000, 0x00000000e0400000|100%|HS|  |TAMS 0x00000000e0400000, 0x00000000e0300000| Complete 
|   4|0x00000000e0400000, 0x00000000e0500000, 0x00000000e0500000|100%|HC|  |TAMS 0x00000000e0500000, 0x00000000e0400000| Complete 
|   5|0x00000000e0500000, 0x00000000e0600000, 0x00000000e0600000|100%|HC|  |TAMS 0x00000000e0600000, 0x00000000e0500000| Complete 
|   6|0x00000000e0600000, 0x00000000e0700000, 0x00000000e0700000|100%| O|  |TAMS 0x00000000e0700000, 0x00000000e0600000| Untracked 
|   7|0x00000000e0700000, 0x00000000e0800000, 0x00000000e0800000|100%| O|  |TAMS 0x00000000e0800000, 0x00000000e0700000| Untracked 
|   8|0x00000000e0800000, 0x00000000e0900000, 0x00000000e0900000|100%| O|  |TAMS 0x00000000e0900000, 0x00000000e0800000| Untracked 
|   9|0x00000000e0900000, 0x00000000e0a00000, 0x00000000e0a00000|100%| O|  |TAMS 0x00000000e0938600, 0x00000000e0900000| Untracked 
|  10|0x00000000e0a00000, 0x00000000e0b00000, 0x00000000e0b00000|100%| O|  |TAMS 0x00000000e0a00000, 0x00000000e0a00000| Untracked 
|  11|0x00000000e0b00000, 0x00000000e0c00000, 0x00000000e0c00000|100%| O|  |TAMS 0x00000000e0b00000, 0x00000000e0b00000| Untracked 
|  12|0x00000000e0c00000, 0x00000000e0d00000, 0x00000000e0d00000|100%| O|  |TAMS 0x00000000e0c00000, 0x00000000e0c00000| Untracked 
|  13|0x00000000e0d00000, 0x00000000e0e00000, 0x00000000e0e00000|100%| O|  |TAMS 0x00000000e0d00000, 0x00000000e0d00000| Untracked 
|  14|0x00000000e0e00000, 0x00000000e0f00000, 0x00000000e0f00000|100%| O|  |TAMS 0x00000000e0e00000, 0x00000000e0e00000| Untracked 
|  15|0x00000000e0f00000, 0x00000000e1000000, 0x00000000e1000000|100%| O|  |TAMS 0x00000000e0f00000, 0x00000000e0f00000| Untracked 
|  16|0x00000000e1000000, 0x00000000e1100000, 0x00000000e1100000|100%| O|  |TAMS 0x00000000e1000000, 0x00000000e1000000| Untracked 
|  17|0x00000000e1100000, 0x00000000e1200000, 0x00000000e1200000|100%| O|  |TAMS 0x00000000e1100000, 0x00000000e1100000| Untracked 
|  18|0x00000000e1200000, 0x00000000e1300000, 0x00000000e1300000|100%| O|  |TAMS 0x00000000e1200000, 0x00000000e1200000| Untracked 
|  19|0x00000000e1300000, 0x00000000e1400000, 0x00000000e1400000|100%| O|  |TAMS 0x00000000e1300000, 0x00000000e1300000| Untracked 
|  20|0x00000000e1400000, 0x00000000e1500000, 0x00000000e1500000|100%| O|  |TAMS 0x00000000e1400000, 0x00000000e1400000| Untracked 
|  21|0x00000000e1500000, 0x00000000e1600000, 0x00000000e1600000|100%| O|  |TAMS 0x00000000e1500000, 0x00000000e1500000| Untracked 
|  22|0x00000000e1600000, 0x00000000e1700000, 0x00000000e1700000|100%| O|  |TAMS 0x00000000e1600000, 0x00000000e1600000| Untracked 
|  23|0x00000000e1700000, 0x00000000e1800000, 0x00000000e1800000|100%| O|  |TAMS 0x00000000e1700000, 0x00000000e1700000| Untracked 
|  24|0x00000000e1800000, 0x00000000e1900000, 0x00000000e1900000|100%| O|  |TAMS 0x00000000e1800000, 0x00000000e1800000| Untracked 
|  25|0x00000000e1900000, 0x00000000e1a00000, 0x00000000e1a00000|100%| O|  |TAMS 0x00000000e1900000, 0x00000000e1900000| Untracked 
|  26|0x00000000e1a00000, 0x00000000e1b00000, 0x00000000e1b00000|100%| O|  |TAMS 0x00000000e1a00000, 0x00000000e1a00000| Untracked 
|  27|0x00000000e1b00000, 0x00000000e1c00000, 0x00000000e1c00000|100%| O|  |TAMS 0x00000000e1b00000, 0x00000000e1b00000| Untracked 
|  28|0x00000000e1c00000, 0x00000000e1c00000, 0x00000000e1d00000|  0%| F|  |TAMS 0x00000000e1c00000, 0x00000000e1c00000| Untracked 
|  29|0x00000000e1d00000, 0x00000000e1d00000, 0x00000000e1e00000|  0%| F|  |TAMS 0x00000000e1d00000, 0x00000000e1d00000| Untracked 
|  30|0x00000000e1e00000, 0x00000000e1e00000, 0x00000000e1f00000|  0%| F|  |TAMS 0x00000000e1e00000, 0x00000000e1e00000| Untracked 
|  31|0x00000000e1f00000, 0x00000000e1f00000, 0x00000000e2000000|  0%| F|  |TAMS 0x00000000e1f00000, 0x00000000e1f00000| Untracked 
|  32|0x00000000e2000000, 0x00000000e2000000, 0x00000000e2100000|  0%| F|  |TAMS 0x00000000e2000000, 0x00000000e2000000| Untracked 
|  33|0x00000000e2100000, 0x00000000e2100000, 0x00000000e2200000|  0%| F|  |TAMS 0x00000000e2100000, 0x00000000e2100000| Untracked 
|  34|0x00000000e2200000, 0x00000000e2200000, 0x00000000e2300000|  0%| F|  |TAMS 0x00000000e2200000, 0x00000000e2200000| Untracked 
|  35|0x00000000e2300000, 0x00000000e2300000, 0x00000000e2400000|  0%| F|  |TAMS 0x00000000e2300000, 0x00000000e2300000| Untracked 
|  36|0x00000000e2400000, 0x00000000e2400000, 0x00000000e2500000|  0%| F|  |TAMS 0x00000000e2400000, 0x00000000e2400000| Untracked 
|  37|0x00000000e2500000, 0x00000000e2500000, 0x00000000e2600000|  0%| F|  |TAMS 0x00000000e2500000, 0x00000000e2500000| Untracked 
|  38|0x00000000e2600000, 0x00000000e2600000, 0x00000000e2700000|  0%| F|  |TAMS 0x00000000e2600000, 0x00000000e2600000| Untracked 
|  39|0x00000000e2700000, 0x00000000e2700000, 0x00000000e2800000|  0%| F|  |TAMS 0x00000000e2700000, 0x00000000e2700000| Untracked 
|  40|0x00000000e2800000, 0x00000000e2800000, 0x00000000e2900000|  0%| F|  |TAMS 0x00000000e2800000, 0x00000000e2800000| Untracked 
|  41|0x00000000e2900000, 0x00000000e2900000, 0x00000000e2a00000|  0%| F|  |TAMS 0x00000000e2900000, 0x00000000e2900000| Untracked 
|  42|0x00000000e2a00000, 0x00000000e2a00000, 0x00000000e2b00000|  0%| F|  |TAMS 0x00000000e2a00000, 0x00000000e2a00000| Untracked 
|  43|0x00000000e2b00000, 0x00000000e2b00000, 0x00000000e2c00000|  0%| F|  |TAMS 0x00000000e2b00000, 0x00000000e2b00000| Untracked 
|  44|0x00000000e2c00000, 0x00000000e2c00000, 0x00000000e2d00000|  0%| F|  |TAMS 0x00000000e2c00000, 0x00000000e2c00000| Untracked 
|  45|0x00000000e2d00000, 0x00000000e2d00000, 0x00000000e2e00000|  0%| F|  |TAMS 0x00000000e2d00000, 0x00000000e2d00000| Untracked 
|  46|0x00000000e2e00000, 0x00000000e2e00000, 0x00000000e2f00000|  0%| F|  |TAMS 0x00000000e2e00000, 0x00000000e2e00000| Untracked 
|  47|0x00000000e2f00000, 0x00000000e2f00000, 0x00000000e3000000|  0%| F|  |TAMS 0x00000000e2f00000, 0x00000000e2f00000| Untracked 
|  48|0x00000000e3000000, 0x00000000e3000000, 0x00000000e3100000|  0%| F|  |TAMS 0x00000000e3000000, 0x00000000e3000000| Untracked 
|  49|0x00000000e3100000, 0x00000000e3100000, 0x00000000e3200000|  0%| F|  |TAMS 0x00000000e3100000, 0x00000000e3100000| Untracked 
|  50|0x00000000e3200000, 0x00000000e3200000, 0x00000000e3300000|  0%| F|  |TAMS 0x00000000e3200000, 0x00000000e3200000| Untracked 
|  51|0x00000000e3300000, 0x00000000e3300000, 0x00000000e3400000|  0%| F|  |TAMS 0x00000000e3300000, 0x00000000e3300000| Untracked 
|  52|0x00000000e3400000, 0x00000000e3400000, 0x00000000e3500000|  0%| F|  |TAMS 0x00000000e3400000, 0x00000000e3400000| Untracked 
|  53|0x00000000e3500000, 0x00000000e3500000, 0x00000000e3600000|  0%| F|  |TAMS 0x00000000e3500000, 0x00000000e3500000| Untracked 
|  54|0x00000000e3600000, 0x00000000e3600000, 0x00000000e3700000|  0%| F|  |TAMS 0x00000000e3600000, 0x00000000e3600000| Untracked 
|  55|0x00000000e3700000, 0x00000000e3700000, 0x00000000e3800000|  0%| F|  |TAMS 0x00000000e3700000, 0x00000000e3700000| Untracked 
|  56|0x00000000e3800000, 0x00000000e3800000, 0x00000000e3900000|  0%| F|  |TAMS 0x00000000e3800000, 0x00000000e3800000| Untracked 
|  57|0x00000000e3900000, 0x00000000e3900000, 0x00000000e3a00000|  0%| F|  |TAMS 0x00000000e3900000, 0x00000000e3900000| Untracked 
|  58|0x00000000e3a00000, 0x00000000e3a00000, 0x00000000e3b00000|  0%| F|  |TAMS 0x00000000e3a00000, 0x00000000e3a00000| Untracked 
|  59|0x00000000e3b00000, 0x00000000e3b00000, 0x00000000e3c00000|  0%| F|  |TAMS 0x00000000e3b00000, 0x00000000e3b00000| Untracked 
|  60|0x00000000e3c00000, 0x00000000e3c00000, 0x00000000e3d00000|  0%| F|  |TAMS 0x00000000e3c00000, 0x00000000e3c00000| Untracked 
|  61|0x00000000e3d00000, 0x00000000e3d00000, 0x00000000e3e00000|  0%| F|  |TAMS 0x00000000e3d00000, 0x00000000e3d00000| Untracked 
|  62|0x00000000e3e00000, 0x00000000e3e00000, 0x00000000e3f00000|  0%| F|  |TAMS 0x00000000e3e00000, 0x00000000e3e00000| Untracked 
|  63|0x00000000e3f00000, 0x00000000e3f00000, 0x00000000e4000000|  0%| F|  |TAMS 0x00000000e3f00000, 0x00000000e3f00000| Untracked 
|  64|0x00000000e4000000, 0x00000000e4000000, 0x00000000e4100000|  0%| F|  |TAMS 0x00000000e4000000, 0x00000000e4000000| Untracked 
|  65|0x00000000e4100000, 0x00000000e4100000, 0x00000000e4200000|  0%| F|  |TAMS 0x00000000e4100000, 0x00000000e4100000| Untracked 
|  66|0x00000000e4200000, 0x00000000e4200000, 0x00000000e4300000|  0%| F|  |TAMS 0x00000000e4200000, 0x00000000e4200000| Untracked 
|  67|0x00000000e4300000, 0x00000000e4300000, 0x00000000e4400000|  0%| F|  |TAMS 0x00000000e4300000, 0x00000000e4300000| Untracked 
|  68|0x00000000e4400000, 0x00000000e4400000, 0x00000000e4500000|  0%| F|  |TAMS 0x00000000e4400000, 0x00000000e4400000| Untracked 
|  69|0x00000000e4500000, 0x00000000e4500000, 0x00000000e4600000|  0%| F|  |TAMS 0x00000000e4500000, 0x00000000e4500000| Untracked 
|  70|0x00000000e4600000, 0x00000000e4600000, 0x00000000e4700000|  0%| F|  |TAMS 0x00000000e4600000, 0x00000000e4600000| Untracked 
|  71|0x00000000e4700000, 0x00000000e4700000, 0x00000000e4800000|  0%| F|  |TAMS 0x00000000e4700000, 0x00000000e4700000| Untracked 
|  72|0x00000000e4800000, 0x00000000e4800000, 0x00000000e4900000|  0%| F|  |TAMS 0x00000000e4800000, 0x00000000e4800000| Untracked 
|  73|0x00000000e4900000, 0x00000000e4900000, 0x00000000e4a00000|  0%| F|  |TAMS 0x00000000e4900000, 0x00000000e4900000| Untracked 
|  74|0x00000000e4a00000, 0x00000000e4a00000, 0x00000000e4b00000|  0%| F|  |TAMS 0x00000000e4a00000, 0x00000000e4a00000| Untracked 
|  75|0x00000000e4b00000, 0x00000000e4b00000, 0x00000000e4c00000|  0%| F|  |TAMS 0x00000000e4b00000, 0x00000000e4b00000| Untracked 
|  76|0x00000000e4c00000, 0x00000000e4c00000, 0x00000000e4d00000|  0%| F|  |TAMS 0x00000000e4c00000, 0x00000000e4c00000| Untracked 
|  77|0x00000000e4d00000, 0x00000000e4d00000, 0x00000000e4e00000|  0%| F|  |TAMS 0x00000000e4d00000, 0x00000000e4d00000| Untracked 
|  78|0x00000000e4e00000, 0x00000000e4e00000, 0x00000000e4f00000|  0%| F|  |TAMS 0x00000000e4e00000, 0x00000000e4e00000| Untracked 
|  79|0x00000000e4f00000, 0x00000000e4f00000, 0x00000000e5000000|  0%| F|  |TAMS 0x00000000e4f00000, 0x00000000e4f00000| Untracked 
|  80|0x00000000e5000000, 0x00000000e5000000, 0x00000000e5100000|  0%| F|  |TAMS 0x00000000e5000000, 0x00000000e5000000| Untracked 
|  81|0x00000000e5100000, 0x00000000e5100000, 0x00000000e5200000|  0%| F|  |TAMS 0x00000000e5100000, 0x00000000e5100000| Untracked 
|  82|0x00000000e5200000, 0x00000000e5200000, 0x00000000e5300000|  0%| F|  |TAMS 0x00000000e5200000, 0x00000000e5200000| Untracked 
|  83|0x00000000e5300000, 0x00000000e5300000, 0x00000000e5400000|  0%| F|  |TAMS 0x00000000e5300000, 0x00000000e5300000| Untracked 
|  84|0x00000000e5400000, 0x00000000e5400000, 0x00000000e5500000|  0%| F|  |TAMS 0x00000000e5400000, 0x00000000e5400000| Untracked 
|  85|0x00000000e5500000, 0x00000000e5500000, 0x00000000e5600000|  0%| F|  |TAMS 0x00000000e5500000, 0x00000000e5500000| Untracked 
|  86|0x00000000e5600000, 0x00000000e5600000, 0x00000000e5700000|  0%| F|  |TAMS 0x00000000e5600000, 0x00000000e5600000| Untracked 
|  87|0x00000000e5700000, 0x00000000e5700000, 0x00000000e5800000|  0%| F|  |TAMS 0x00000000e5700000, 0x00000000e5700000| Untracked 
|  88|0x00000000e5800000, 0x00000000e5800000, 0x00000000e5900000|  0%| F|  |TAMS 0x00000000e5800000, 0x00000000e5800000| Untracked 
|  89|0x00000000e5900000, 0x00000000e5900000, 0x00000000e5a00000|  0%| F|  |TAMS 0x00000000e5900000, 0x00000000e5900000| Untracked 
|  90|0x00000000e5a00000, 0x00000000e5a00000, 0x00000000e5b00000|  0%| F|  |TAMS 0x00000000e5a00000, 0x00000000e5a00000| Untracked 
|  91|0x00000000e5b00000, 0x00000000e5b00000, 0x00000000e5c00000|  0%| F|  |TAMS 0x00000000e5b00000, 0x00000000e5b00000| Untracked 
|  92|0x00000000e5c00000, 0x00000000e5c00000, 0x00000000e5d00000|  0%| F|  |TAMS 0x00000000e5c00000, 0x00000000e5c00000| Untracked 
|  93|0x00000000e5d00000, 0x00000000e5d00000, 0x00000000e5e00000|  0%| F|  |TAMS 0x00000000e5d00000, 0x00000000e5d00000| Untracked 
|  94|0x00000000e5e00000, 0x00000000e5e00000, 0x00000000e5f00000|  0%| F|  |TAMS 0x00000000e5e00000, 0x00000000e5e00000| Untracked 
|  95|0x00000000e5f00000, 0x00000000e5f00000, 0x00000000e6000000|  0%| F|  |TAMS 0x00000000e5f00000, 0x00000000e5f00000| Untracked 
|  96|0x00000000e6000000, 0x00000000e6000000, 0x00000000e6100000|  0%| F|  |TAMS 0x00000000e6000000, 0x00000000e6000000| Untracked 
|  97|0x00000000e6100000, 0x00000000e6100000, 0x00000000e6200000|  0%| F|  |TAMS 0x00000000e6100000, 0x00000000e6100000| Untracked 
|  98|0x00000000e6200000, 0x00000000e6200000, 0x00000000e6300000|  0%| F|  |TAMS 0x00000000e6200000, 0x00000000e6200000| Untracked 
|  99|0x00000000e6300000, 0x00000000e6300000, 0x00000000e6400000|  0%| F|  |TAMS 0x00000000e6300000, 0x00000000e6300000| Untracked 
| 100|0x00000000e6400000, 0x00000000e6400000, 0x00000000e6500000|  0%| F|  |TAMS 0x00000000e6400000, 0x00000000e6400000| Untracked 
| 101|0x00000000e6500000, 0x00000000e6500000, 0x00000000e6600000|  0%| F|  |TAMS 0x00000000e6500000, 0x00000000e6500000| Untracked 
| 102|0x00000000e6600000, 0x00000000e6600000, 0x00000000e6700000|  0%| F|  |TAMS 0x00000000e6600000, 0x00000000e6600000| Untracked 
| 103|0x00000000e6700000, 0x00000000e6700000, 0x00000000e6800000|  0%| F|  |TAMS 0x00000000e6700000, 0x00000000e6700000| Untracked 
| 104|0x00000000e6800000, 0x00000000e6800000, 0x00000000e6900000|  0%| F|  |TAMS 0x00000000e6800000, 0x00000000e6800000| Untracked 
| 105|0x00000000e6900000, 0x00000000e6900000, 0x00000000e6a00000|  0%| F|  |TAMS 0x00000000e6900000, 0x00000000e6900000| Untracked 
| 106|0x00000000e6a00000, 0x00000000e6a00000, 0x00000000e6b00000|  0%| F|  |TAMS 0x00000000e6a00000, 0x00000000e6a00000| Untracked 
| 107|0x00000000e6b00000, 0x00000000e6b00000, 0x00000000e6c00000|  0%| F|  |TAMS 0x00000000e6b00000, 0x00000000e6b00000| Untracked 
| 108|0x00000000e6c00000, 0x00000000e6c00000, 0x00000000e6d00000|  0%| F|  |TAMS 0x00000000e6c00000, 0x00000000e6c00000| Untracked 
| 109|0x00000000e6d00000, 0x00000000e6d00000, 0x00000000e6e00000|  0%| F|  |TAMS 0x00000000e6d00000, 0x00000000e6d00000| Untracked 
| 110|0x00000000e6e00000, 0x00000000e6e00000, 0x00000000e6f00000|  0%| F|  |TAMS 0x00000000e6e00000, 0x00000000e6e00000| Untracked 
| 111|0x00000000e6f00000, 0x00000000e6f00000, 0x00000000e7000000|  0%| F|  |TAMS 0x00000000e6f00000, 0x00000000e6f00000| Untracked 
| 112|0x00000000e7000000, 0x00000000e7000000, 0x00000000e7100000|  0%| F|  |TAMS 0x00000000e7000000, 0x00000000e7000000| Untracked 
| 113|0x00000000e7100000, 0x00000000e7100000, 0x00000000e7200000|  0%| F|  |TAMS 0x00000000e7100000, 0x00000000e7100000| Untracked 
| 114|0x00000000e7200000, 0x00000000e7200000, 0x00000000e7300000|  0%| F|  |TAMS 0x00000000e7200000, 0x00000000e7200000| Untracked 
| 115|0x00000000e7300000, 0x00000000e7300000, 0x00000000e7400000|  0%| F|  |TAMS 0x00000000e7300000, 0x00000000e7300000| Untracked 
| 116|0x00000000e7400000, 0x00000000e7400000, 0x00000000e7500000|  0%| F|  |TAMS 0x00000000e7400000, 0x00000000e7400000| Untracked 
| 117|0x00000000e7500000, 0x00000000e7500000, 0x00000000e7600000|  0%| F|  |TAMS 0x00000000e7500000, 0x00000000e7500000| Untracked 
| 118|0x00000000e7600000, 0x00000000e7600000, 0x00000000e7700000|  0%| F|  |TAMS 0x00000000e7600000, 0x00000000e7600000| Untracked 
| 119|0x00000000e7700000, 0x00000000e7700000, 0x00000000e7800000|  0%| F|  |TAMS 0x00000000e7700000, 0x00000000e7700000| Untracked 
| 120|0x00000000e7800000, 0x00000000e7800000, 0x00000000e7900000|  0%| F|  |TAMS 0x00000000e7800000, 0x00000000e7800000| Untracked 
| 121|0x00000000e7900000, 0x00000000e7900000, 0x00000000e7a00000|  0%| F|  |TAMS 0x00000000e7900000, 0x00000000e7900000| Untracked 
| 122|0x00000000e7a00000, 0x00000000e7a00000, 0x00000000e7b00000|  0%| F|  |TAMS 0x00000000e7a00000, 0x00000000e7a00000| Untracked 
| 123|0x00000000e7b00000, 0x00000000e7b00000, 0x00000000e7c00000|  0%| F|  |TAMS 0x00000000e7b00000, 0x00000000e7b00000| Untracked 
| 124|0x00000000e7c00000, 0x00000000e7c00000, 0x00000000e7d00000|  0%| F|  |TAMS 0x00000000e7c00000, 0x00000000e7c00000| Untracked 
| 125|0x00000000e7d00000, 0x00000000e7d00000, 0x00000000e7e00000|  0%| F|  |TAMS 0x00000000e7d00000, 0x00000000e7d00000| Untracked 
| 126|0x00000000e7e00000, 0x00000000e7e00000, 0x00000000e7f00000|  0%| F|  |TAMS 0x00000000e7e00000, 0x00000000e7e00000| Untracked 
| 127|0x00000000e7f00000, 0x00000000e7f00000, 0x00000000e8000000|  0%| F|  |TAMS 0x00000000e7f00000, 0x00000000e7f00000| Untracked 
| 128|0x00000000e8000000, 0x00000000e8000000, 0x00000000e8100000|  0%| F|  |TAMS 0x00000000e8000000, 0x00000000e8000000| Untracked 
| 129|0x00000000e8100000, 0x00000000e8100000, 0x00000000e8200000|  0%| F|  |TAMS 0x00000000e8100000, 0x00000000e8100000| Untracked 
| 130|0x00000000e8200000, 0x00000000e8200000, 0x00000000e8300000|  0%| F|  |TAMS 0x00000000e8200000, 0x00000000e8200000| Untracked 
| 131|0x00000000e8300000, 0x00000000e8300000, 0x00000000e8400000|  0%| F|  |TAMS 0x00000000e8300000, 0x00000000e8300000| Untracked 
| 132|0x00000000e8400000, 0x00000000e8400000, 0x00000000e8500000|  0%| F|  |TAMS 0x00000000e8400000, 0x00000000e8400000| Untracked 
| 133|0x00000000e8500000, 0x00000000e8500000, 0x00000000e8600000|  0%| F|  |TAMS 0x00000000e8500000, 0x00000000e8500000| Untracked 
| 134|0x00000000e8600000, 0x00000000e8600000, 0x00000000e8700000|  0%| F|  |TAMS 0x00000000e8600000, 0x00000000e8600000| Untracked 
| 135|0x00000000e8700000, 0x00000000e8700000, 0x00000000e8800000|  0%| F|  |TAMS 0x00000000e8700000, 0x00000000e8700000| Untracked 
| 136|0x00000000e8800000, 0x00000000e8800000, 0x00000000e8900000|  0%| F|  |TAMS 0x00000000e8800000, 0x00000000e8800000| Untracked 
| 137|0x00000000e8900000, 0x00000000e8900000, 0x00000000e8a00000|  0%| F|  |TAMS 0x00000000e8900000, 0x00000000e8900000| Untracked 
| 138|0x00000000e8a00000, 0x00000000e8a00000, 0x00000000e8b00000|  0%| F|  |TAMS 0x00000000e8a00000, 0x00000000e8a00000| Untracked 
| 139|0x00000000e8b00000, 0x00000000e8b00000, 0x00000000e8c00000|  0%| F|  |TAMS 0x00000000e8b00000, 0x00000000e8b00000| Untracked 
| 140|0x00000000e8c00000, 0x00000000e8c00000, 0x00000000e8d00000|  0%| F|  |TAMS 0x00000000e8c00000, 0x00000000e8c00000| Untracked 
| 141|0x00000000e8d00000, 0x00000000e8d00000, 0x00000000e8e00000|  0%| F|  |TAMS 0x00000000e8d00000, 0x00000000e8d00000| Untracked 
| 142|0x00000000e8e00000, 0x00000000e8e00000, 0x00000000e8f00000|  0%| F|  |TAMS 0x00000000e8e00000, 0x00000000e8e00000| Untracked 
| 143|0x00000000e8f00000, 0x00000000e8f00000, 0x00000000e9000000|  0%| F|  |TAMS 0x00000000e8f00000, 0x00000000e8f00000| Untracked 
| 144|0x00000000e9000000, 0x00000000e9000000, 0x00000000e9100000|  0%| F|  |TAMS 0x00000000e9000000, 0x00000000e9000000| Untracked 
| 145|0x00000000e9100000, 0x00000000e9100000, 0x00000000e9200000|  0%| F|  |TAMS 0x00000000e9100000, 0x00000000e9100000| Untracked 
| 146|0x00000000e9200000, 0x00000000e9200000, 0x00000000e9300000|  0%| F|  |TAMS 0x00000000e9200000, 0x00000000e9200000| Untracked 
| 147|0x00000000e9300000, 0x00000000e9300000, 0x00000000e9400000|  0%| F|  |TAMS 0x00000000e9300000, 0x00000000e9300000| Untracked 
| 148|0x00000000e9400000, 0x00000000e9400000, 0x00000000e9500000|  0%| F|  |TAMS 0x00000000e9400000, 0x00000000e9400000| Untracked 
| 149|0x00000000e9500000, 0x00000000e9500000, 0x00000000e9600000|  0%| F|  |TAMS 0x00000000e9500000, 0x00000000e9500000| Untracked 
| 150|0x00000000e9600000, 0x00000000e9600000, 0x00000000e9700000|  0%| F|  |TAMS 0x00000000e9600000, 0x00000000e9600000| Untracked 
| 151|0x00000000e9700000, 0x00000000e9700000, 0x00000000e9800000|  0%| F|  |TAMS 0x00000000e9700000, 0x00000000e9700000| Untracked 
| 152|0x00000000e9800000, 0x00000000e9800000, 0x00000000e9900000|  0%| F|  |TAMS 0x00000000e9800000, 0x00000000e9800000| Untracked 
| 153|0x00000000e9900000, 0x00000000e9900000, 0x00000000e9a00000|  0%| F|  |TAMS 0x00000000e9900000, 0x00000000e9900000| Untracked 
| 154|0x00000000e9a00000, 0x00000000e9a00000, 0x00000000e9b00000|  0%| F|  |TAMS 0x00000000e9a00000, 0x00000000e9a00000| Untracked 
| 155|0x00000000e9b00000, 0x00000000e9b00000, 0x00000000e9c00000|  0%| F|  |TAMS 0x00000000e9b00000, 0x00000000e9b00000| Untracked 
| 156|0x00000000e9c00000, 0x00000000e9c00000, 0x00000000e9d00000|  0%| F|  |TAMS 0x00000000e9c00000, 0x00000000e9c00000| Untracked 
| 157|0x00000000e9d00000, 0x00000000e9d00000, 0x00000000e9e00000|  0%| F|  |TAMS 0x00000000e9d00000, 0x00000000e9d00000| Untracked 
| 158|0x00000000e9e00000, 0x00000000e9e00000, 0x00000000e9f00000|  0%| F|  |TAMS 0x00000000e9e00000, 0x00000000e9e00000| Untracked 
| 159|0x00000000e9f00000, 0x00000000e9f00000, 0x00000000ea000000|  0%| F|  |TAMS 0x00000000e9f00000, 0x00000000e9f00000| Untracked 
| 160|0x00000000ea000000, 0x00000000ea000000, 0x00000000ea100000|  0%| F|  |TAMS 0x00000000ea000000, 0x00000000ea000000| Untracked 
| 161|0x00000000ea100000, 0x00000000ea100000, 0x00000000ea200000|  0%| F|  |TAMS 0x00000000ea100000, 0x00000000ea100000| Untracked 
| 162|0x00000000ea200000, 0x00000000ea200000, 0x00000000ea300000|  0%| F|  |TAMS 0x00000000ea200000, 0x00000000ea200000| Untracked 
| 163|0x00000000ea300000, 0x00000000ea300000, 0x00000000ea400000|  0%| F|  |TAMS 0x00000000ea300000, 0x00000000ea300000| Untracked 
| 164|0x00000000ea400000, 0x00000000ea400000, 0x00000000ea500000|  0%| F|  |TAMS 0x00000000ea400000, 0x00000000ea400000| Untracked 
| 165|0x00000000ea500000, 0x00000000ea500000, 0x00000000ea600000|  0%| F|  |TAMS 0x00000000ea500000, 0x00000000ea500000| Untracked 
| 166|0x00000000ea600000, 0x00000000ea600000, 0x00000000ea700000|  0%| F|  |TAMS 0x00000000ea600000, 0x00000000ea600000| Untracked 
| 167|0x00000000ea700000, 0x00000000ea700000, 0x00000000ea800000|  0%| F|  |TAMS 0x00000000ea700000, 0x00000000ea700000| Untracked 
| 168|0x00000000ea800000, 0x00000000ea800000, 0x00000000ea900000|  0%| F|  |TAMS 0x00000000ea800000, 0x00000000ea800000| Untracked 
| 169|0x00000000ea900000, 0x00000000ea900000, 0x00000000eaa00000|  0%| F|  |TAMS 0x00000000ea900000, 0x00000000ea900000| Untracked 
| 170|0x00000000eaa00000, 0x00000000eaa00000, 0x00000000eab00000|  0%| F|  |TAMS 0x00000000eaa00000, 0x00000000eaa00000| Untracked 
| 171|0x00000000eab00000, 0x00000000eab00000, 0x00000000eac00000|  0%| F|  |TAMS 0x00000000eab00000, 0x00000000eab00000| Untracked 
| 172|0x00000000eac00000, 0x00000000eac00000, 0x00000000ead00000|  0%| F|  |TAMS 0x00000000eac00000, 0x00000000eac00000| Untracked 
| 173|0x00000000ead00000, 0x00000000ead00000, 0x00000000eae00000|  0%| F|  |TAMS 0x00000000ead00000, 0x00000000ead00000| Untracked 
| 174|0x00000000eae00000, 0x00000000eae00000, 0x00000000eaf00000|  0%| F|  |TAMS 0x00000000eae00000, 0x00000000eae00000| Untracked 
| 175|0x00000000eaf00000, 0x00000000eaf00000, 0x00000000eb000000|  0%| F|  |TAMS 0x00000000eaf00000, 0x00000000eaf00000| Untracked 
| 176|0x00000000eb000000, 0x00000000eb000000, 0x00000000eb100000|  0%| F|  |TAMS 0x00000000eb000000, 0x00000000eb000000| Untracked 
| 177|0x00000000eb100000, 0x00000000eb100000, 0x00000000eb200000|  0%| F|  |TAMS 0x00000000eb100000, 0x00000000eb100000| Untracked 
| 178|0x00000000eb200000, 0x00000000eb200000, 0x00000000eb300000|  0%| F|  |TAMS 0x00000000eb200000, 0x00000000eb200000| Untracked 
| 179|0x00000000eb300000, 0x00000000eb300000, 0x00000000eb400000|  0%| F|  |TAMS 0x00000000eb300000, 0x00000000eb300000| Untracked 
| 180|0x00000000eb400000, 0x00000000eb400000, 0x00000000eb500000|  0%| F|  |TAMS 0x00000000eb400000, 0x00000000eb400000| Untracked 
| 181|0x00000000eb500000, 0x00000000eb500000, 0x00000000eb600000|  0%| F|  |TAMS 0x00000000eb500000, 0x00000000eb500000| Untracked 
| 182|0x00000000eb600000, 0x00000000eb600000, 0x00000000eb700000|  0%| F|  |TAMS 0x00000000eb600000, 0x00000000eb600000| Untracked 
| 183|0x00000000eb700000, 0x00000000eb700000, 0x00000000eb800000|  0%| F|  |TAMS 0x00000000eb700000, 0x00000000eb700000| Untracked 
| 184|0x00000000eb800000, 0x00000000eb800000, 0x00000000eb900000|  0%| F|  |TAMS 0x00000000eb800000, 0x00000000eb800000| Untracked 
| 185|0x00000000eb900000, 0x00000000eb900000, 0x00000000eba00000|  0%| F|  |TAMS 0x00000000eb900000, 0x00000000eb900000| Untracked 
| 186|0x00000000eba00000, 0x00000000eba00000, 0x00000000ebb00000|  0%| F|  |TAMS 0x00000000eba00000, 0x00000000eba00000| Untracked 
| 187|0x00000000ebb00000, 0x00000000ebb00000, 0x00000000ebc00000|  0%| F|  |TAMS 0x00000000ebb00000, 0x00000000ebb00000| Untracked 
| 188|0x00000000ebc00000, 0x00000000ebc00000, 0x00000000ebd00000|  0%| F|  |TAMS 0x00000000ebc00000, 0x00000000ebc00000| Untracked 
| 189|0x00000000ebd00000, 0x00000000ebd00000, 0x00000000ebe00000|  0%| F|  |TAMS 0x00000000ebd00000, 0x00000000ebd00000| Untracked 
| 190|0x00000000ebe00000, 0x00000000ebe00000, 0x00000000ebf00000|  0%| F|  |TAMS 0x00000000ebe00000, 0x00000000ebe00000| Untracked 
| 191|0x00000000ebf00000, 0x00000000ebf00000, 0x00000000ec000000|  0%| F|  |TAMS 0x00000000ebf00000, 0x00000000ebf00000| Untracked 
| 192|0x00000000ec000000, 0x00000000ec000000, 0x00000000ec100000|  0%| F|  |TAMS 0x00000000ec000000, 0x00000000ec000000| Untracked 
| 193|0x00000000ec100000, 0x00000000ec100000, 0x00000000ec200000|  0%| F|  |TAMS 0x00000000ec100000, 0x00000000ec100000| Untracked 
| 194|0x00000000ec200000, 0x00000000ec200000, 0x00000000ec300000|  0%| F|  |TAMS 0x00000000ec200000, 0x00000000ec200000| Untracked 
| 195|0x00000000ec300000, 0x00000000ec300000, 0x00000000ec400000|  0%| F|  |TAMS 0x00000000ec300000, 0x00000000ec300000| Untracked 
| 196|0x00000000ec400000, 0x00000000ec400000, 0x00000000ec500000|  0%| F|  |TAMS 0x00000000ec400000, 0x00000000ec400000| Untracked 
| 197|0x00000000ec500000, 0x00000000ec500000, 0x00000000ec600000|  0%| F|  |TAMS 0x00000000ec500000, 0x00000000ec500000| Untracked 
| 198|0x00000000ec600000, 0x00000000ec600000, 0x00000000ec700000|  0%| F|  |TAMS 0x00000000ec600000, 0x00000000ec600000| Untracked 
| 199|0x00000000ec700000, 0x00000000ec700000, 0x00000000ec800000|  0%| F|  |TAMS 0x00000000ec700000, 0x00000000ec700000| Untracked 
| 200|0x00000000ec800000, 0x00000000ec800000, 0x00000000ec900000|  0%| F|  |TAMS 0x00000000ec800000, 0x00000000ec800000| Untracked 
| 201|0x00000000ec900000, 0x00000000ec900000, 0x00000000eca00000|  0%| F|  |TAMS 0x00000000ec900000, 0x00000000ec900000| Untracked 
| 202|0x00000000eca00000, 0x00000000eca00000, 0x00000000ecb00000|  0%| F|  |TAMS 0x00000000eca00000, 0x00000000eca00000| Untracked 
| 203|0x00000000ecb00000, 0x00000000ecb00000, 0x00000000ecc00000|  0%| F|  |TAMS 0x00000000ecb00000, 0x00000000ecb00000| Untracked 
| 204|0x00000000ecc00000, 0x00000000ecc00000, 0x00000000ecd00000|  0%| F|  |TAMS 0x00000000ecc00000, 0x00000000ecc00000| Untracked 
| 205|0x00000000ecd00000, 0x00000000ecd00000, 0x00000000ece00000|  0%| F|  |TAMS 0x00000000ecd00000, 0x00000000ecd00000| Untracked 
| 206|0x00000000ece00000, 0x00000000ece00000, 0x00000000ecf00000|  0%| F|  |TAMS 0x00000000ece00000, 0x00000000ece00000| Untracked 
| 207|0x00000000ecf00000, 0x00000000ecf00000, 0x00000000ed000000|  0%| F|  |TAMS 0x00000000ecf00000, 0x00000000ecf00000| Untracked 
| 208|0x00000000ed000000, 0x00000000ed000000, 0x00000000ed100000|  0%| F|  |TAMS 0x00000000ed000000, 0x00000000ed000000| Untracked 
| 209|0x00000000ed100000, 0x00000000ed100000, 0x00000000ed200000|  0%| F|  |TAMS 0x00000000ed100000, 0x00000000ed100000| Untracked 
| 210|0x00000000ed200000, 0x00000000ed200000, 0x00000000ed300000|  0%| F|  |TAMS 0x00000000ed200000, 0x00000000ed200000| Untracked 
| 211|0x00000000ed300000, 0x00000000ed300000, 0x00000000ed400000|  0%| F|  |TAMS 0x00000000ed300000, 0x00000000ed300000| Untracked 
| 212|0x00000000ed400000, 0x00000000ed400000, 0x00000000ed500000|  0%| F|  |TAMS 0x00000000ed400000, 0x00000000ed400000| Untracked 
| 213|0x00000000ed500000, 0x00000000ed500000, 0x00000000ed600000|  0%| F|  |TAMS 0x00000000ed500000, 0x00000000ed500000| Untracked 
| 214|0x00000000ed600000, 0x00000000ed600000, 0x00000000ed700000|  0%| F|  |TAMS 0x00000000ed600000, 0x00000000ed600000| Untracked 
| 215|0x00000000ed700000, 0x00000000ed700000, 0x00000000ed800000|  0%| F|  |TAMS 0x00000000ed700000, 0x00000000ed700000| Untracked 
| 216|0x00000000ed800000, 0x00000000ed800000, 0x00000000ed900000|  0%| F|  |TAMS 0x00000000ed800000, 0x00000000ed800000| Untracked 
| 217|0x00000000ed900000, 0x00000000ed900000, 0x00000000eda00000|  0%| F|  |TAMS 0x00000000ed900000, 0x00000000ed900000| Untracked 
| 218|0x00000000eda00000, 0x00000000eda00000, 0x00000000edb00000|  0%| F|  |TAMS 0x00000000eda00000, 0x00000000eda00000| Untracked 
| 219|0x00000000edb00000, 0x00000000edb00000, 0x00000000edc00000|  0%| F|  |TAMS 0x00000000edb00000, 0x00000000edb00000| Untracked 
| 220|0x00000000edc00000, 0x00000000edc00000, 0x00000000edd00000|  0%| F|  |TAMS 0x00000000edc00000, 0x00000000edc00000| Untracked 
| 221|0x00000000edd00000, 0x00000000edd00000, 0x00000000ede00000|  0%| F|  |TAMS 0x00000000edd00000, 0x00000000edd00000| Untracked 
| 222|0x00000000ede00000, 0x00000000ede00000, 0x00000000edf00000|  0%| F|  |TAMS 0x00000000ede00000, 0x00000000ede00000| Untracked 
| 223|0x00000000edf00000, 0x00000000edf00000, 0x00000000ee000000|  0%| F|  |TAMS 0x00000000edf00000, 0x00000000edf00000| Untracked 
| 224|0x00000000ee000000, 0x00000000ee000000, 0x00000000ee100000|  0%| F|  |TAMS 0x00000000ee000000, 0x00000000ee000000| Untracked 
| 225|0x00000000ee100000, 0x00000000ee100000, 0x00000000ee200000|  0%| F|  |TAMS 0x00000000ee100000, 0x00000000ee100000| Untracked 
| 226|0x00000000ee200000, 0x00000000ee200000, 0x00000000ee300000|  0%| F|  |TAMS 0x00000000ee200000, 0x00000000ee200000| Untracked 
| 227|0x00000000ee300000, 0x00000000ee300000, 0x00000000ee400000|  0%| F|  |TAMS 0x00000000ee300000, 0x00000000ee300000| Untracked 
| 228|0x00000000ee400000, 0x00000000ee400000, 0x00000000ee500000|  0%| F|  |TAMS 0x00000000ee400000, 0x00000000ee400000| Untracked 
| 229|0x00000000ee500000, 0x00000000ee5ae580, 0x00000000ee600000| 68%| S|CS|TAMS 0x00000000ee500000, 0x00000000ee500000| Complete 
| 230|0x00000000ee600000, 0x00000000ee700000, 0x00000000ee700000|100%| S|CS|TAMS 0x00000000ee600000, 0x00000000ee600000| Complete 
| 231|0x00000000ee700000, 0x00000000ee800000, 0x00000000ee800000|100%| S|CS|TAMS 0x00000000ee700000, 0x00000000ee700000| Complete 
| 232|0x00000000ee800000, 0x00000000ee84c058, 0x00000000ee900000| 29%| E|  |TAMS 0x00000000ee800000, 0x00000000ee800000| Complete 
| 233|0x00000000ee900000, 0x00000000eea00000, 0x00000000eea00000|100%| E|CS|TAMS 0x00000000ee900000, 0x00000000ee900000| Complete 
| 234|0x00000000eea00000, 0x00000000eeb00000, 0x00000000eeb00000|100%| E|CS|TAMS 0x00000000eea00000, 0x00000000eea00000| Complete 
| 235|0x00000000eeb00000, 0x00000000eec00000, 0x00000000eec00000|100%| E|CS|TAMS 0x00000000eeb00000, 0x00000000eeb00000| Complete 
| 236|0x00000000eec00000, 0x00000000eed00000, 0x00000000eed00000|100%| E|CS|TAMS 0x00000000eec00000, 0x00000000eec00000| Complete 
| 237|0x00000000eed00000, 0x00000000eee00000, 0x00000000eee00000|100%| E|CS|TAMS 0x00000000eed00000, 0x00000000eed00000| Complete 
| 238|0x00000000eee00000, 0x00000000eef00000, 0x00000000eef00000|100%| E|CS|TAMS 0x00000000eee00000, 0x00000000eee00000| Complete 
| 239|0x00000000eef00000, 0x00000000ef000000, 0x00000000ef000000|100%| E|CS|TAMS 0x00000000eef00000, 0x00000000eef00000| Complete 
| 240|0x00000000ef000000, 0x00000000ef100000, 0x00000000ef100000|100%| E|  |TAMS 0x00000000ef000000, 0x00000000ef000000| Complete 
| 241|0x00000000ef100000, 0x00000000ef200000, 0x00000000ef200000|100%| E|CS|TAMS 0x00000000ef100000, 0x00000000ef100000| Complete 
| 242|0x00000000ef200000, 0x00000000ef300000, 0x00000000ef300000|100%| E|CS|TAMS 0x00000000ef200000, 0x00000000ef200000| Complete 
| 243|0x00000000ef300000, 0x00000000ef400000, 0x00000000ef400000|100%| E|CS|TAMS 0x00000000ef300000, 0x00000000ef300000| Complete 
| 244|0x00000000ef400000, 0x00000000ef500000, 0x00000000ef500000|100%| E|CS|TAMS 0x00000000ef400000, 0x00000000ef400000| Complete 
| 245|0x00000000ef500000, 0x00000000ef600000, 0x00000000ef600000|100%| E|CS|TAMS 0x00000000ef500000, 0x00000000ef500000| Complete 
| 246|0x00000000ef600000, 0x00000000ef700000, 0x00000000ef700000|100%| E|CS|TAMS 0x00000000ef600000, 0x00000000ef600000| Complete 
| 247|0x00000000ef700000, 0x00000000ef800000, 0x00000000ef800000|100%| E|CS|TAMS 0x00000000ef700000, 0x00000000ef700000| Complete 
| 248|0x00000000ef800000, 0x00000000ef900000, 0x00000000ef900000|100%| E|CS|TAMS 0x00000000ef800000, 0x00000000ef800000| Complete 
| 249|0x00000000ef900000, 0x00000000efa00000, 0x00000000efa00000|100%| E|CS|TAMS 0x00000000ef900000, 0x00000000ef900000| Complete 
| 250|0x00000000efa00000, 0x00000000efb00000, 0x00000000efb00000|100%| E|CS|TAMS 0x00000000efa00000, 0x00000000efa00000| Complete 
| 251|0x00000000efb00000, 0x00000000efc00000, 0x00000000efc00000|100%| E|CS|TAMS 0x00000000efb00000, 0x00000000efb00000| Complete 
| 252|0x00000000efc00000, 0x00000000efd00000, 0x00000000efd00000|100%| E|CS|TAMS 0x00000000efc00000, 0x00000000efc00000| Complete 
| 253|0x00000000efd00000, 0x00000000efe00000, 0x00000000efe00000|100%| E|CS|TAMS 0x00000000efd00000, 0x00000000efd00000| Complete 
| 254|0x00000000efe00000, 0x00000000eff00000, 0x00000000eff00000|100%| E|CS|TAMS 0x00000000efe00000, 0x00000000efe00000| Complete 
| 255|0x00000000eff00000, 0x00000000f0000000, 0x00000000f0000000|100%| E|CS|TAMS 0x00000000eff00000, 0x00000000eff00000| Complete 

Card table byte_map: [0x000000001a100000,0x000000001a200000] _byte_map_base: 0x0000000019a00000

Marking Bits (Prev, Next): (CMBitMap*) 0x000000000035acb0, (CMBitMap*) 0x000000000035acf0
 Prev Bits: [0x000000001a300000, 0x000000001ab00000)
 Next Bits: [0x000000001ab00000, 0x000000001b300000)

Polling page: 0x0000000000240000

Metaspace:

Usage:
  Non-class:     34.80 MB capacity,    34.16 MB ( 98%) used,   594.71 KB (  2%) free+waste,    63.00 KB ( <1%) overhead. 
      Class:      5.65 MB capacity,     5.42 MB ( 96%) used,   210.38 KB (  4%) free+waste,    27.06 KB ( <1%) overhead. 
       Both:     40.45 MB capacity,    39.58 MB ( 98%) used,   805.09 KB (  2%) free+waste,    90.06 KB ( <1%) overhead. 

Virtual space:
  Non-class space:       36.00 MB reserved,      34.92 MB ( 97%) committed 
      Class space:      248.00 MB reserved,       5.75 MB (  2%) committed 
             Both:      284.00 MB reserved,      40.67 MB ( 14%) committed 

Chunk freelists:
   Non-Class:  3.00 KB
       Class:  4.00 KB
        Both:  7.00 KB

MaxMetaspaceSize: 256.00 MB
CompressedClassSpaceSize: 248.00 MB

CodeHeap 'non-profiled nmethods': size=120000Kb used=2695Kb max_used=2695Kb free=117304Kb
 bounds [0x00000000127a0000, 0x0000000012a50000, 0x0000000019cd0000]
CodeHeap 'profiled nmethods': size=120000Kb used=9289Kb max_used=9289Kb free=110710Kb
 bounds [0x000000000b270000, 0x000000000bb90000, 0x00000000127a0000]
CodeHeap 'non-nmethods': size=5760Kb used=2315Kb max_used=2356Kb free=3444Kb
 bounds [0x000000000acd0000, 0x000000000af40000, 0x000000000b270000]
 total_blobs=5250 nmethods=4458 adapters=704
 compilation: enabled
              stopped_count=0, restarted_count=0
 full_count=0

Compilation events (20 events):
Event: 76.698 Thread 0x000000001e9e9260 nmethod 4469 0x000000000bb7f610 code [0x000000000bb7f800, 0x000000000bb7ffe8]
Event: 77.915 Thread 0x000000001e9e9260 4470       1       java.lang.management.MemoryUsage::getUsed (5 bytes)
Event: 77.915 Thread 0x000000001e9e9260 nmethod 4470 0x0000000012a41190 code [0x0000000012a41320, 0x0000000012a413d8]
Event: 78.619 Thread 0x000000001e9e80e0 4471       4       java.util.concurrent.TimeUnit::toNanos (45 bytes)
Event: 78.754 Thread 0x000000001e9e80e0 nmethod 4471 0x0000000012a41490 code [0x0000000012a41600, 0x0000000012a416d8]
Event: 79.151 Thread 0x000000001e9e9260 4472       3       java.util.Optional::of (12 bytes)
Event: 79.152 Thread 0x000000001e9e9260 nmethod 4472 0x000000000bb80210 code [0x000000000bb803e0, 0x000000000bb807a8]
Event: 80.246 Thread 0x000000001e9e9260 4473       3       java.util.RegularEnumSet::contains (57 bytes)
Event: 80.475 Thread 0x000000001e9e9260 nmethod 4473 0x000000000bb80910 code [0x000000000bb80ae0, 0x000000000bb80ee8]
Event: 81.033 Thread 0x000000001e9e80e0 4474       4       java.util.concurrent.locks.AbstractQueuedSynchronizer$Node::getAndUnsetStatus (14 bytes)
Event: 81.036 Thread 0x000000001e9e80e0 nmethod 4474 0x0000000012a41790 code [0x0000000012a41900, 0x0000000012a41998]
Event: 82.434 Thread 0x000000001e9e9260 4476       3       org.gradle.internal.io.StreamByteBuffer::allocateSpace (73 bytes)
Event: 83.466 Thread 0x000000001e9e9260 nmethod 4476 0x000000000bb81010 code [0x000000000bb81220, 0x000000000bb81988]
Event: 83.575 Thread 0x000000001e9e9260 4477       3       org.gradle.internal.serialize.InputStreamBackedDecoder::readBoolean (8 bytes)
Event: 83.991 Thread 0x000000001e9e9260 nmethod 4477 0x000000000bb81c90 code [0x000000000bb81e60, 0x000000000bb821f8]
Event: 84.107 Thread 0x000000001e9e80e0 4479       4       java.util.concurrent.locks.AbstractQueuedSynchronizer$Node::clearStatus (12 bytes)
Event: 84.123 Thread 0x000000001e9e80e0 nmethod 4479 0x0000000012a41a90 code [0x0000000012a41c00, 0x0000000012a41c58]
Event: 84.123 Thread 0x000000001e9e80e0 4480   !   4       java.util.concurrent.locks.AbstractQueuedSynchronizer::acquire (407 bytes)
Event: 84.138 Thread 0x000000001e9e9260 4481       3       java.util.HashMap$HashMapSpliterator::<init> (32 bytes)
Event: 84.273 Thread 0x000000001e9e9260 nmethod 4481 0x000000000bb82390 code [0x000000000bb82520, 0x000000000bb826d8]

GC Heap History (16 events):
Event: 1.334 GC heap before
{Heap before GC invocations=0 (full 0):
 garbage-first heap   total 262144K, used 18432K [0x00000000e0000000, 0x0000000100000000)
  region size 1024K, 13 young (13312K), 0 survivors (0K)
 Metaspace       used 1708K, capacity 5241K, committed 5504K, reserved 262144K
  class space    used 172K, capacity 531K, committed 640K, reserved 253952K
}
Event: 1.346 GC heap after
{Heap after GC invocations=1 (full 0):
 garbage-first heap   total 262144K, used 7849K [0x00000000e0000000, 0x0000000100000000)
  region size 1024K, 2 young (2048K), 2 survivors (2048K)
 Metaspace       used 1708K, capacity 5241K, committed 5504K, reserved 262144K
  class space    used 172K, capacity 531K, committed 640K, reserved 253952K
}
Event: 2.234 GC heap before
{Heap before GC invocations=1 (full 0):
 garbage-first heap   total 262144K, used 20137K [0x00000000e0000000, 0x0000000100000000)
  region size 1024K, 14 young (14336K), 2 survivors (2048K)
 Metaspace       used 3942K, capacity 6543K, committed 6656K, reserved 262144K
  class space    used 488K, capacity 729K, committed 768K, reserved 253952K
}
Event: 2.238 GC heap after
{Heap after GC invocations=2 (full 0):
 garbage-first heap   total 262144K, used 8957K [0x00000000e0000000, 0x0000000100000000)
  region size 1024K, 1 young (1024K), 1 survivors (1024K)
 Metaspace       used 3942K, capacity 6543K, committed 6656K, reserved 262144K
  class space    used 488K, capacity 729K, committed 768K, reserved 253952K
}
Event: 3.137 GC heap before
{Heap before GC invocations=2 (full 0):
 garbage-first heap   total 262144K, used 31485K [0x00000000e0000000, 0x0000000100000000)
  region size 1024K, 24 young (24576K), 1 survivors (1024K)
 Metaspace       used 4089K, capacity 6607K, committed 6656K, reserved 262144K
  class space    used 491K, capacity 729K, committed 768K, reserved 253952K
}
Event: 3.141 GC heap after
{Heap after GC invocations=3 (full 0):
 garbage-first heap   total 262144K, used 12513K [0x00000000e0000000, 0x0000000100000000)
  region size 1024K, 3 young (3072K), 3 survivors (3072K)
 Metaspace       used 4089K, capacity 6607K, committed 6656K, reserved 262144K
  class space    used 491K, capacity 729K, committed 768K, reserved 253952K
}
Event: 17.028 GC heap before
{Heap before GC invocations=3 (full 0):
 garbage-first heap   total 262144K, used 103649K [0x00000000e0000000, 0x0000000100000000)
  region size 1024K, 93 young (95232K), 3 survivors (3072K)
 Metaspace       used 20655K, capacity 21155K, committed 21296K, reserved 272384K
  class space    used 2954K, capacity 3109K, committed 3200K, reserved 253952K
}
Event: 17.227 GC heap after
{Heap after GC invocations=4 (full 0):
 garbage-first heap   total 262144K, used 19029K [0x00000000e0000000, 0x0000000100000000)
  region size 1024K, 10 young (10240K), 10 survivors (10240K)
 Metaspace       used 20655K, capacity 21155K, committed 21296K, reserved 272384K
  class space    used 2954K, capacity 3109K, committed 3200K, reserved 253952K
}
Event: 39.854 GC heap before
{Heap before GC invocations=5 (full 0):
 garbage-first heap   total 262144K, used 98901K [0x00000000e0000000, 0x0000000100000000)
  region size 1024K, 86 young (88064K), 10 survivors (10240K)
 Metaspace       used 35121K, capacity 35776K, committed 35888K, reserved 286720K
  class space    used 4700K, capacity 4915K, committed 4992K, reserved 253952K
}
Event: 40.952 GC heap after
{Heap after GC invocations=6 (full 0):
 garbage-first heap   total 262144K, used 25752K [0x00000000e0000000, 0x0000000100000000)
  region size 1024K, 7 young (7168K), 7 survivors (7168K)
 Metaspace       used 35121K, capacity 35776K, committed 35888K, reserved 286720K
  class space    used 4700K, capacity 4915K, committed 4992K, reserved 253952K
}
Event: 42.872 GC heap before
{Heap before GC invocations=7 (full 0):
 garbage-first heap   total 262144K, used 30872K [0x00000000e0000000, 0x0000000100000000)
  region size 1024K, 12 young (12288K), 7 survivors (7168K)
 Metaspace       used 35924K, capacity 36624K, committed 36784K, reserved 286720K
  class space    used 4821K, capacity 5024K, committed 5120K, reserved 253952K
}
Event: 43.001 GC heap after
{Heap after GC invocations=8 (full 0):
 garbage-first heap   total 262144K, used 26973K [0x00000000e0000000, 0x0000000100000000)
  region size 1024K, 2 young (2048K), 2 survivors (2048K)
 Metaspace       used 35924K, capacity 36624K, committed 36784K, reserved 286720K
  class space    used 4821K, capacity 5024K, committed 5120K, reserved 253952K
}
Event: 44.340 GC heap before
{Heap before GC invocations=8 (full 0):
 garbage-first heap   total 262144K, used 39261K [0x00000000e0000000, 0x0000000100000000)
  region size 1024K, 14 young (14336K), 2 survivors (2048K)
 Metaspace       used 36446K, capacity 37176K, committed 37296K, reserved 286720K
  class space    used 4897K, capacity 5097K, committed 5120K, reserved 253952K
}
Event: 44.438 GC heap after
{Heap after GC invocations=9 (full 0):
 garbage-first heap   total 262144K, used 28563K [0x00000000e0000000, 0x0000000100000000)
  region size 1024K, 2 young (2048K), 2 survivors (2048K)
 Metaspace       used 36446K, capacity 37176K, committed 37296K, reserved 286720K
  class space    used 4897K, capacity 5097K, committed 5120K, reserved 253952K
}
Event: 45.352 GC heap before
{Heap before GC invocations=9 (full 0):
 garbage-first heap   total 262144K, used 51091K [0x00000000e0000000, 0x0000000100000000)
  region size 1024K, 24 young (24576K), 2 survivors (2048K)
 Metaspace       used 37343K, capacity 38079K, committed 38192K, reserved 288768K
  class space    used 5021K, capacity 5205K, committed 5248K, reserved 253952K
}
Event: 45.585 GC heap after
{Heap after GC invocations=10 (full 0):
 garbage-first heap   total 262144K, used 31417K [0x00000000e0000000, 0x0000000100000000)
  region size 1024K, 3 young (3072K), 3 survivors (3072K)
 Metaspace       used 37343K, capacity 38079K, committed 38192K, reserved 288768K
  class space    used 5021K, capacity 5205K, committed 5248K, reserved 253952K
}

Deoptimization events (20 events):
Event: 60.188 Thread 0x000000002054b210 Uncommon trap: trap_request=0xffffff45 fr.pc=0x0000000012a20a8c relative=0x0000000000000b6c
Event: 60.188 Thread 0x000000002054b210 Uncommon trap: reason=unstable_if action=reinterpret pc=0x0000000012a20a8c method=java.lang.ClassLoader.loadClass(Ljava/lang/String;Z)Ljava/lang/Class; @ 29 c2
Event: 60.188 Thread 0x000000002054b210 DEOPT PACKING pc=0x0000000012a20a8c sp=0x00000000239d42a0
Event: 60.188 Thread 0x000000002054b210 DEOPT UNPACKING pc=0x000000000ad1e42f sp=0x00000000239d4268 mode 2
Event: 61.683 Thread 0x000000002203dc20 Uncommon trap: trap_request=0xffffffde fr.pc=0x0000000012924dac relative=0x00000000000009ac
Event: 61.683 Thread 0x000000002203dc20 Uncommon trap: reason=class_check action=maybe_recompile pc=0x0000000012924dac method=java.io.BufferedInputStream.read1([BII)I @ 39 c2
Event: 61.683 Thread 0x000000002203dc20 DEOPT PACKING pc=0x0000000012924dac sp=0x0000000029a1ebc0
Event: 61.685 Thread 0x000000002203dc20 DEOPT UNPACKING pc=0x000000000ad1e42f sp=0x0000000029a1ead8 mode 2
Event: 68.307 Thread 0x000000002203e5c0 Uncommon trap: trap_request=0xffffffde fr.pc=0x0000000012924dac relative=0x00000000000009ac
Event: 68.307 Thread 0x000000002203e5c0 Uncommon trap: reason=class_check action=maybe_recompile pc=0x0000000012924dac method=java.io.BufferedInputStream.read1([BII)I @ 39 c2
Event: 68.307 Thread 0x000000002203e5c0 DEOPT PACKING pc=0x0000000012924dac sp=0x0000000029d9ed20
Event: 68.309 Thread 0x000000002203e5c0 DEOPT UNPACKING pc=0x000000000ad1e42f sp=0x0000000029d9ec38 mode 2
Event: 69.746 Thread 0x000000002203e5c0 Uncommon trap: trap_request=0xffffff45 fr.pc=0x00000000127f39e4 relative=0x00000000000003c4
Event: 69.746 Thread 0x000000002203e5c0 Uncommon trap: reason=unstable_if action=reinterpret pc=0x00000000127f39e4 method=java.lang.StringUTF16.compress([CII)[B @ 13 c2
Event: 69.746 Thread 0x000000002203e5c0 DEOPT PACKING pc=0x00000000127f39e4 sp=0x0000000029d9e900
Event: 69.746 Thread 0x000000002203e5c0 DEOPT UNPACKING pc=0x000000000ad1e42f sp=0x0000000029d9e840 mode 2
Event: 69.768 Thread 0x000000002203e5c0 Uncommon trap: trap_request=0xffffffde fr.pc=0x0000000012924dac relative=0x00000000000009ac
Event: 69.768 Thread 0x000000002203e5c0 Uncommon trap: reason=class_check action=maybe_recompile pc=0x0000000012924dac method=java.io.BufferedInputStream.read1([BII)I @ 39 c2
Event: 69.768 Thread 0x000000002203e5c0 DEOPT PACKING pc=0x0000000012924dac sp=0x0000000029d9ed20
Event: 69.768 Thread 0x000000002203e5c0 DEOPT UNPACKING pc=0x000000000ad1e42f sp=0x0000000029d9ec38 mode 2

Classes unloaded (0 events):
No events

Classes redefined (0 events):
No events

Internal exceptions (20 events):
Event: 59.967 Thread 0x00000000208287a0 Exception <a 'java/lang/NoSuchMethodError'{0x00000000eedfb0f0}: static Lorg/gradle/internal/build/event/types/AbstractTaskResult;.<clinit>()V> (0x00000000eedfb0f0) 
thrown [./open/src/hotspot/share/prims/jni.cpp, line 1204]
Event: 59.967 Thread 0x00000000208287a0 Exception <a 'java/lang/NoSuchMethodError'{0x00000000eedfc6d0}: static Lorg/gradle/internal/build/event/types/AbstractResult;.<clinit>()V> (0x00000000eedfc6d0) 
thrown [./open/src/hotspot/share/prims/jni.cpp, line 1204]
Event: 60.026 Thread 0x00000000208287a0 Exception <a 'java/lang/NoSuchMethodError'{0x00000000eec36078}: static Lorg/gradle/internal/build/event/types/DefaultTaskSkippedResult;.<clinit>()V> (0x00000000eec36078) 
thrown [./open/src/hotspot/share/prims/jni.cpp, line 1204]
Event: 60.076 Thread 0x000000002054b210 Exception <a 'java/lang/ClassNotFoundException'{0x00000000eeca5b18}: org/gradle/api/internal/file/collections/DefaultConfigurableFileCollectionBeanInfo> (0x00000000eeca5b18) 
thrown [./open/src/hotspot/share/classfile/systemDictionary.cpp, line 295]
Event: 60.077 Thread 0x000000002054b210 Exception <a 'java/lang/ClassNotFoundException'{0x00000000eecad958}: org/gradle/api/internal/file/CompositeFileCollectionBeanInfo> (0x00000000eecad958) 
thrown [./open/src/hotspot/share/classfile/systemDictionary.cpp, line 295]
Event: 60.079 Thread 0x000000002054b210 Exception <a 'java/lang/ClassNotFoundException'{0x00000000eecb5788}: org/gradle/api/internal/file/AbstractFileCollectionBeanInfo> (0x00000000eecb5788) 
thrown [./open/src/hotspot/share/classfile/systemDictionary.cpp, line 295]
Event: 60.080 Thread 0x000000002054b210 Exception <a 'java/lang/ClassNotFoundException'{0x00000000eecbd808}: org/gradle/api/internal/file/AbstractFileCollectionCustomizer> (0x00000000eecbd808) 
thrown [./open/src/hotspot/share/classfile/systemDictionary.cpp, line 295]
Event: 60.085 Thread 0x000000002054b210 Exception <a 'java/lang/ClassNotFoundException'{0x00000000eecd7878}: org/gradle/api/internal/file/CompositeFileCollectionCustomizer> (0x00000000eecd7878) 
thrown [./open/src/hotspot/share/classfile/systemDictionary.cpp, line 295]
Event: 60.088 Thread 0x000000002054b210 Exception <a 'java/lang/ClassNotFoundException'{0x00000000eece7c48}: org/gradle/api/internal/file/collections/DefaultConfigurableFileCollectionCustomizer> (0x00000000eece7c48) 
thrown [./open/src/hotspot/share/classfile/systemDictionary.cpp, line 295]
Event: 60.161 Thread 0x000000002054b210 Exception <a 'java/lang/ClassNotFoundException'{0x00000000eeb37c68}: java/io/FileBeanInfo> (0x00000000eeb37c68) 
thrown [./open/src/hotspot/share/classfile/systemDictionary.cpp, line 295]
Event: 60.165 Thread 0x000000002054b210 Exception <a 'java/lang/ClassNotFoundException'{0x00000000eeb3cd10}: java/io/FileCustomizer> (0x00000000eeb3cd10) 
thrown [./open/src/hotspot/share/classfile/systemDictionary.cpp, line 295]
Event: 60.186 Thread 0x000000002054b210 Implicit null exception at 0x0000000012984999 to 0x0000000012984f54
Event: 60.187 Thread 0x000000002054b210 Implicit null exception at 0x000000001298dd3d to 0x000000001298e7d4
Event: 61.596 Thread 0x000000002203d280 Exception <a 'java/lang/NoSuchMethodError'{0x00000000eea06068}: 'void java.lang.invoke.DirectMethodHandle$Holder.invokeStatic(java.lang.Object, long)'> (0x00000000eea06068) 
thrown [./open/src/hotspot/share/interpreter/linkResolver.cpp, line 782]
Event: 61.601 Thread 0x000000002203d280 Exception <a 'java/lang/NoSuchMethodError'{0x00000000eea0b940}: 'java.lang.Object java.lang.invoke.DirectMethodHandle$Holder.newInvokeSpecial(java.lang.Object, long)'> (0x00000000eea0b940) 
thrown [./open/src/hotspot/share/interpreter/linkResolver.cpp, line 782]
Event: 61.610 Thread 0x000000002203d280 Exception <a 'java/lang/NoSuchMethodError'{0x00000000eea12800}: 'java.lang.Object java.lang.invoke.DirectMethodHandle$Holder.invokeStatic(java.lang.Object, java.lang.Object, long, java.lang.Object)'> (0x00000000eea12800) 
thrown [./open/src/hotspot/share/interpreter/linkResolver.cpp, line 782]
Event: 61.611 Thread 0x000000002203d280 Exception <a 'java/lang/NoSuchMethodError'{0x00000000eea166e0}: 'java.lang.Object java.lang.invoke.DirectMethodHandle$Holder.invokeStaticInit(java.lang.Object, java.lang.Object, long, java.lang.Object)'> (0x00000000eea166e0) 
thrown [./open/src/hotspot/share/interpreter/linkResolver.cpp, line 782]
Event: 61.613 Thread 0x000000002203d280 Exception <a 'java/lang/NoSuchMethodError'{0x00000000eea1d148}: 'java.lang.Object java.lang.invoke.DirectMethodHandle$Holder.newInvokeSpecial(java.lang.Object, java.lang.Object, long)'> (0x00000000eea1d148) 
thrown [./open/src/hotspot/share/interpreter/linkResolver.cpp, line 782]
Event: 61.614 Thread 0x000000002203d280 Exception <a 'java/lang/NoSuchMethodError'{0x00000000eea20eb8}: 'java.lang.Object java.lang.invoke.Invokers$Holder.linkToTargetMethod(java.lang.Object, long, java.lang.Object)'> (0x00000000eea20eb8) 
thrown [./open/src/hotspot/share/interpreter/linkResolver.cpp, line 782]
Event: 67.745 Thread 0x000000002054b210 Exception <a 'java/lang/NoSuchMethodError'{0x00000000eea911e8}: 'void java.lang.invoke.DirectMethodHandle$Holder.invokeVirtual(java.lang.Object, java.lang.Object)'> (0x00000000eea911e8) 
thrown [./open/src/hotspot/share/interpreter/linkResolver.cpp, line 782]

Events (20 events):
Event: 60.363 loading class java/lang/ProcessImpl
Event: 60.378 loading class java/lang/ProcessImpl done
Event: 61.602 loading class java/lang/ProcessHandleImpl
Event: 61.608 loading class java/lang/ProcessHandleImpl done
Event: 61.618 loading class java/lang/ProcessImpl$2
Event: 61.618 loading class java/lang/ProcessImpl$2 done
Event: 61.618 loading class java/lang/Process$PipeInputStream
Event: 61.623 loading class java/lang/Process$PipeInputStream done
Event: 61.623 loading class jdk/internal/event/ProcessStartEvent
Event: 61.635 loading class jdk/internal/event/Event
Event: 61.639 loading class jdk/internal/event/Event done
Event: 61.654 loading class jdk/internal/event/ProcessStartEvent done
Event: 61.673 Thread 0x000000002203d750 Thread added: 0x000000002203d750
Event: 61.677 Thread 0x000000002203dc20 Thread added: 0x000000002203dc20
Event: 67.617 loading class java/util/concurrent/locks/AbstractQueuedSynchronizer$SharedNode
Event: 67.618 loading class java/util/concurrent/locks/AbstractQueuedSynchronizer$SharedNode done
Event: 67.868 Executing VM operation: HandshakeAllThreads
Event: 67.875 Executing VM operation: HandshakeAllThreads done
Event: 68.305 Thread 0x000000002203e0f0 Thread added: 0x000000002203e0f0
Event: 68.306 Thread 0x000000002203e5c0 Thread added: 0x000000002203e5c0


Dynamic libraries:
0x000000013f720000 - 0x000000013f72f000 	C:\Program Files\Java\jdk-15\bin\java.exe
0x0000000077a10000 - 0x0000000077baf000 	C:\Windows\SYSTEM32\ntdll.dll
0x000007fed77b0000 - 0x000007fed77c2000 	C:\Program Files\AVAST Software\Avast\aswhook.dll
0x0000000077810000 - 0x000000007792f000 	C:\Windows\system32\kernel32.dll
0x000007fefd7b0000 - 0x000007fefd817000 	C:\Windows\system32\KERNELBASE.dll
0x000007feefff0000 - 0x000007fef0008000 	C:\Program Files\Java\jdk-15\bin\jli.dll
0x000007fefdbe0000 - 0x000007fefdcbb000 	C:\Windows\system32\ADVAPI32.dll
0x000007fefe290000 - 0x000007fefe32f000 	C:\Windows\system32\msvcrt.dll
0x000007fefea40000 - 0x000007fefea5f000 	C:\Windows\SYSTEM32\sechost.dll
0x000007fefdab0000 - 0x000007fefdbdc000 	C:\Windows\system32\RPCRT4.dll
0x000007fefb5d0000 - 0x000007fefb7c5000 	C:\Windows\WinSxS\amd64_microsoft.windows.common-controls_6595b64144ccf1df_6.0.7601.24483_none_e372d88f30fbb845\COMCTL32.dll
0x000007feffc90000 - 0x000007feffcf7000 	C:\Windows\system32\GDI32.dll
0x0000000077710000 - 0x000000007780b000 	C:\Windows\system32\USER32.dll
0x000007fefecd0000 - 0x000007fefecde000 	C:\Windows\system32\LPK.dll
0x000007feffbc0000 - 0x000007feffc8b000 	C:\Windows\system32\USP10.dll
0x000007fefda30000 - 0x000007fefdaa1000 	C:\Windows\system32\SHLWAPI.dll
0x000007fefd490000 - 0x000007fefd49c000 	C:\Windows\system32\VERSION.dll
0x000007fef0010000 - 0x000007fef0029000 	C:\Program Files\Java\jdk-15\bin\VCRUNTIME140.dll
0x000007fef0270000 - 0x000007fef0274000 	C:\Program Files\Java\jdk-15\bin\api-ms-win-crt-runtime-l1-1-0.dll
0x000007fec7050000 - 0x000007fec714a000 	C:\Program Files\Java\jdk-15\bin\ucrtbase.DLL
0x000007feeffe0000 - 0x000007feeffe3000 	C:\Program Files\Java\jdk-15\bin\api-ms-win-core-localization-l1-2-0.dll
0x000007feeffd0000 - 0x000007feeffd3000 	C:\Program Files\Java\jdk-15\bin\api-ms-win-core-processthreads-l1-1-1.dll
0x000007feeffc0000 - 0x000007feeffc3000 	C:\Program Files\Java\jdk-15\bin\api-ms-win-core-file-l1-2-0.dll
0x000007feeffb0000 - 0x000007feeffb3000 	C:\Program Files\Java\jdk-15\bin\api-ms-win-core-timezone-l1-1-0.dll
0x000007feeffa0000 - 0x000007feeffa3000 	C:\Program Files\Java\jdk-15\bin\api-ms-win-core-file-l2-1-0.dll
0x000007feeff90000 - 0x000007feeff93000 	C:\Program Files\Java\jdk-15\bin\api-ms-win-core-synch-l1-2-0.dll
0x000007feeff80000 - 0x000007feeff83000 	C:\Program Files\Java\jdk-15\bin\api-ms-win-crt-heap-l1-1-0.dll
0x000007feeff00000 - 0x000007feeff04000 	C:\Program Files\Java\jdk-15\bin\api-ms-win-crt-string-l1-1-0.dll
0x000007feefef0000 - 0x000007feefef4000 	C:\Program Files\Java\jdk-15\bin\api-ms-win-crt-stdio-l1-1-0.dll
0x000007feefee0000 - 0x000007feefee4000 	C:\Program Files\Java\jdk-15\bin\api-ms-win-crt-convert-l1-1-0.dll
0x000007feefed0000 - 0x000007feefed3000 	C:\Program Files\Java\jdk-15\bin\api-ms-win-crt-environment-l1-1-0.dll
0x000007feefec0000 - 0x000007feefec3000 	C:\Program Files\Java\jdk-15\bin\api-ms-win-crt-filesystem-l1-1-0.dll
0x000007feed9e0000 - 0x000007feed9e5000 	C:\Program Files\Java\jdk-15\bin\api-ms-win-crt-math-l1-1-0.dll
0x000007feed9d0000 - 0x000007feed9d3000 	C:\Program Files\Java\jdk-15\bin\api-ms-win-crt-locale-l1-1-0.dll
0x000007feffb90000 - 0x000007feffbbe000 	C:\Windows\system32\IMM32.DLL
0x000007fefd920000 - 0x000007fefda2b000 	C:\Windows\system32\MSCTF.dll
0x000007fefd4a0000 - 0x000007fefd4d0000 	C:\Windows\system32\nvinitx.dll
0x0000000073d10000 - 0x0000000073d16000 	C:\Program Files\NVIDIA Corporation\CoProcManager\detoured.dll
0x000007fef86d0000 - 0x000007fef8708000 	C:\Program Files\NVIDIA Corporation\CoProcManager\nvd3d9wrapx.dll
0x000007fefe860000 - 0x000007fefea37000 	C:\Windows\system32\SETUPAPI.dll
0x000007fefd770000 - 0x000007fefd7a6000 	C:\Windows\system32\CFGMGR32.dll
0x000007fefebf0000 - 0x000007fefeccb000 	C:\Windows\system32\OLEAUT32.dll
0x000007fefe390000 - 0x000007fefe58f000 	C:\Windows\system32\ole32.dll
0x000007fefd590000 - 0x000007fefd5aa000 	C:\Windows\system32\DEVOBJ.dll
0x000007fef86a0000 - 0x000007fef86c4000 	C:\Program Files\NVIDIA Corporation\CoProcManager\nvdxgiwrapx.dll
0x000007fee2700000 - 0x000007fee270c000 	C:\Program Files\Java\jdk-15\bin\vcruntime140_1.dll
0x000007fec8140000 - 0x000007fec81d1000 	C:\Program Files\Java\jdk-15\bin\msvcp140.dll
0x000007fee26f0000 - 0x000007fee26f3000 	C:\Program Files\Java\jdk-15\bin\api-ms-win-crt-time-l1-1-0.dll
0x000007fee26e0000 - 0x000007fee26e3000 	C:\Program Files\Java\jdk-15\bin\api-ms-win-crt-utility-l1-1-0.dll
0x000007fec3a20000 - 0x000007fec457c000 	C:\Program Files\Java\jdk-15\bin\server\jvm.dll
0x000007fefa590000 - 0x000007fefa599000 	C:\Windows\system32\WSOCK32.dll
0x000007fefe180000 - 0x000007fefe1cd000 	C:\Windows\system32\WS2_32.dll
0x000007fefe170000 - 0x000007fefe178000 	C:\Windows\system32\NSI.dll
0x000007fefbdd0000 - 0x000007fefbe0b000 	C:\Windows\system32\WINMM.dll
0x0000000077bc0000 - 0x0000000077bc7000 	C:\Windows\system32\PSAPI.DLL
0x000007fee26d0000 - 0x000007fee26da000 	C:\Program Files\Java\jdk-15\bin\jimage.dll
0x000007fef8310000 - 0x000007fef8435000 	C:\Windows\system32\DBGHELP.DLL
0x000007fed5ca0000 - 0x000007fed5cc5000 	C:\Program Files\Java\jdk-15\bin\java.dll
0x000007fefece0000 - 0x000007feffa6b000 	C:\Windows\system32\SHELL32.dll
0x000007fefd570000 - 0x000007fefd57f000 	C:\Windows\system32\profapi.dll
0x000007fed79f0000 - 0x000007fed7a09000 	C:\Program Files\Java\jdk-15\bin\net.dll
0x000007fef90f0000 - 0x000007fef9161000 	C:\Windows\system32\WINHTTP.dll
0x000007fef9080000 - 0x000007fef90e5000 	C:\Windows\system32\webio.dll
0x000007fefcca0000 - 0x000007fefccf5000 	C:\Windows\system32\mswsock.dll
0x000007fefcc90000 - 0x000007fefcc97000 	C:\Windows\System32\wship6.dll
0x000007fed61a0000 - 0x000007fed61b2000 	C:\Program Files\Java\jdk-15\bin\nio.dll
0x000007fed5c80000 - 0x000007fed5c98000 	C:\Program Files\Java\jdk-15\bin\zip.dll
0x000007fed7a20000 - 0x000007fed7a30000 	C:\Program Files\Java\jdk-15\bin\verify.dll
0x000007fef0030000 - 0x000007fef0056000 	C:\Users\Home\.gradle\native\fdc75f09e3144964f2cf3f50f0aa648679c211496f362492102eb8c894070792\windows-amd64\native-platform.dll
0x000007fed5cd0000 - 0x000007fed5e61000 	C:\Users\Home\.gradle\native\12488b8bf47d2d4c9fbf2f6322a914ad602e24e48041cd04a747c6da556b65c4\windows-amd64\native-platform-file-events.dll
0x000007fed5c70000 - 0x000007fed5c79000 	C:\Program Files\Java\jdk-15\bin\management.dll
0x000007fed5a20000 - 0x000007fed5a2b000 	C:\Program Files\Java\jdk-15\bin\management_ext.dll
0x000007fefcd00000 - 0x000007fefcd18000 	C:\Windows\system32\CRYPTSP.dll
0x000007fefca00000 - 0x000007fefca47000 	C:\Windows\system32\rsaenh.dll
0x000007fefd900000 - 0x000007fefd91f000 	C:\Windows\system32\USERENV.dll
0x000007fefd3c0000 - 0x000007fefd3cf000 	C:\Windows\system32\CRYPTBASE.dll
0x000007fefaf70000 - 0x000007fefaf97000 	C:\Windows\system32\IPHLPAPI.DLL
0x000007fefaf60000 - 0x000007fefaf6b000 	C:\Windows\system32\WINNSI.DLL
0x000007fefacd0000 - 0x000007feface8000 	C:\Windows\system32\dhcpcsvc.DLL
0x000007fefac90000 - 0x000007fefaca1000 	C:\Windows\system32\dhcpcsvc6.DLL
0x000007fefd360000 - 0x000007fefd3b7000 	C:\Windows\system32\apphelp.dll

dbghelp: loaded successfully - version: 4.0.5 - missing functions: none
symbol engine: initialized successfully - sym options: 0x614 - pdb path: .;C:\Program Files\Java\jdk-15\bin;C:\Windows\SYSTEM32;C:\Program Files\AVAST Software\Avast;C:\Windows\WinSxS\amd64_microsoft.windows.common-controls_6595b64144ccf1df_6.0.7601.24483_none_e372d88f30fbb845;C:\Program Files\NVIDIA Corporation\CoProcManager;C:\Program Files\Java\jdk-15\bin\server;C:\Users\Home\.gradle\native\fdc75f09e3144964f2cf3f50f0aa648679c211496f362492102eb8c894070792\windows-amd64;C:\Users\Home\.gradle\native\12488b8bf47d2d4c9fbf2f6322a914ad602e24e48041cd04a747c6da556b65c4\windows-amd64

VM Arguments:
jvm_args: --add-opens=java.base/java.util=ALL-UNNAMED --add-opens=java.base/java.lang=ALL-UNNAMED --add-opens=java.base/java.lang.invoke=ALL-UNNAMED --add-opens=java.prefs/java.util.prefs=ALL-UNNAMED -XX:MaxMetaspaceSize=256m -XX:+HeapDumpOnOutOfMemoryError -Xms256m -Xmx512m -Dfile.encoding=windows-1251 -Duser.country=RU -Duser.language=ru -Duser.variant 
java_command: org.gradle.launcher.daemon.bootstrap.GradleDaemon 6.7
java_class_path (initial): C:\Users\Home\.gradle\wrapper\dists\gradle-6.7-bin\efvqh8uyq79v2n7rcncuhu9sv\gradle-6.7\lib\gradle-launcher-6.7.jar
Launcher Type: SUN_STANDARD

[Global flags]
     intx CICompilerCount                          = 3                                         {product} {ergonomic}
   size_t CompressedClassSpaceSize                 = 260046848                                 {product} {ergonomic}
     uint ConcGCThreads                            = 1                                         {product} {ergonomic}
     uint G1ConcRefinementThreads                  = 4                                         {product} {ergonomic}
   size_t G1HeapRegionSize                         = 1048576                                   {product} {ergonomic}
    uintx GCDrainStackTargetSize                   = 64                                        {product} {ergonomic}
     bool HeapDumpOnOutOfMemoryError               = true                                   {manageable} {command line}
   size_t InitialHeapSize                          = 268435456                                 {product} {command line}
   size_t MarkStackSize                            = 4194304                                   {product} {ergonomic}
   size_t MaxHeapSize                              = 536870912                                 {product} {command line}
   size_t MaxMetaspaceSize                         = 268435456                                 {product} {command line}
   size_t MaxNewSize                               = 321912832                                 {product} {ergonomic}
   size_t MinHeapDeltaBytes                        = 1048576                                   {product} {ergonomic}
   size_t MinHeapSize                              = 268435456                                 {product} {command line}
    uintx NonNMethodCodeHeapSize                   = 5832780                                {pd product} {ergonomic}
    uintx NonProfiledCodeHeapSize                  = 122912730                              {pd product} {ergonomic}
    uintx ProfiledCodeHeapSize                     = 122912730                              {pd product} {ergonomic}
    uintx ReservedCodeCacheSize                    = 251658240                              {pd product} {ergonomic}
     bool SegmentedCodeCache                       = true                                      {product} {ergonomic}
   size_t SoftMaxHeapSize                          = 536870912                              {manageable} {ergonomic}
     bool UseCompressedClassPointers               = true                                 {lp64_product} {ergonomic}
     bool UseCompressedOops                        = true                                 {lp64_product} {ergonomic}
     bool UseG1GC                                  = true                                      {product} {ergonomic}
     bool UseLargePagesIndividualAllocation        = false                                  {pd product} {ergonomic}

Logging:
Log output configuration:
 #0: stdout all=warning uptime,level,tags
 #1: stderr all=off uptime,level,tags

Environment Variables:
JAVA_HOME=C:\ProgramFiles\Java\jdk-15
PATH=C:\Program Files\Common Files\Oracle\Java\javapath;C:\ProgramFiles\Java\jdk-15\bin;C:\Program Files\Git\cmd;C:\Windows\system32;C:\Windows;C:\Windows\System32\Wbem;C:\Windows\System32\WindowsPowerShell\v1.0\;C:\Users\Home\AppData\Local\Programs\Microsoft VS Code\bin
USERNAME=Home
OS=Windows_NT
PROCESSOR_IDENTIFIER=Intel64 Family 6 Model 60 Stepping 3, GenuineIntel



---------------  S Y S T E M  ---------------

OS:
 Windows 7 , 64 bit Build 7601 (6.1.7601.24545)
OS uptime: 0 days 1:26 hours

CPU: total 4 (initial active 4) (2 cores per cpu, 2 threads per core) family 6 model 60 stepping 3, cmov, cx8, fxsr, mmx, sse, sse2, sse3, ssse3, sse4.1, sse4.2, popcnt, vzeroupper, avx, avx2, aes, clmul, erms, lzcnt, ht, tsc, tscinvbit, bmi1, bmi2, fma, clflush

Memory: 4k page, system-wide physical 4008M (973M free)
TotalPageFile size 12406M (AvailPageFile size 9M)
current process WorkingSet (physical memory assigned to process): 32M, peak: 235M
current process commit charge ("private bytes"): 427M, peak: 449M

vm_info: Java HotSpot(TM) 64-Bit Server VM (15+36-1562) for windows-amd64 JRE (15+36-1562), built on Aug 11 2020 22:38:02 by "mach5one" with unknown MS VC++:1925

END.
