#
# There is insufficient memory for the Java Runtime Environment to continue.
# Native memory allocation (malloc) failed to allocate 32744 bytes for ChunkPool::allocate
# Possible reasons:
#   The system is out of physical RAM or swap space
#   The process is running with CompressedOops enabled, and the Java Heap may be blocking the growth of the native heap
# Possible solutions:
#   Reduce memory load on the system
#   Increase physical memory or swap space
#   Check if swap backing store is full
#   Decrease Java heap size (-Xmx/-Xms)
#   Decrease number of Java threads
#   Decrease Java thread stack sizes (-Xss)
#   Set larger code cache with -XX:ReservedCodeCacheSize=
#   JVM is running with Unscaled Compressed Oops mode in which the Java heap is
#     placed in the first 4GB address space. The Java Heap base address is the
#     maximum limit for the native heap growth. Please use -XX:HeapBaseMinAddress
#     to set the Java Heap base and to place the Java Heap above 4GB virtual address.
# This output file may be truncated or incomplete.
#
#  Out of Memory Error (./open/src/hotspot/share/memory/arena.cpp:79), pid=4980, tid=1200
#
# JRE version: Java(TM) SE Runtime Environment (15.0+36) (build 15+36-1562)
# Java VM: Java HotSpot(TM) 64-Bit Server VM (15+36-1562, mixed mode, sharing, tiered, compressed oops, g1 gc, windows-amd64)
# No core dump will be written. Minidumps are not enabled by default on client versions of Windows
#

---------------  S U M M A R Y ------------

Command Line: --add-opens=java.base/java.util=ALL-UNNAMED --add-opens=java.base/java.lang=ALL-UNNAMED --add-opens=java.base/java.lang.invoke=ALL-UNNAMED --add-opens=java.prefs/java.util.prefs=ALL-UNNAMED -XX:MaxMetaspaceSize=256m -XX:+HeapDumpOnOutOfMemoryError -Xms256m -Xmx512m -Dfile.encoding=windows-1251 -Duser.country=RU -Duser.language=ru -Duser.variant org.gradle.launcher.daemon.bootstrap.GradleDaemon 6.7

Host: Intel(R) Core(TM) i5-4200M CPU @ 2.50GHz, 4 cores, 3G,  Windows 7 , 64 bit Build 7601 (6.1.7601.24545)
Time: Tue Mar  2 18:59:28 2021 RTZ 2 (ceia) elapsed time: 88.694726 seconds (0d 0h 1m 28s)

---------------  T H R E A D  ---------------

Current thread (0x000000001eb3f480):  JavaThread "C2 CompilerThread0" daemon [_thread_in_native, id=1200, stack(0x000000001ed40000,0x000000001ee40000)]


Current CompileTask:
C2:  88694 4595       4       org.gradle.internal.logging.text.AbstractLineChoppingStyledTextOutput::doAppend (43 bytes)

Stack: [0x000000001ed40000,0x000000001ee40000]
Native frames: (J=compiled Java code, j=interpreted, Vv=VM code, C=native code)
V  [jvm.dll+0x629eaa]
V  [jvm.dll+0x780379]
V  [jvm.dll+0x781ad3]
V  [jvm.dll+0x782133]
V  [jvm.dll+0x2159d5]
V  [jvm.dll+0x97cdf]
V  [jvm.dll+0x9802c]
V  [jvm.dll+0x82956]
V  [jvm.dll+0x5b5a19]
V  [jvm.dll+0x5b5e8b]
V  [jvm.dll+0x5b5b00]
V  [jvm.dll+0x5ba591]
V  [jvm.dll+0x5bb3ea]
V  [jvm.dll+0x5b99be]
V  [jvm.dll+0x1e9c68]
V  [jvm.dll+0x1e903e]
V  [jvm.dll+0x177f17]
V  [jvm.dll+0x1f88f5]
V  [jvm.dll+0x1f699c]
V  [jvm.dll+0x74384d]
V  [jvm.dll+0x73c64a]
V  [jvm.dll+0x628d16]
C  [ucrtbase.DLL+0x1d912]
C  [kernel32.dll+0x1556d]
C  [ntdll.dll+0x5372d]


---------------  P R O C E S S  ---------------

Threads class SMR info:
_java_thread_list=0x00000000224498a0, length=43, elements={
0x0000000000466d00, 0x000000001ddb41c0, 0x000000001ddb4ba0, 0x000000001ddcae20,
0x000000001ddcb6e0, 0x000000001ddcbfa0, 0x000000001eb3f480, 0x000000001eb3fa40,
0x000000001eba79f0, 0x000000001f9432a0, 0x000000001f9708a0, 0x00000000223a5800,
0x00000000220127a0, 0x000000002135a4a0, 0x00000000224dc090, 0x000000002135a970,
0x0000000022eca380, 0x00000000214b50a0, 0x00000000213f34f0, 0x00000000206fc880,
0x00000000206fcd50, 0x00000000206fdbc0, 0x00000000206fe090, 0x00000000206fe560,
0x00000000206fea30, 0x00000000206ffd70, 0x0000000020700240, 0x00000000219c7a20,
0x00000000219c7ef0, 0x00000000219c83c0, 0x00000000219c8890, 0x00000000219c8d60,
0x00000000219c9bd0, 0x00000000219ca570, 0x00000000219caf10, 0x00000000202f5cc0,
0x00000000202f6190
}

Java Threads: ( => current thread )
  0x0000000000466d00 JavaThread "main" [_thread_blocked, id=5428, stack(0x0000000002200000,0x0000000002300000)]
  0x000000001ddb41c0 JavaThread "Reference Handler" daemon [_thread_blocked, id=1956, stack(0x000000001de40000,0x000000001df40000)]
  0x000000001ddb4ba0 JavaThread "Finalizer" daemon [_thread_blocked, id=7076, stack(0x000000001ee80000,0x000000001ef80000)]
  0x000000001ddcae20 JavaThread "Signal Dispatcher" daemon [_thread_blocked, id=4468, stack(0x000000001efe0000,0x000000001f0e0000)]
  0x000000001ddcb6e0 JavaThread "Attach Listener" daemon [_thread_blocked, id=7520, stack(0x000000001f260000,0x000000001f360000)]
  0x000000001ddcbfa0 JavaThread "Service Thread" daemon [_thread_blocked, id=8188, stack(0x000000001f440000,0x000000001f540000)]
=>0x000000001eb3f480 JavaThread "C2 CompilerThread0" daemon [_thread_in_native, id=1200, stack(0x000000001ed40000,0x000000001ee40000)]
  0x000000001eb3fa40 JavaThread "C1 CompilerThread0" daemon [_thread_in_native, id=6540, stack(0x000000001f6a0000,0x000000001f7a0000)]
  0x000000001eba79f0 JavaThread "Sweeper thread" daemon [_thread_blocked, id=5624, stack(0x000000001f800000,0x000000001f900000)]
  0x000000001f9432a0 JavaThread "Common-Cleaner" daemon [_thread_blocked, id=6104, stack(0x000000001fd20000,0x000000001fe20000)]
  0x000000001f9708a0 JavaThread "Notification Thread" daemon [_thread_blocked, id=7240, stack(0x000000001fec0000,0x000000001ffc0000)]
  0x00000000223a5800 JavaThread "Daemon health stats" [_thread_blocked, id=27540, stack(0x000000001f5a0000,0x000000001f6a0000)]
  0x00000000220127a0 JavaThread "Incoming local TCP Connector on port 49523" [_thread_in_native, id=39764, stack(0x0000000021e00000,0x0000000021f00000)]
  0x000000002135a4a0 JavaThread "Daemon periodic checks" [_thread_blocked, id=45244, stack(0x0000000024200000,0x0000000024300000)]
  0x00000000224dc090 JavaThread "Daemon" [_thread_blocked, id=45312, stack(0x00000000243c0000,0x00000000244c0000)]
  0x000000002135a970 JavaThread "Handler for socket connection from /127.0.0.1:49523 to /127.0.0.1:49530" [_thread_in_native, id=45320, stack(0x0000000024530000,0x0000000024630000)]
  0x0000000022eca380 JavaThread "Cancel handler" [_thread_blocked, id=45416, stack(0x0000000024720000,0x0000000024820000)]
  0x00000000214b50a0 JavaThread "Daemon worker" [_thread_blocked, id=45424, stack(0x00000000248a0000,0x00000000249a0000)]
  0x00000000213f34f0 JavaThread "Asynchronous log dispatcher for DefaultDaemonConnection: socket connection from /127.0.0.1:49523 to /127.0.0.1:49530" [_thread_blocked, id=45436, stack(0x0000000024cc0000,0x0000000024dc0000)]
  0x00000000206fc880 JavaThread "Stdin handler" [_thread_blocked, id=45440, stack(0x0000000024ef0000,0x0000000024ff0000)]
  0x00000000206fcd50 JavaThread "Thread-8" [_thread_blocked, id=45444, stack(0x0000000025070000,0x0000000025170000)]
  0x00000000206fdbc0 JavaThread "Cache worker for file hash cache (C:\Users\Home\.gradle\caches\6.7\fileHashes)" [_thread_blocked, id=49532, stack(0x0000000025470000,0x0000000025570000)]
  0x00000000206fe090 JavaThread "File lock request listener" [_thread_in_native, id=49648, stack(0x0000000025680000,0x0000000025780000)]
  0x00000000206fe560 JavaThread "File lock release action executor" [_thread_blocked, id=49780, stack(0x0000000024de0000,0x0000000024ee0000)]
  0x00000000206fea30 JavaThread "Cache worker for journal cache (C:\Users\Home\.gradle\caches\journal-1)" [_thread_blocked, id=51192, stack(0x0000000024bb0000,0x0000000024cb0000)]
  0x00000000206ffd70 JavaThread "Cache worker for file hash cache (C:\carDealerShip\.gradle\6.7\fileHashes)" [_thread_blocked, id=59760, stack(0x00000000259c0000,0x0000000025ac0000)]
  0x0000000020700240 JavaThread "Cache worker for checksums cache (C:\carDealerShip\.gradle\checksums)" [_thread_blocked, id=61904, stack(0x0000000026da0000,0x0000000026ea0000)]
  0x00000000219c7a20 JavaThread "Cache worker for cache directory md-supplier (C:\Users\Home\.gradle\caches\6.7\md-supplier)" [_thread_blocked, id=62188, stack(0x0000000027200000,0x0000000027300000)]
  0x00000000219c7ef0 JavaThread "Cache worker for cache directory md-rule (C:\Users\Home\.gradle\caches\6.7\md-rule)" [_thread_blocked, id=62460, stack(0x0000000027330000,0x0000000027430000)]
  0x00000000219c83c0 JavaThread "Cache worker for execution history cache (C:\Users\Home\.gradle\caches\6.7\executionHistory)" [_thread_blocked, id=63188, stack(0x0000000027860000,0x0000000027960000)]
  0x00000000219c8d60 JavaThread "Cache worker for file content cache (C:\Users\Home\.gradle\caches\6.7\fileContent)" [_thread_blocked, id=76744, stack(0x0000000027df0000,0x0000000027ef0000)]
  0x00000000219c9bd0 JavaThread "Cache worker for Build Output Cleanup Cache (C:\carDealerShip\.gradle\buildOutputCleanup)" [_thread_blocked, id=89208, stack(0x00000000285e0000,0x00000000286e0000)]
  0x00000000219ca570 JavaThread "Memory manager" [_thread_blocked, id=107248, stack(0x0000000028ce0000,0x0000000028de0000)]
  0x00000000219caf10 JavaThread "Execution worker for ':'" [_thread_blocked, id=170012, stack(0x0000000025370000,0x0000000025470000)]
  0x00000000202f5cc0 JavaThread "Execution worker for ':' Thread 2" [_thread_blocked, id=170016, stack(0x0000000029110000,0x0000000029210000)]
  0x00000000202f6190 JavaThread "Execution worker for ':' Thread 3" [_thread_blocked, id=170020, stack(0x0000000025580000,0x0000000025680000)]
  0x00000000202f6660 JavaThread "Cache worker for execution history cache (C:\carDealerShip\.gradle\6.7\executionHistory)" [_thread_blocked, id=170024, stack(0x0000000028a80000,0x0000000028b80000)]
  0x00000000202f6b30 JavaThread "Exec process" [_thread_in_native, id=170100, stack(0x0000000029490000,0x0000000029590000)]
  0x00000000202f7000 JavaThread "Exec process Thread 2" [_thread_blocked, id=170124, stack(0x0000000029740000,0x0000000029840000)]
  0x00000000202f74d0 JavaThread "Exec process Thread 3" [_thread_in_native, id=170128, stack(0x0000000029850000,0x0000000029950000)]
  0x000000001fad4890 JavaThread "DisconnectableInputStream source reader" daemon [_thread_blocked, id=170388, stack(0x0000000029990000,0x0000000029a90000)]
  0x000000001fad4d60 JavaThread "Exec process Thread 4" [_thread_in_native, id=170392, stack(0x0000000029b50000,0x0000000029c50000)]

Other Threads:
  0x000000001dda57a0 VMThread "VM Thread" [stack: 0x000000001ec40000,0x000000001ed40000] [id=4340]
  0x000000001f9736f0 WatcherThread [stack: 0x0000000020030000,0x0000000020130000] [id=4148]
  0x000000000048a530 GCTaskThread "GC Thread#0" [stack: 0x000000001b5a0000,0x000000001b6a0000] [id=2496]
  0x000000001f939770 GCTaskThread "GC Thread#1" [stack: 0x0000000020950000,0x0000000020a50000] [id=11572]
  0x000000001f939aa0 GCTaskThread "GC Thread#2" [stack: 0x0000000020bd0000,0x0000000020cd0000] [id=11576]
  0x000000001f939dd0 GCTaskThread "GC Thread#3" [stack: 0x0000000020ab0000,0x0000000020bb0000] [id=11580]
  0x000000000048f710 ConcurrentGCThread "G1 Main Marker" [stack: 0x000000001b740000,0x000000001b840000] [id=7668]
  0x0000000000490290 ConcurrentGCThread "G1 Conc#0" [stack: 0x000000001b8a0000,0x000000001b9a0000] [id=560]
  0x000000001dd5f520 ConcurrentGCThread "G1 Refine#0" [stack: 0x000000001df90000,0x000000001e090000] [id=5052]
  0x0000000021205990 ConcurrentGCThread "G1 Refine#1" [stack: 0x0000000028920000,0x0000000028a20000] [id=103128]
  0x0000000021205d00 ConcurrentGCThread "G1 Refine#2" [stack: 0x0000000028b90000,0x0000000028c90000] [id=103148]
  0x000000001dd61f30 ConcurrentGCThread "G1 Young RemSet Sampling" [stack: 0x000000001e120000,0x000000001e220000] [id=6024]

Threads with active compile tasks:
C2 CompilerThread0   104466 4595       4       org.gradle.internal.logging.text.AbstractLineChoppingStyledTextOutput::doAppend (43 bytes)
C1 CompilerThread0   104475 4604  s    2       java.io.BufferedInputStream::read (113 bytes)

VM state: not at safepoint (normal execution)

VM Mutex/Monitor currently owned by a thread: None

Heap address: 0x00000000e0000000, size: 512 MB, Compressed Oops mode: 32-bit
CDS archive(s) mapped at: [0x0000000800000000-0x0000000800b50000-0x0000000800b50000), size 11862016, SharedBaseAddress: 0x0000000800000000, ArchiveRelocationMode: 0.
Compressed class space mapped at: 0x0000000800b50000-0x0000000810350000, size: 260046848
Narrow klass base: 0x0000000800000000, Narrow klass shift: 3, Narrow klass range: 0x100000000

GC Precious Log:
 CPUs: 4 total, 4 available
 Memory: 4008M
 Large Page Support: Disabled
 NUMA Support: Disabled
 Compressed Oops: Enabled (32-bit)
 Heap Region Size: 1M
 Heap Min Capacity: 256M
 Heap Initial Capacity: 256M
 Heap Max Capacity: 512M
 Pre-touch: Disabled
 Parallel Workers: 4
 Concurrent Workers: 1
 Concurrent Refinement Workers: 4
 Periodic GC: Disabled

Heap:
 garbage-first heap   total 262144K, used 91581K [0x00000000e0000000, 0x0000000100000000)
  region size 1024K, 65 young (66560K), 1 survivors (1024K)
 Metaspace       used 40510K, capacity 41495K, committed 41648K, reserved 290816K
  class space    used 5549K, capacity 5789K, committed 5888K, reserved 253952K

Heap Regions: E=young(eden), S=young(survivor), O=old, HS=humongous(starts), HC=humongous(continues), CS=collection set, F=free, OA=open archive, CA=closed archive, TAMS=top-at-mark-start (previous, next)
|   0|0x00000000e0000000, 0x00000000e0100000, 0x00000000e0100000|100%| O|  |TAMS 0x00000000e0100000, 0x00000000e0000000| Untracked 
|   1|0x00000000e0100000, 0x00000000e0200000, 0x00000000e0200000|100%| O|  |TAMS 0x00000000e0200000, 0x00000000e0100000| Untracked 
|   2|0x00000000e0200000, 0x00000000e0300000, 0x00000000e0300000|100%| O|  |TAMS 0x00000000e0300000, 0x00000000e0200000| Untracked 
|   3|0x00000000e0300000, 0x00000000e0400000, 0x00000000e0400000|100%|HS|  |TAMS 0x00000000e0400000, 0x00000000e0300000| Complete 
|   4|0x00000000e0400000, 0x00000000e0500000, 0x00000000e0500000|100%|HC|  |TAMS 0x00000000e0500000, 0x00000000e0400000| Complete 
|   5|0x00000000e0500000, 0x00000000e0600000, 0x00000000e0600000|100%|HC|  |TAMS 0x00000000e0600000, 0x00000000e0500000| Complete 
|   6|0x00000000e0600000, 0x00000000e0700000, 0x00000000e0700000|100%| O|  |TAMS 0x00000000e0700000, 0x00000000e0600000| Untracked 
|   7|0x00000000e0700000, 0x00000000e0800000, 0x00000000e0800000|100%| O|  |TAMS 0x00000000e0800000, 0x00000000e0700000| Untracked 
|   8|0x00000000e0800000, 0x00000000e0900000, 0x00000000e0900000|100%| O|  |TAMS 0x00000000e0900000, 0x00000000e0800000| Untracked 
|   9|0x00000000e0900000, 0x00000000e0a00000, 0x00000000e0a00000|100%| O|  |TAMS 0x00000000e0900000, 0x00000000e0900000| Untracked 
|  10|0x00000000e0a00000, 0x00000000e0b00000, 0x00000000e0b00000|100%| O|  |TAMS 0x00000000e0a00000, 0x00000000e0a00000| Untracked 
|  11|0x00000000e0b00000, 0x00000000e0c00000, 0x00000000e0c00000|100%| O|  |TAMS 0x00000000e0b00000, 0x00000000e0b00000| Untracked 
|  12|0x00000000e0c00000, 0x00000000e0d00000, 0x00000000e0d00000|100%| O|  |TAMS 0x00000000e0c00000, 0x00000000e0c00000| Untracked 
|  13|0x00000000e0d00000, 0x00000000e0e00000, 0x00000000e0e00000|100%| O|  |TAMS 0x00000000e0e00000, 0x00000000e0d00000| Untracked 
|  14|0x00000000e0e00000, 0x00000000e0f00000, 0x00000000e0f00000|100%| O|  |TAMS 0x00000000e0f00000, 0x00000000e0e00000| Untracked 
|  15|0x00000000e0f00000, 0x00000000e1000000, 0x00000000e1000000|100%| O|  |TAMS 0x00000000e1000000, 0x00000000e0f00000| Untracked 
|  16|0x00000000e1000000, 0x00000000e1100000, 0x00000000e1100000|100%| O|  |TAMS 0x00000000e1100000, 0x00000000e1000000| Untracked 
|  17|0x00000000e1100000, 0x00000000e1200000, 0x00000000e1200000|100%| O|  |TAMS 0x00000000e1200000, 0x00000000e1100000| Untracked 
|  18|0x00000000e1200000, 0x00000000e1300000, 0x00000000e1300000|100%| O|  |TAMS 0x00000000e1300000, 0x00000000e1200000| Untracked 
|  19|0x00000000e1300000, 0x00000000e1400000, 0x00000000e1400000|100%| O|  |TAMS 0x00000000e1400000, 0x00000000e1300000| Untracked 
|  20|0x00000000e1400000, 0x00000000e1500000, 0x00000000e1500000|100%| O|  |TAMS 0x00000000e1500000, 0x00000000e1400000| Untracked 
|  21|0x00000000e1500000, 0x00000000e1600000, 0x00000000e1600000|100%| O|  |TAMS 0x00000000e1600000, 0x00000000e1500000| Untracked 
|  22|0x00000000e1600000, 0x00000000e1700000, 0x00000000e1700000|100%| O|  |TAMS 0x00000000e168fe00, 0x00000000e1600000| Untracked 
|  23|0x00000000e1700000, 0x00000000e1800000, 0x00000000e1800000|100%| O|  |TAMS 0x00000000e1700000, 0x00000000e1700000| Untracked 
|  24|0x00000000e1800000, 0x00000000e1900000, 0x00000000e1900000|100%| O|  |TAMS 0x00000000e1800000, 0x00000000e1800000| Untracked 
|  25|0x00000000e1900000, 0x00000000e196f400, 0x00000000e1a00000| 43%| O|  |TAMS 0x00000000e1900000, 0x00000000e1900000| Untracked 
|  26|0x00000000e1a00000, 0x00000000e1a00000, 0x00000000e1b00000|  0%| F|  |TAMS 0x00000000e1a00000, 0x00000000e1a00000| Untracked 
|  27|0x00000000e1b00000, 0x00000000e1b00000, 0x00000000e1c00000|  0%| F|  |TAMS 0x00000000e1b00000, 0x00000000e1b00000| Untracked 
|  28|0x00000000e1c00000, 0x00000000e1c00000, 0x00000000e1d00000|  0%| F|  |TAMS 0x00000000e1c00000, 0x00000000e1c00000| Untracked 
|  29|0x00000000e1d00000, 0x00000000e1d00000, 0x00000000e1e00000|  0%| F|  |TAMS 0x00000000e1d00000, 0x00000000e1d00000| Untracked 
|  30|0x00000000e1e00000, 0x00000000e1e00000, 0x00000000e1f00000|  0%| F|  |TAMS 0x00000000e1e00000, 0x00000000e1e00000| Untracked 
|  31|0x00000000e1f00000, 0x00000000e1f00000, 0x00000000e2000000|  0%| F|  |TAMS 0x00000000e1f00000, 0x00000000e1f00000| Untracked 
|  32|0x00000000e2000000, 0x00000000e2000000, 0x00000000e2100000|  0%| F|  |TAMS 0x00000000e2000000, 0x00000000e2000000| Untracked 
|  33|0x00000000e2100000, 0x00000000e2100000, 0x00000000e2200000|  0%| F|  |TAMS 0x00000000e2100000, 0x00000000e2100000| Untracked 
|  34|0x00000000e2200000, 0x00000000e2200000, 0x00000000e2300000|  0%| F|  |TAMS 0x00000000e2200000, 0x00000000e2200000| Untracked 
|  35|0x00000000e2300000, 0x00000000e2300000, 0x00000000e2400000|  0%| F|  |TAMS 0x00000000e2300000, 0x00000000e2300000| Untracked 
|  36|0x00000000e2400000, 0x00000000e2400000, 0x00000000e2500000|  0%| F|  |TAMS 0x00000000e2400000, 0x00000000e2400000| Untracked 
|  37|0x00000000e2500000, 0x00000000e2500000, 0x00000000e2600000|  0%| F|  |TAMS 0x00000000e2500000, 0x00000000e2500000| Untracked 
|  38|0x00000000e2600000, 0x00000000e2600000, 0x00000000e2700000|  0%| F|  |TAMS 0x00000000e2600000, 0x00000000e2600000| Untracked 
|  39|0x00000000e2700000, 0x00000000e2700000, 0x00000000e2800000|  0%| F|  |TAMS 0x00000000e2700000, 0x00000000e2700000| Untracked 
|  40|0x00000000e2800000, 0x00000000e2800000, 0x00000000e2900000|  0%| F|  |TAMS 0x00000000e2800000, 0x00000000e2800000| Untracked 
|  41|0x00000000e2900000, 0x00000000e2900000, 0x00000000e2a00000|  0%| F|  |TAMS 0x00000000e2900000, 0x00000000e2900000| Untracked 
|  42|0x00000000e2a00000, 0x00000000e2a00000, 0x00000000e2b00000|  0%| F|  |TAMS 0x00000000e2a00000, 0x00000000e2a00000| Untracked 
|  43|0x00000000e2b00000, 0x00000000e2b00000, 0x00000000e2c00000|  0%| F|  |TAMS 0x00000000e2b00000, 0x00000000e2b00000| Untracked 
|  44|0x00000000e2c00000, 0x00000000e2c00000, 0x00000000e2d00000|  0%| F|  |TAMS 0x00000000e2c00000, 0x00000000e2c00000| Untracked 
|  45|0x00000000e2d00000, 0x00000000e2d00000, 0x00000000e2e00000|  0%| F|  |TAMS 0x00000000e2d00000, 0x00000000e2d00000| Untracked 
|  46|0x00000000e2e00000, 0x00000000e2e00000, 0x00000000e2f00000|  0%| F|  |TAMS 0x00000000e2e00000, 0x00000000e2e00000| Untracked 
|  47|0x00000000e2f00000, 0x00000000e2f00000, 0x00000000e3000000|  0%| F|  |TAMS 0x00000000e2f00000, 0x00000000e2f00000| Untracked 
|  48|0x00000000e3000000, 0x00000000e3000000, 0x00000000e3100000|  0%| F|  |TAMS 0x00000000e3000000, 0x00000000e3000000| Untracked 
|  49|0x00000000e3100000, 0x00000000e3100000, 0x00000000e3200000|  0%| F|  |TAMS 0x00000000e3100000, 0x00000000e3100000| Untracked 
|  50|0x00000000e3200000, 0x00000000e3200000, 0x00000000e3300000|  0%| F|  |TAMS 0x00000000e3200000, 0x00000000e3200000| Untracked 
|  51|0x00000000e3300000, 0x00000000e3300000, 0x00000000e3400000|  0%| F|  |TAMS 0x00000000e3300000, 0x00000000e3300000| Untracked 
|  52|0x00000000e3400000, 0x00000000e3400000, 0x00000000e3500000|  0%| F|  |TAMS 0x00000000e3400000, 0x00000000e3400000| Untracked 
|  53|0x00000000e3500000, 0x00000000e3500000, 0x00000000e3600000|  0%| F|  |TAMS 0x00000000e3500000, 0x00000000e3500000| Untracked 
|  54|0x00000000e3600000, 0x00000000e3600000, 0x00000000e3700000|  0%| F|  |TAMS 0x00000000e3600000, 0x00000000e3600000| Untracked 
|  55|0x00000000e3700000, 0x00000000e3700000, 0x00000000e3800000|  0%| F|  |TAMS 0x00000000e3700000, 0x00000000e3700000| Untracked 
|  56|0x00000000e3800000, 0x00000000e3800000, 0x00000000e3900000|  0%| F|  |TAMS 0x00000000e3800000, 0x00000000e3800000| Untracked 
|  57|0x00000000e3900000, 0x00000000e3900000, 0x00000000e3a00000|  0%| F|  |TAMS 0x00000000e3900000, 0x00000000e3900000| Untracked 
|  58|0x00000000e3a00000, 0x00000000e3a00000, 0x00000000e3b00000|  0%| F|  |TAMS 0x00000000e3a00000, 0x00000000e3a00000| Untracked 
|  59|0x00000000e3b00000, 0x00000000e3b00000, 0x00000000e3c00000|  0%| F|  |TAMS 0x00000000e3b00000, 0x00000000e3b00000| Untracked 
|  60|0x00000000e3c00000, 0x00000000e3c00000, 0x00000000e3d00000|  0%| F|  |TAMS 0x00000000e3c00000, 0x00000000e3c00000| Untracked 
|  61|0x00000000e3d00000, 0x00000000e3d00000, 0x00000000e3e00000|  0%| F|  |TAMS 0x00000000e3d00000, 0x00000000e3d00000| Untracked 
|  62|0x00000000e3e00000, 0x00000000e3e00000, 0x00000000e3f00000|  0%| F|  |TAMS 0x00000000e3e00000, 0x00000000e3e00000| Untracked 
|  63|0x00000000e3f00000, 0x00000000e3f00000, 0x00000000e4000000|  0%| F|  |TAMS 0x00000000e3f00000, 0x00000000e3f00000| Untracked 
|  64|0x00000000e4000000, 0x00000000e4000000, 0x00000000e4100000|  0%| F|  |TAMS 0x00000000e4000000, 0x00000000e4000000| Untracked 
|  65|0x00000000e4100000, 0x00000000e4100000, 0x00000000e4200000|  0%| F|  |TAMS 0x00000000e4100000, 0x00000000e4100000| Untracked 
|  66|0x00000000e4200000, 0x00000000e4200000, 0x00000000e4300000|  0%| F|  |TAMS 0x00000000e4200000, 0x00000000e4200000| Untracked 
|  67|0x00000000e4300000, 0x00000000e4300000, 0x00000000e4400000|  0%| F|  |TAMS 0x00000000e4300000, 0x00000000e4300000| Untracked 
|  68|0x00000000e4400000, 0x00000000e4400000, 0x00000000e4500000|  0%| F|  |TAMS 0x00000000e4400000, 0x00000000e4400000| Untracked 
|  69|0x00000000e4500000, 0x00000000e4500000, 0x00000000e4600000|  0%| F|  |TAMS 0x00000000e4500000, 0x00000000e4500000| Untracked 
|  70|0x00000000e4600000, 0x00000000e4600000, 0x00000000e4700000|  0%| F|  |TAMS 0x00000000e4600000, 0x00000000e4600000| Untracked 
|  71|0x00000000e4700000, 0x00000000e4700000, 0x00000000e4800000|  0%| F|  |TAMS 0x00000000e4700000, 0x00000000e4700000| Untracked 
|  72|0x00000000e4800000, 0x00000000e4800000, 0x00000000e4900000|  0%| F|  |TAMS 0x00000000e4800000, 0x00000000e4800000| Untracked 
|  73|0x00000000e4900000, 0x00000000e4900000, 0x00000000e4a00000|  0%| F|  |TAMS 0x00000000e4900000, 0x00000000e4900000| Untracked 
|  74|0x00000000e4a00000, 0x00000000e4a00000, 0x00000000e4b00000|  0%| F|  |TAMS 0x00000000e4a00000, 0x00000000e4a00000| Untracked 
|  75|0x00000000e4b00000, 0x00000000e4b00000, 0x00000000e4c00000|  0%| F|  |TAMS 0x00000000e4b00000, 0x00000000e4b00000| Untracked 
|  76|0x00000000e4c00000, 0x00000000e4c00000, 0x00000000e4d00000|  0%| F|  |TAMS 0x00000000e4c00000, 0x00000000e4c00000| Untracked 
|  77|0x00000000e4d00000, 0x00000000e4d00000, 0x00000000e4e00000|  0%| F|  |TAMS 0x00000000e4d00000, 0x00000000e4d00000| Untracked 
|  78|0x00000000e4e00000, 0x00000000e4e00000, 0x00000000e4f00000|  0%| F|  |TAMS 0x00000000e4e00000, 0x00000000e4e00000| Untracked 
|  79|0x00000000e4f00000, 0x00000000e4f00000, 0x00000000e5000000|  0%| F|  |TAMS 0x00000000e4f00000, 0x00000000e4f00000| Untracked 
|  80|0x00000000e5000000, 0x00000000e5000000, 0x00000000e5100000|  0%| F|  |TAMS 0x00000000e5000000, 0x00000000e5000000| Untracked 
|  81|0x00000000e5100000, 0x00000000e5100000, 0x00000000e5200000|  0%| F|  |TAMS 0x00000000e5100000, 0x00000000e5100000| Untracked 
|  82|0x00000000e5200000, 0x00000000e5200000, 0x00000000e5300000|  0%| F|  |TAMS 0x00000000e5200000, 0x00000000e5200000| Untracked 
|  83|0x00000000e5300000, 0x00000000e5300000, 0x00000000e5400000|  0%| F|  |TAMS 0x00000000e5300000, 0x00000000e5300000| Untracked 
|  84|0x00000000e5400000, 0x00000000e5400000, 0x00000000e5500000|  0%| F|  |TAMS 0x00000000e5400000, 0x00000000e5400000| Untracked 
|  85|0x00000000e5500000, 0x00000000e5500000, 0x00000000e5600000|  0%| F|  |TAMS 0x00000000e5500000, 0x00000000e5500000| Untracked 
|  86|0x00000000e5600000, 0x00000000e5600000, 0x00000000e5700000|  0%| F|  |TAMS 0x00000000e5600000, 0x00000000e5600000| Untracked 
|  87|0x00000000e5700000, 0x00000000e5700000, 0x00000000e5800000|  0%| F|  |TAMS 0x00000000e5700000, 0x00000000e5700000| Untracked 
|  88|0x00000000e5800000, 0x00000000e5800000, 0x00000000e5900000|  0%| F|  |TAMS 0x00000000e5800000, 0x00000000e5800000| Untracked 
|  89|0x00000000e5900000, 0x00000000e5900000, 0x00000000e5a00000|  0%| F|  |TAMS 0x00000000e5900000, 0x00000000e5900000| Untracked 
|  90|0x00000000e5a00000, 0x00000000e5a00000, 0x00000000e5b00000|  0%| F|  |TAMS 0x00000000e5a00000, 0x00000000e5a00000| Untracked 
|  91|0x00000000e5b00000, 0x00000000e5b00000, 0x00000000e5c00000|  0%| F|  |TAMS 0x00000000e5b00000, 0x00000000e5b00000| Untracked 
|  92|0x00000000e5c00000, 0x00000000e5c00000, 0x00000000e5d00000|  0%| F|  |TAMS 0x00000000e5c00000, 0x00000000e5c00000| Untracked 
|  93|0x00000000e5d00000, 0x00000000e5d00000, 0x00000000e5e00000|  0%| F|  |TAMS 0x00000000e5d00000, 0x00000000e5d00000| Untracked 
|  94|0x00000000e5e00000, 0x00000000e5e00000, 0x00000000e5f00000|  0%| F|  |TAMS 0x00000000e5e00000, 0x00000000e5e00000| Untracked 
|  95|0x00000000e5f00000, 0x00000000e5f00000, 0x00000000e6000000|  0%| F|  |TAMS 0x00000000e5f00000, 0x00000000e5f00000| Untracked 
|  96|0x00000000e6000000, 0x00000000e6000000, 0x00000000e6100000|  0%| F|  |TAMS 0x00000000e6000000, 0x00000000e6000000| Untracked 
|  97|0x00000000e6100000, 0x00000000e6100000, 0x00000000e6200000|  0%| F|  |TAMS 0x00000000e6100000, 0x00000000e6100000| Untracked 
|  98|0x00000000e6200000, 0x00000000e6200000, 0x00000000e6300000|  0%| F|  |TAMS 0x00000000e6200000, 0x00000000e6200000| Untracked 
|  99|0x00000000e6300000, 0x00000000e6300000, 0x00000000e6400000|  0%| F|  |TAMS 0x00000000e6300000, 0x00000000e6300000| Untracked 
| 100|0x00000000e6400000, 0x00000000e6400000, 0x00000000e6500000|  0%| F|  |TAMS 0x00000000e6400000, 0x00000000e6400000| Untracked 
| 101|0x00000000e6500000, 0x00000000e6500000, 0x00000000e6600000|  0%| F|  |TAMS 0x00000000e6500000, 0x00000000e6500000| Untracked 
| 102|0x00000000e6600000, 0x00000000e6600000, 0x00000000e6700000|  0%| F|  |TAMS 0x00000000e6600000, 0x00000000e6600000| Untracked 
| 103|0x00000000e6700000, 0x00000000e6700000, 0x00000000e6800000|  0%| F|  |TAMS 0x00000000e6700000, 0x00000000e6700000| Untracked 
| 104|0x00000000e6800000, 0x00000000e6800000, 0x00000000e6900000|  0%| F|  |TAMS 0x00000000e6800000, 0x00000000e6800000| Untracked 
| 105|0x00000000e6900000, 0x00000000e6900000, 0x00000000e6a00000|  0%| F|  |TAMS 0x00000000e6900000, 0x00000000e6900000| Untracked 
| 106|0x00000000e6a00000, 0x00000000e6a00000, 0x00000000e6b00000|  0%| F|  |TAMS 0x00000000e6a00000, 0x00000000e6a00000| Untracked 
| 107|0x00000000e6b00000, 0x00000000e6b00000, 0x00000000e6c00000|  0%| F|  |TAMS 0x00000000e6b00000, 0x00000000e6b00000| Untracked 
| 108|0x00000000e6c00000, 0x00000000e6c00000, 0x00000000e6d00000|  0%| F|  |TAMS 0x00000000e6c00000, 0x00000000e6c00000| Untracked 
| 109|0x00000000e6d00000, 0x00000000e6d00000, 0x00000000e6e00000|  0%| F|  |TAMS 0x00000000e6d00000, 0x00000000e6d00000| Untracked 
| 110|0x00000000e6e00000, 0x00000000e6e00000, 0x00000000e6f00000|  0%| F|  |TAMS 0x00000000e6e00000, 0x00000000e6e00000| Untracked 
| 111|0x00000000e6f00000, 0x00000000e6f00000, 0x00000000e7000000|  0%| F|  |TAMS 0x00000000e6f00000, 0x00000000e6f00000| Untracked 
| 112|0x00000000e7000000, 0x00000000e7000000, 0x00000000e7100000|  0%| F|  |TAMS 0x00000000e7000000, 0x00000000e7000000| Untracked 
| 113|0x00000000e7100000, 0x00000000e7100000, 0x00000000e7200000|  0%| F|  |TAMS 0x00000000e7100000, 0x00000000e7100000| Untracked 
| 114|0x00000000e7200000, 0x00000000e7200000, 0x00000000e7300000|  0%| F|  |TAMS 0x00000000e7200000, 0x00000000e7200000| Untracked 
| 115|0x00000000e7300000, 0x00000000e7300000, 0x00000000e7400000|  0%| F|  |TAMS 0x00000000e7300000, 0x00000000e7300000| Untracked 
| 116|0x00000000e7400000, 0x00000000e7400000, 0x00000000e7500000|  0%| F|  |TAMS 0x00000000e7400000, 0x00000000e7400000| Untracked 
| 117|0x00000000e7500000, 0x00000000e7500000, 0x00000000e7600000|  0%| F|  |TAMS 0x00000000e7500000, 0x00000000e7500000| Untracked 
| 118|0x00000000e7600000, 0x00000000e7600000, 0x00000000e7700000|  0%| F|  |TAMS 0x00000000e7600000, 0x00000000e7600000| Untracked 
| 119|0x00000000e7700000, 0x00000000e7700000, 0x00000000e7800000|  0%| F|  |TAMS 0x00000000e7700000, 0x00000000e7700000| Untracked 
| 120|0x00000000e7800000, 0x00000000e7800000, 0x00000000e7900000|  0%| F|  |TAMS 0x00000000e7800000, 0x00000000e7800000| Untracked 
| 121|0x00000000e7900000, 0x00000000e7900000, 0x00000000e7a00000|  0%| F|  |TAMS 0x00000000e7900000, 0x00000000e7900000| Untracked 
| 122|0x00000000e7a00000, 0x00000000e7a00000, 0x00000000e7b00000|  0%| F|  |TAMS 0x00000000e7a00000, 0x00000000e7a00000| Untracked 
| 123|0x00000000e7b00000, 0x00000000e7b00000, 0x00000000e7c00000|  0%| F|  |TAMS 0x00000000e7b00000, 0x00000000e7b00000| Untracked 
| 124|0x00000000e7c00000, 0x00000000e7c00000, 0x00000000e7d00000|  0%| F|  |TAMS 0x00000000e7c00000, 0x00000000e7c00000| Untracked 
| 125|0x00000000e7d00000, 0x00000000e7d00000, 0x00000000e7e00000|  0%| F|  |TAMS 0x00000000e7d00000, 0x00000000e7d00000| Untracked 
| 126|0x00000000e7e00000, 0x00000000e7e00000, 0x00000000e7f00000|  0%| F|  |TAMS 0x00000000e7e00000, 0x00000000e7e00000| Untracked 
| 127|0x00000000e7f00000, 0x00000000e7f00000, 0x00000000e8000000|  0%| F|  |TAMS 0x00000000e7f00000, 0x00000000e7f00000| Untracked 
| 128|0x00000000e8000000, 0x00000000e8000000, 0x00000000e8100000|  0%| F|  |TAMS 0x00000000e8000000, 0x00000000e8000000| Untracked 
| 129|0x00000000e8100000, 0x00000000e8100000, 0x00000000e8200000|  0%| F|  |TAMS 0x00000000e8100000, 0x00000000e8100000| Untracked 
| 130|0x00000000e8200000, 0x00000000e8200000, 0x00000000e8300000|  0%| F|  |TAMS 0x00000000e8200000, 0x00000000e8200000| Untracked 
| 131|0x00000000e8300000, 0x00000000e8300000, 0x00000000e8400000|  0%| F|  |TAMS 0x00000000e8300000, 0x00000000e8300000| Untracked 
| 132|0x00000000e8400000, 0x00000000e8400000, 0x00000000e8500000|  0%| F|  |TAMS 0x00000000e8400000, 0x00000000e8400000| Untracked 
| 133|0x00000000e8500000, 0x00000000e8500000, 0x00000000e8600000|  0%| F|  |TAMS 0x00000000e8500000, 0x00000000e8500000| Untracked 
| 134|0x00000000e8600000, 0x00000000e8600000, 0x00000000e8700000|  0%| F|  |TAMS 0x00000000e8600000, 0x00000000e8600000| Untracked 
| 135|0x00000000e8700000, 0x00000000e8700000, 0x00000000e8800000|  0%| F|  |TAMS 0x00000000e8700000, 0x00000000e8700000| Untracked 
| 136|0x00000000e8800000, 0x00000000e8800000, 0x00000000e8900000|  0%| F|  |TAMS 0x00000000e8800000, 0x00000000e8800000| Untracked 
| 137|0x00000000e8900000, 0x00000000e8900000, 0x00000000e8a00000|  0%| F|  |TAMS 0x00000000e8900000, 0x00000000e8900000| Untracked 
| 138|0x00000000e8a00000, 0x00000000e8a00000, 0x00000000e8b00000|  0%| F|  |TAMS 0x00000000e8a00000, 0x00000000e8a00000| Untracked 
| 139|0x00000000e8b00000, 0x00000000e8b00000, 0x00000000e8c00000|  0%| F|  |TAMS 0x00000000e8b00000, 0x00000000e8b00000| Untracked 
| 140|0x00000000e8c00000, 0x00000000e8c00000, 0x00000000e8d00000|  0%| F|  |TAMS 0x00000000e8c00000, 0x00000000e8c00000| Untracked 
| 141|0x00000000e8d00000, 0x00000000e8d00000, 0x00000000e8e00000|  0%| F|  |TAMS 0x00000000e8d00000, 0x00000000e8d00000| Untracked 
| 142|0x00000000e8e00000, 0x00000000e8e00000, 0x00000000e8f00000|  0%| F|  |TAMS 0x00000000e8e00000, 0x00000000e8e00000| Untracked 
| 143|0x00000000e8f00000, 0x00000000e8f00000, 0x00000000e9000000|  0%| F|  |TAMS 0x00000000e8f00000, 0x00000000e8f00000| Untracked 
| 144|0x00000000e9000000, 0x00000000e9000000, 0x00000000e9100000|  0%| F|  |TAMS 0x00000000e9000000, 0x00000000e9000000| Untracked 
| 145|0x00000000e9100000, 0x00000000e9100000, 0x00000000e9200000|  0%| F|  |TAMS 0x00000000e9100000, 0x00000000e9100000| Untracked 
| 146|0x00000000e9200000, 0x00000000e9200000, 0x00000000e9300000|  0%| F|  |TAMS 0x00000000e9200000, 0x00000000e9200000| Untracked 
| 147|0x00000000e9300000, 0x00000000e9300000, 0x00000000e9400000|  0%| F|  |TAMS 0x00000000e9300000, 0x00000000e9300000| Untracked 
| 148|0x00000000e9400000, 0x00000000e9400000, 0x00000000e9500000|  0%| F|  |TAMS 0x00000000e9400000, 0x00000000e9400000| Untracked 
| 149|0x00000000e9500000, 0x00000000e9500000, 0x00000000e9600000|  0%| F|  |TAMS 0x00000000e9500000, 0x00000000e9500000| Untracked 
| 150|0x00000000e9600000, 0x00000000e9600000, 0x00000000e9700000|  0%| F|  |TAMS 0x00000000e9600000, 0x00000000e9600000| Untracked 
| 151|0x00000000e9700000, 0x00000000e9700000, 0x00000000e9800000|  0%| F|  |TAMS 0x00000000e9700000, 0x00000000e9700000| Untracked 
| 152|0x00000000e9800000, 0x00000000e9800000, 0x00000000e9900000|  0%| F|  |TAMS 0x00000000e9800000, 0x00000000e9800000| Untracked 
| 153|0x00000000e9900000, 0x00000000e9900000, 0x00000000e9a00000|  0%| F|  |TAMS 0x00000000e9900000, 0x00000000e9900000| Untracked 
| 154|0x00000000e9a00000, 0x00000000e9a00000, 0x00000000e9b00000|  0%| F|  |TAMS 0x00000000e9a00000, 0x00000000e9a00000| Untracked 
| 155|0x00000000e9b00000, 0x00000000e9b00000, 0x00000000e9c00000|  0%| F|  |TAMS 0x00000000e9b00000, 0x00000000e9b00000| Untracked 
| 156|0x00000000e9c00000, 0x00000000e9c00000, 0x00000000e9d00000|  0%| F|  |TAMS 0x00000000e9c00000, 0x00000000e9c00000| Untracked 
| 157|0x00000000e9d00000, 0x00000000e9d00000, 0x00000000e9e00000|  0%| F|  |TAMS 0x00000000e9d00000, 0x00000000e9d00000| Untracked 
| 158|0x00000000e9e00000, 0x00000000e9e00000, 0x00000000e9f00000|  0%| F|  |TAMS 0x00000000e9e00000, 0x00000000e9e00000| Untracked 
| 159|0x00000000e9f00000, 0x00000000e9f00000, 0x00000000ea000000|  0%| F|  |TAMS 0x00000000e9f00000, 0x00000000e9f00000| Untracked 
| 160|0x00000000ea000000, 0x00000000ea000000, 0x00000000ea100000|  0%| F|  |TAMS 0x00000000ea000000, 0x00000000ea000000| Untracked 
| 161|0x00000000ea100000, 0x00000000ea100000, 0x00000000ea200000|  0%| F|  |TAMS 0x00000000ea100000, 0x00000000ea100000| Untracked 
| 162|0x00000000ea200000, 0x00000000ea200000, 0x00000000ea300000|  0%| F|  |TAMS 0x00000000ea200000, 0x00000000ea200000| Untracked 
| 163|0x00000000ea300000, 0x00000000ea300000, 0x00000000ea400000|  0%| F|  |TAMS 0x00000000ea300000, 0x00000000ea300000| Untracked 
| 164|0x00000000ea400000, 0x00000000ea400000, 0x00000000ea500000|  0%| F|  |TAMS 0x00000000ea400000, 0x00000000ea400000| Untracked 
| 165|0x00000000ea500000, 0x00000000ea500000, 0x00000000ea600000|  0%| F|  |TAMS 0x00000000ea500000, 0x00000000ea500000| Untracked 
| 166|0x00000000ea600000, 0x00000000ea600000, 0x00000000ea700000|  0%| F|  |TAMS 0x00000000ea600000, 0x00000000ea600000| Untracked 
| 167|0x00000000ea700000, 0x00000000ea700000, 0x00000000ea800000|  0%| F|  |TAMS 0x00000000ea700000, 0x00000000ea700000| Untracked 
| 168|0x00000000ea800000, 0x00000000ea800000, 0x00000000ea900000|  0%| F|  |TAMS 0x00000000ea800000, 0x00000000ea800000| Untracked 
| 169|0x00000000ea900000, 0x00000000ea900000, 0x00000000eaa00000|  0%| F|  |TAMS 0x00000000ea900000, 0x00000000ea900000| Untracked 
| 170|0x00000000eaa00000, 0x00000000eaa00000, 0x00000000eab00000|  0%| F|  |TAMS 0x00000000eaa00000, 0x00000000eaa00000| Untracked 
| 171|0x00000000eab00000, 0x00000000eab00000, 0x00000000eac00000|  0%| F|  |TAMS 0x00000000eab00000, 0x00000000eab00000| Untracked 
| 172|0x00000000eac00000, 0x00000000eac00000, 0x00000000ead00000|  0%| F|  |TAMS 0x00000000eac00000, 0x00000000eac00000| Untracked 
| 173|0x00000000ead00000, 0x00000000ead00000, 0x00000000eae00000|  0%| F|  |TAMS 0x00000000ead00000, 0x00000000ead00000| Untracked 
| 174|0x00000000eae00000, 0x00000000eae00000, 0x00000000eaf00000|  0%| F|  |TAMS 0x00000000eae00000, 0x00000000eae00000| Untracked 
| 175|0x00000000eaf00000, 0x00000000eaf00000, 0x00000000eb000000|  0%| F|  |TAMS 0x00000000eaf00000, 0x00000000eaf00000| Untracked 
| 176|0x00000000eb000000, 0x00000000eb000000, 0x00000000eb100000|  0%| F|  |TAMS 0x00000000eb000000, 0x00000000eb000000| Untracked 
| 177|0x00000000eb100000, 0x00000000eb100000, 0x00000000eb200000|  0%| F|  |TAMS 0x00000000eb100000, 0x00000000eb100000| Untracked 
| 178|0x00000000eb200000, 0x00000000eb200000, 0x00000000eb300000|  0%| F|  |TAMS 0x00000000eb200000, 0x00000000eb200000| Untracked 
| 179|0x00000000eb300000, 0x00000000eb300000, 0x00000000eb400000|  0%| F|  |TAMS 0x00000000eb300000, 0x00000000eb300000| Untracked 
| 180|0x00000000eb400000, 0x00000000eb400000, 0x00000000eb500000|  0%| F|  |TAMS 0x00000000eb400000, 0x00000000eb400000| Untracked 
| 181|0x00000000eb500000, 0x00000000eb500000, 0x00000000eb600000|  0%| F|  |TAMS 0x00000000eb500000, 0x00000000eb500000| Untracked 
| 182|0x00000000eb600000, 0x00000000eb600000, 0x00000000eb700000|  0%| F|  |TAMS 0x00000000eb600000, 0x00000000eb600000| Untracked 
| 183|0x00000000eb700000, 0x00000000eb700000, 0x00000000eb800000|  0%| F|  |TAMS 0x00000000eb700000, 0x00000000eb700000| Untracked 
| 184|0x00000000eb800000, 0x00000000eb800000, 0x00000000eb900000|  0%| F|  |TAMS 0x00000000eb800000, 0x00000000eb800000| Untracked 
| 185|0x00000000eb900000, 0x00000000eb900000, 0x00000000eba00000|  0%| F|  |TAMS 0x00000000eb900000, 0x00000000eb900000| Untracked 
| 186|0x00000000eba00000, 0x00000000eba00000, 0x00000000ebb00000|  0%| F|  |TAMS 0x00000000eba00000, 0x00000000eba00000| Untracked 
| 187|0x00000000ebb00000, 0x00000000ebb00000, 0x00000000ebc00000|  0%| F|  |TAMS 0x00000000ebb00000, 0x00000000ebb00000| Untracked 
| 188|0x00000000ebc00000, 0x00000000ebc00000, 0x00000000ebd00000|  0%| F|  |TAMS 0x00000000ebc00000, 0x00000000ebc00000| Untracked 
| 189|0x00000000ebd00000, 0x00000000ebd00000, 0x00000000ebe00000|  0%| F|  |TAMS 0x00000000ebd00000, 0x00000000ebd00000| Untracked 
| 190|0x00000000ebe00000, 0x00000000ebe00000, 0x00000000ebf00000|  0%| F|  |TAMS 0x00000000ebe00000, 0x00000000ebe00000| Untracked 
| 191|0x00000000ebf00000, 0x00000000ebf18f18, 0x00000000ec000000|  9%| E|  |TAMS 0x00000000ebf00000, 0x00000000ebf00000| Complete 
| 192|0x00000000ec000000, 0x00000000ec100000, 0x00000000ec100000|100%| E|CS|TAMS 0x00000000ec000000, 0x00000000ec000000| Complete 
| 193|0x00000000ec100000, 0x00000000ec200000, 0x00000000ec200000|100%| E|CS|TAMS 0x00000000ec100000, 0x00000000ec100000| Complete 
| 194|0x00000000ec200000, 0x00000000ec300000, 0x00000000ec300000|100%| E|CS|TAMS 0x00000000ec200000, 0x00000000ec200000| Complete 
| 195|0x00000000ec300000, 0x00000000ec400000, 0x00000000ec400000|100%| E|CS|TAMS 0x00000000ec300000, 0x00000000ec300000| Complete 
| 196|0x00000000ec400000, 0x00000000ec500000, 0x00000000ec500000|100%| E|CS|TAMS 0x00000000ec400000, 0x00000000ec400000| Complete 
| 197|0x00000000ec500000, 0x00000000ec600000, 0x00000000ec600000|100%| E|CS|TAMS 0x00000000ec500000, 0x00000000ec500000| Complete 
| 198|0x00000000ec600000, 0x00000000ec700000, 0x00000000ec700000|100%| E|CS|TAMS 0x00000000ec600000, 0x00000000ec600000| Complete 
| 199|0x00000000ec700000, 0x00000000ec800000, 0x00000000ec800000|100%| E|CS|TAMS 0x00000000ec700000, 0x00000000ec700000| Complete 
| 200|0x00000000ec800000, 0x00000000ec900000, 0x00000000ec900000|100%| E|CS|TAMS 0x00000000ec800000, 0x00000000ec800000| Complete 
| 201|0x00000000ec900000, 0x00000000eca00000, 0x00000000eca00000|100%| E|CS|TAMS 0x00000000ec900000, 0x00000000ec900000| Complete 
| 202|0x00000000eca00000, 0x00000000ecb00000, 0x00000000ecb00000|100%| E|CS|TAMS 0x00000000eca00000, 0x00000000eca00000| Complete 
| 203|0x00000000ecb00000, 0x00000000ecc00000, 0x00000000ecc00000|100%| E|CS|TAMS 0x00000000ecb00000, 0x00000000ecb00000| Complete 
| 204|0x00000000ecc00000, 0x00000000ecd00000, 0x00000000ecd00000|100%| E|CS|TAMS 0x00000000ecc00000, 0x00000000ecc00000| Complete 
| 205|0x00000000ecd00000, 0x00000000ece00000, 0x00000000ece00000|100%| E|CS|TAMS 0x00000000ecd00000, 0x00000000ecd00000| Complete 
| 206|0x00000000ece00000, 0x00000000ecf00000, 0x00000000ecf00000|100%| E|CS|TAMS 0x00000000ece00000, 0x00000000ece00000| Complete 
| 207|0x00000000ecf00000, 0x00000000ed000000, 0x00000000ed000000|100%| E|CS|TAMS 0x00000000ecf00000, 0x00000000ecf00000| Complete 
| 208|0x00000000ed000000, 0x00000000ed100000, 0x00000000ed100000|100%| E|CS|TAMS 0x00000000ed000000, 0x00000000ed000000| Complete 
| 209|0x00000000ed100000, 0x00000000ed200000, 0x00000000ed200000|100%| E|CS|TAMS 0x00000000ed100000, 0x00000000ed100000| Complete 
| 210|0x00000000ed200000, 0x00000000ed300000, 0x00000000ed300000|100%| E|CS|TAMS 0x00000000ed200000, 0x00000000ed200000| Complete 
| 211|0x00000000ed300000, 0x00000000ed400000, 0x00000000ed400000|100%| E|CS|TAMS 0x00000000ed300000, 0x00000000ed300000| Complete 
| 212|0x00000000ed400000, 0x00000000ed500000, 0x00000000ed500000|100%| E|CS|TAMS 0x00000000ed400000, 0x00000000ed400000| Complete 
| 213|0x00000000ed500000, 0x00000000ed600000, 0x00000000ed600000|100%| E|CS|TAMS 0x00000000ed500000, 0x00000000ed500000| Complete 
| 214|0x00000000ed600000, 0x00000000ed700000, 0x00000000ed700000|100%| E|CS|TAMS 0x00000000ed600000, 0x00000000ed600000| Complete 
| 215|0x00000000ed700000, 0x00000000ed800000, 0x00000000ed800000|100%| E|CS|TAMS 0x00000000ed700000, 0x00000000ed700000| Complete 
| 216|0x00000000ed800000, 0x00000000ed900000, 0x00000000ed900000|100%| E|CS|TAMS 0x00000000ed800000, 0x00000000ed800000| Complete 
| 217|0x00000000ed900000, 0x00000000eda00000, 0x00000000eda00000|100%| E|CS|TAMS 0x00000000ed900000, 0x00000000ed900000| Complete 
| 218|0x00000000eda00000, 0x00000000edb00000, 0x00000000edb00000|100%| E|CS|TAMS 0x00000000eda00000, 0x00000000eda00000| Complete 
| 219|0x00000000edb00000, 0x00000000edc00000, 0x00000000edc00000|100%| E|CS|TAMS 0x00000000edb00000, 0x00000000edb00000| Complete 
| 220|0x00000000edc00000, 0x00000000edd00000, 0x00000000edd00000|100%| E|CS|TAMS 0x00000000edc00000, 0x00000000edc00000| Complete 
| 221|0x00000000edd00000, 0x00000000ede00000, 0x00000000ede00000|100%| E|CS|TAMS 0x00000000edd00000, 0x00000000edd00000| Complete 
| 222|0x00000000ede00000, 0x00000000edf00000, 0x00000000edf00000|100%| E|CS|TAMS 0x00000000ede00000, 0x00000000ede00000| Complete 
| 223|0x00000000edf00000, 0x00000000ee000000, 0x00000000ee000000|100%| E|CS|TAMS 0x00000000edf00000, 0x00000000edf00000| Complete 
| 224|0x00000000ee000000, 0x00000000ee100000, 0x00000000ee100000|100%| E|CS|TAMS 0x00000000ee000000, 0x00000000ee000000| Complete 
| 225|0x00000000ee100000, 0x00000000ee200000, 0x00000000ee200000|100%| E|CS|TAMS 0x00000000ee100000, 0x00000000ee100000| Complete 
| 226|0x00000000ee200000, 0x00000000ee300000, 0x00000000ee300000|100%| E|CS|TAMS 0x00000000ee200000, 0x00000000ee200000| Complete 
| 227|0x00000000ee300000, 0x00000000ee400000, 0x00000000ee400000|100%| E|CS|TAMS 0x00000000ee300000, 0x00000000ee300000| Complete 
| 228|0x00000000ee400000, 0x00000000ee500000, 0x00000000ee500000|100%| E|CS|TAMS 0x00000000ee400000, 0x00000000ee400000| Complete 
| 229|0x00000000ee500000, 0x00000000ee600000, 0x00000000ee600000|100%| E|CS|TAMS 0x00000000ee500000, 0x00000000ee500000| Complete 
| 230|0x00000000ee600000, 0x00000000ee700000, 0x00000000ee700000|100%| E|CS|TAMS 0x00000000ee600000, 0x00000000ee600000| Complete 
| 231|0x00000000ee700000, 0x00000000ee800000, 0x00000000ee800000|100%| E|CS|TAMS 0x00000000ee700000, 0x00000000ee700000| Complete 
| 232|0x00000000ee800000, 0x00000000ee900000, 0x00000000ee900000|100%| E|CS|TAMS 0x00000000ee800000, 0x00000000ee800000| Complete 
| 233|0x00000000ee900000, 0x00000000eea00000, 0x00000000eea00000|100%| E|CS|TAMS 0x00000000ee900000, 0x00000000ee900000| Complete 
| 234|0x00000000eea00000, 0x00000000eeb00000, 0x00000000eeb00000|100%| E|CS|TAMS 0x00000000eea00000, 0x00000000eea00000| Complete 
| 235|0x00000000eeb00000, 0x00000000eec00000, 0x00000000eec00000|100%| E|CS|TAMS 0x00000000eeb00000, 0x00000000eeb00000| Complete 
| 236|0x00000000eec00000, 0x00000000eed00000, 0x00000000eed00000|100%| E|CS|TAMS 0x00000000eec00000, 0x00000000eec00000| Complete 
| 237|0x00000000eed00000, 0x00000000eee00000, 0x00000000eee00000|100%| E|CS|TAMS 0x00000000eed00000, 0x00000000eed00000| Complete 
| 238|0x00000000eee00000, 0x00000000eef00000, 0x00000000eef00000|100%| E|CS|TAMS 0x00000000eee00000, 0x00000000eee00000| Complete 
| 239|0x00000000eef00000, 0x00000000ef000000, 0x00000000ef000000|100%| E|CS|TAMS 0x00000000eef00000, 0x00000000eef00000| Complete 
| 240|0x00000000ef000000, 0x00000000ef100000, 0x00000000ef100000|100%| E|CS|TAMS 0x00000000ef000000, 0x00000000ef000000| Complete 
| 241|0x00000000ef100000, 0x00000000ef200000, 0x00000000ef200000|100%| E|CS|TAMS 0x00000000ef100000, 0x00000000ef100000| Complete 
| 242|0x00000000ef200000, 0x00000000ef300000, 0x00000000ef300000|100%| E|CS|TAMS 0x00000000ef200000, 0x00000000ef200000| Complete 
| 243|0x00000000ef300000, 0x00000000ef400000, 0x00000000ef400000|100%| E|CS|TAMS 0x00000000ef300000, 0x00000000ef300000| Complete 
| 244|0x00000000ef400000, 0x00000000ef500000, 0x00000000ef500000|100%| E|CS|TAMS 0x00000000ef400000, 0x00000000ef400000| Complete 
| 245|0x00000000ef500000, 0x00000000ef600000, 0x00000000ef600000|100%| E|CS|TAMS 0x00000000ef500000, 0x00000000ef500000| Complete 
| 246|0x00000000ef600000, 0x00000000ef700000, 0x00000000ef700000|100%| E|CS|TAMS 0x00000000ef600000, 0x00000000ef600000| Complete 
| 247|0x00000000ef700000, 0x00000000ef800000, 0x00000000ef800000|100%| E|CS|TAMS 0x00000000ef700000, 0x00000000ef700000| Complete 
| 248|0x00000000ef800000, 0x00000000ef900000, 0x00000000ef900000|100%| E|CS|TAMS 0x00000000ef800000, 0x00000000ef800000| Complete 
| 249|0x00000000ef900000, 0x00000000efa00000, 0x00000000efa00000|100%| E|CS|TAMS 0x00000000ef900000, 0x00000000ef900000| Complete 
| 250|0x00000000efa00000, 0x00000000efb00000, 0x00000000efb00000|100%| E|CS|TAMS 0x00000000efa00000, 0x00000000efa00000| Complete 
| 251|0x00000000efb00000, 0x00000000efc00000, 0x00000000efc00000|100%| E|CS|TAMS 0x00000000efb00000, 0x00000000efb00000| Complete 
| 252|0x00000000efc00000, 0x00000000efd00000, 0x00000000efd00000|100%| E|CS|TAMS 0x00000000efc00000, 0x00000000efc00000| Complete 
| 253|0x00000000efd00000, 0x00000000efe00000, 0x00000000efe00000|100%| E|CS|TAMS 0x00000000efd00000, 0x00000000efd00000| Complete 
| 254|0x00000000efe00000, 0x00000000eff00000, 0x00000000eff00000|100%| S|CS|TAMS 0x00000000efe00000, 0x00000000efe00000| Complete 
| 255|0x00000000eff00000, 0x00000000f0000000, 0x00000000f0000000|100%| E|CS|TAMS 0x00000000eff00000, 0x00000000eff00000| Complete 

Card table byte_map: [0x000000001a1c0000,0x000000001a2c0000] _byte_map_base: 0x0000000019ac0000

Marking Bits (Prev, Next): (CMBitMap*) 0x000000000048acb0, (CMBitMap*) 0x000000000048acf0
 Prev Bits: [0x000000001a3c0000, 0x000000001abc0000)
 Next Bits: [0x000000001abc0000, 0x000000001b3c0000)

Polling page: 0x0000000000140000

Metaspace:

Usage:
  Non-class:     34.87 MB capacity,    34.14 MB ( 98%) used,   681.22 KB (  2%) free+waste,    63.19 KB ( <1%) overhead. 
      Class:      5.65 MB capacity,     5.42 MB ( 96%) used,   212.63 KB (  4%) free+waste,    27.13 KB ( <1%) overhead. 
       Both:     40.52 MB capacity,    39.56 MB ( 98%) used,   893.85 KB (  2%) free+waste,    90.31 KB ( <1%) overhead. 

Virtual space:
  Non-class space:       36.00 MB reserved,      34.92 MB ( 97%) committed 
      Class space:      248.00 MB reserved,       5.75 MB (  2%) committed 
             Both:      284.00 MB reserved,      40.67 MB ( 14%) committed 

Chunk freelists:
   Non-Class:  2.00 KB
       Class:  3.00 KB
        Both:  5.00 KB

MaxMetaspaceSize: 256.00 MB
CompressedClassSpaceSize: 248.00 MB

CodeHeap 'non-profiled nmethods': size=120000Kb used=2949Kb max_used=2949Kb free=117050Kb
 bounds [0x0000000012750000, 0x0000000012a40000, 0x0000000019c80000]
CodeHeap 'profiled nmethods': size=120000Kb used=9254Kb max_used=9254Kb free=110746Kb
 bounds [0x000000000b220000, 0x000000000bb30000, 0x0000000012750000]
CodeHeap 'non-nmethods': size=5760Kb used=2314Kb max_used=2353Kb free=3445Kb
 bounds [0x000000000ac80000, 0x000000000aef0000, 0x000000000b220000]
 total_blobs=5343 nmethods=4551 adapters=704
 compilation: enabled
              stopped_count=0, restarted_count=0
 full_count=0

Compilation events (20 events):
Event: 85.483 Thread 0x000000001eb3fa40 nmethod 4585 0x000000000bb25690 code [0x000000000bb25840, 0x000000000bb25a08]
Event: 85.483 Thread 0x000000001eb3fa40 4586       3       java.util.HashMap$ValueSpliterator::<init> (12 bytes)
Event: 85.483 Thread 0x000000001eb3fa40 nmethod 4586 0x000000000bb25b10 code [0x000000000bb25cc0, 0x000000000bb25ed8]
Event: 85.742 Thread 0x000000001eb3fa40 4587       3       java.io.Writer::write (11 bytes)
Event: 85.859 Thread 0x000000001eb3fa40 nmethod 4587 0x000000000bb26010 code [0x000000000bb261c0, 0x000000000bb26488]
Event: 86.075 Thread 0x000000001eb3fa40 4588       3       java.util.HashMap$HashMapSpliterator::estimateSize (11 bytes)
Event: 86.076 Thread 0x000000001eb3fa40 nmethod 4588 0x000000000bb26610 code [0x000000000bb267c0, 0x000000000bb26908]
Event: 86.105 Thread 0x000000001eb3fa40 4589       3       java.io.FilterOutputStream::write (9 bytes)
Event: 86.288 Thread 0x000000001eb3f480 nmethod 4582 0x0000000012a30610 code [0x0000000012a30820, 0x0000000012a30ff0]
Event: 86.288 Thread 0x000000001eb3f480 4595       4       org.gradle.internal.logging.text.AbstractLineChoppingStyledTextOutput::doAppend (43 bytes)
Event: 86.290 Thread 0x000000001eb3fa40 nmethod 4589 0x000000000bb26990 code [0x000000000bb26b40, 0x000000000bb26d08]
Event: 86.290 Thread 0x000000001eb3fa40 4597   !   3       java.io.PrintStream::write (83 bytes)
Event: 86.730 Thread 0x000000001eb3fa40 nmethod 4597 0x000000000bb26e10 code [0x000000000bb270a0, 0x000000000bb27cd8]
Event: 86.730 Thread 0x000000001eb3fa40 4599       3       org.gradle.internal.io.StreamByteBuffer$StreamByteBufferOutputStream::write (22 bytes)
Event: 86.730 Thread 0x000000001eb3fa40 nmethod 4599 0x000000000bb28310 code [0x000000000bb284c0, 0x000000000bb28678]
Event: 86.730 Thread 0x000000001eb3fa40 4590       3       org.gradle.internal.io.LinePerThreadBufferingOutputStream::getStream (44 bytes)
Event: 87.351 Thread 0x000000001eb3fa40 nmethod 4590 0x000000000bb28810 code [0x000000000bb28a20, 0x000000000bb29198]
Event: 87.748 Thread 0x000000001eb3fa40 4602       3       org.gradle.internal.serialize.InputStreamBackedDecoder::readLong (8 bytes)
Event: 87.748 Thread 0x000000001eb3fa40 nmethod 4602 0x000000000bb29490 code [0x000000000bb29640, 0x000000000bb29768]
Event: 87.759 Thread 0x000000001eb3fa40 4604  s    2       java.io.BufferedInputStream::read (113 bytes)

GC Heap History (12 events):
Event: 1.278 GC heap before
{Heap before GC invocations=0 (full 0):
 garbage-first heap   total 262144K, used 18432K [0x00000000e0000000, 0x0000000100000000)
  region size 1024K, 13 young (13312K), 0 survivors (0K)
 Metaspace       used 1692K, capacity 5241K, committed 5504K, reserved 262144K
  class space    used 172K, capacity 531K, committed 640K, reserved 253952K
}
Event: 1.287 GC heap after
{Heap after GC invocations=1 (full 0):
 garbage-first heap   total 262144K, used 7790K [0x00000000e0000000, 0x0000000100000000)
  region size 1024K, 2 young (2048K), 2 survivors (2048K)
 Metaspace       used 1692K, capacity 5241K, committed 5504K, reserved 262144K
  class space    used 172K, capacity 531K, committed 640K, reserved 253952K
}
Event: 2.136 GC heap before
{Heap before GC invocations=1 (full 0):
 garbage-first heap   total 262144K, used 20078K [0x00000000e0000000, 0x0000000100000000)
  region size 1024K, 14 young (14336K), 2 survivors (2048K)
 Metaspace       used 3935K, capacity 6543K, committed 6656K, reserved 262144K
  class space    used 488K, capacity 729K, committed 768K, reserved 253952K
}
Event: 2.145 GC heap after
{Heap after GC invocations=2 (full 0):
 garbage-first heap   total 262144K, used 8893K [0x00000000e0000000, 0x0000000100000000)
  region size 1024K, 2 young (2048K), 2 survivors (2048K)
 Metaspace       used 3935K, capacity 6543K, committed 6656K, reserved 262144K
  class space    used 488K, capacity 729K, committed 768K, reserved 253952K
}
Event: 2.720 GC heap before
{Heap before GC invocations=2 (full 0):
 garbage-first heap   total 262144K, used 30397K [0x00000000e0000000, 0x0000000100000000)
  region size 1024K, 24 young (24576K), 2 survivors (2048K)
 Metaspace       used 4061K, capacity 6607K, committed 6656K, reserved 262144K
  class space    used 491K, capacity 729K, committed 768K, reserved 253952K
}
Event: 2.729 GC heap after
{Heap after GC invocations=3 (full 0):
 garbage-first heap   total 262144K, used 12130K [0x00000000e0000000, 0x0000000100000000)
  region size 1024K, 3 young (3072K), 3 survivors (3072K)
 Metaspace       used 4061K, capacity 6607K, committed 6656K, reserved 262144K
  class space    used 491K, capacity 729K, committed 768K, reserved 253952K
}
Event: 16.959 GC heap before
{Heap before GC invocations=3 (full 0):
 garbage-first heap   total 262144K, used 104290K [0x00000000e0000000, 0x0000000100000000)
  region size 1024K, 94 young (96256K), 3 survivors (3072K)
 Metaspace       used 20628K, capacity 21155K, committed 21296K, reserved 272384K
  class space    used 2954K, capacity 3109K, committed 3200K, reserved 253952K
}
Event: 17.692 GC heap after
{Heap after GC invocations=4 (full 0):
 garbage-first heap   total 262144K, used 18978K [0x00000000e0000000, 0x0000000100000000)
  region size 1024K, 10 young (10240K), 10 survivors (10240K)
 Metaspace       used 20628K, capacity 21155K, committed 21296K, reserved 272384K
  class space    used 2954K, capacity 3109K, committed 3200K, reserved 253952K
}
Event: 31.759 GC heap before
{Heap before GC invocations=5 (full 0):
 garbage-first heap   total 262144K, used 100898K [0x00000000e0000000, 0x0000000100000000)
  region size 1024K, 87 young (89088K), 10 survivors (10240K)
 Metaspace       used 35111K, capacity 35775K, committed 35888K, reserved 286720K
  class space    used 4702K, capacity 4915K, committed 4992K, reserved 253952K
}
Event: 32.284 GC heap after
{Heap after GC invocations=6 (full 0):
 garbage-first heap   total 262144K, used 26465K [0x00000000e0000000, 0x0000000100000000)
  region size 1024K, 8 young (8192K), 8 survivors (8192K)
 Metaspace       used 35111K, capacity 35775K, committed 35888K, reserved 286720K
  class space    used 4702K, capacity 4915K, committed 4992K, reserved 253952K
}
Event: 32.397 GC heap before
{Heap before GC invocations=6 (full 0):
 garbage-first heap   total 262144K, used 26465K [0x00000000e0000000, 0x0000000100000000)
  region size 1024K, 9 young (9216K), 8 survivors (8192K)
 Metaspace       used 35136K, capacity 35776K, committed 35888K, reserved 286720K
  class space    used 4704K, capacity 4915K, committed 4992K, reserved 253952K
}
Event: 32.530 GC heap after
{Heap after GC invocations=7 (full 0):
 garbage-first heap   total 262144K, used 27069K [0x00000000e0000000, 0x0000000100000000)
  region size 1024K, 1 young (1024K), 1 survivors (1024K)
 Metaspace       used 35136K, capacity 35776K, committed 35888K, reserved 286720K
  class space    used 4704K, capacity 4915K, committed 4992K, reserved 253952K
}

Deoptimization events (20 events):
Event: 69.720 Thread 0x000000001fad4d60 Uncommon trap: trap_request=0xffffffde fr.pc=0x0000000012911430 relative=0x00000000000009b0
Event: 69.720 Thread 0x000000001fad4d60 Uncommon trap: reason=class_check action=maybe_recompile pc=0x0000000012911430 method=java.io.BufferedInputStream.read1([BII)I @ 39 c2
Event: 69.720 Thread 0x000000001fad4d60 DEOPT PACKING pc=0x0000000012911430 sp=0x0000000029c4ee60
Event: 69.720 Thread 0x000000001fad4d60 DEOPT UNPACKING pc=0x000000000acce42f sp=0x0000000029c4ed78 mode 2
Event: 86.129 Thread 0x000000001fad4d60 Uncommon trap: trap_request=0xffffffde fr.pc=0x0000000012911430 relative=0x00000000000009b0
Event: 86.143 Thread 0x000000001fad4d60 Uncommon trap: reason=class_check action=maybe_recompile pc=0x0000000012911430 method=java.io.BufferedInputStream.read1([BII)I @ 39 c2
Event: 86.271 Thread 0x000000001fad4d60 DEOPT PACKING pc=0x0000000012911430 sp=0x0000000029c4ee60
Event: 86.386 Thread 0x000000001fad4d60 DEOPT UNPACKING pc=0x000000000acce42f sp=0x0000000029c4ed78 mode 2
Event: 86.413 Thread 0x000000001fad4d60 Uncommon trap: trap_request=0xffffff45 fr.pc=0x00000000127a0f64 relative=0x00000000000003c4
Event: 86.413 Thread 0x000000001fad4d60 Uncommon trap: reason=unstable_if action=reinterpret pc=0x00000000127a0f64 method=java.lang.StringUTF16.compress([CII)[B @ 13 c2
Event: 86.413 Thread 0x000000001fad4d60 DEOPT PACKING pc=0x00000000127a0f64 sp=0x0000000029c4e950
Event: 86.414 Thread 0x000000001fad4d60 DEOPT UNPACKING pc=0x000000000acce42f sp=0x0000000029c4e890 mode 2
Event: 86.414 Thread 0x000000001fad4d60 Uncommon trap: trap_request=0xffffff45 fr.pc=0x0000000012784be0 relative=0x00000000000003c0
Event: 86.414 Thread 0x000000001fad4d60 Uncommon trap: reason=unstable_if action=reinterpret pc=0x0000000012784be0 method=java.lang.String.isLatin1()Z @ 10 c2
Event: 86.414 Thread 0x000000001fad4d60 DEOPT PACKING pc=0x0000000012784be0 sp=0x0000000029c4dd70
Event: 86.422 Thread 0x000000001fad4d60 DEOPT UNPACKING pc=0x000000000acce42f sp=0x0000000029c4dcc8 mode 2
Event: 86.424 Thread 0x000000001fad4d60 Uncommon trap: trap_request=0xffffffde fr.pc=0x000000001290ff64 relative=0x00000000000001a4
Event: 86.424 Thread 0x000000001fad4d60 Uncommon trap: reason=class_check action=maybe_recompile pc=0x000000001290ff64 method=java.io.BufferedInputStream.read1([BII)I @ 39 c2
Event: 86.424 Thread 0x000000001fad4d60 DEOPT PACKING pc=0x000000001290ff64 sp=0x0000000029c4edc0
Event: 86.519 Thread 0x000000001fad4d60 DEOPT UNPACKING pc=0x000000000acce42f sp=0x0000000029c4ed68 mode 2

Classes unloaded (0 events):
No events

Classes redefined (0 events):
No events

Internal exceptions (20 events):
Event: 63.787 Thread 0x00000000206fcd50 Exception <a 'java/lang/NoSuchMethodError'{0x00000000ec84dfe8}: static Lorg/gradle/internal/build/event/types/DefaultTaskFinishedProgressEvent;.<clinit>()V> (0x00000000ec84dfe8) 
thrown [./open/src/hotspot/share/prims/jni.cpp, line 1204]
Event: 63.815 Thread 0x00000000206fcd50 Exception <a 'java/lang/NoSuchMethodError'{0x00000000ec4c0190}: static Lorg/gradle/internal/build/event/types/DefaultTaskSuccessResult;.<clinit>()V> (0x00000000ec4c0190) 
thrown [./open/src/hotspot/share/prims/jni.cpp, line 1204]
Event: 63.816 Thread 0x00000000206fcd50 Exception <a 'java/lang/NoSuchMethodError'{0x00000000ec4c14b8}: static Lorg/gradle/internal/build/event/types/AbstractTaskResult;.<clinit>()V> (0x00000000ec4c14b8) 
thrown [./open/src/hotspot/share/prims/jni.cpp, line 1204]
Event: 63.816 Thread 0x00000000206fcd50 Exception <a 'java/lang/NoSuchMethodError'{0x00000000ec4c2a98}: static Lorg/gradle/internal/build/event/types/AbstractResult;.<clinit>()V> (0x00000000ec4c2a98) 
thrown [./open/src/hotspot/share/prims/jni.cpp, line 1204]
Event: 63.875 Thread 0x00000000206fcd50 Exception <a 'java/lang/NoSuchMethodError'{0x00000000ec4cca98}: static Lorg/gradle/internal/build/event/types/DefaultTaskSkippedResult;.<clinit>()V> (0x00000000ec4cca98) 
thrown [./open/src/hotspot/share/prims/jni.cpp, line 1204]
Event: 63.927 Thread 0x00000000202f5cc0 Exception <a 'java/lang/ClassNotFoundException'{0x00000000ec389b50}: org/gradle/api/internal/file/collections/DefaultConfigurableFileCollectionBeanInfo> (0x00000000ec389b50) 
thrown [./open/src/hotspot/share/classfile/systemDictionary.cpp, line 295]
Event: 63.928 Thread 0x00000000202f5cc0 Exception <a 'java/lang/ClassNotFoundException'{0x00000000ec38e1c8}: org/gradle/api/internal/file/CompositeFileCollectionBeanInfo> (0x00000000ec38e1c8) 
thrown [./open/src/hotspot/share/classfile/systemDictionary.cpp, line 295]
Event: 63.931 Thread 0x00000000202f5cc0 Exception <a 'java/lang/ClassNotFoundException'{0x00000000ec392830}: org/gradle/api/internal/file/AbstractFileCollectionBeanInfo> (0x00000000ec392830) 
thrown [./open/src/hotspot/share/classfile/systemDictionary.cpp, line 295]
Event: 63.931 Thread 0x00000000202f5cc0 Exception <a 'java/lang/ClassNotFoundException'{0x00000000ec396e68}: org/gradle/api/internal/file/AbstractFileCollectionCustomizer> (0x00000000ec396e68) 
thrown [./open/src/hotspot/share/classfile/systemDictionary.cpp, line 295]
Event: 63.937 Thread 0x00000000202f5cc0 Exception <a 'java/lang/ClassNotFoundException'{0x00000000ec3ad988}: org/gradle/api/internal/file/CompositeFileCollectionCustomizer> (0x00000000ec3ad988) 
thrown [./open/src/hotspot/share/classfile/systemDictionary.cpp, line 295]
Event: 63.940 Thread 0x00000000202f5cc0 Exception <a 'java/lang/ClassNotFoundException'{0x00000000ec3ba590}: org/gradle/api/internal/file/collections/DefaultConfigurableFileCollectionCustomizer> (0x00000000ec3ba590) 
thrown [./open/src/hotspot/share/classfile/systemDictionary.cpp, line 295]
Event: 63.995 Thread 0x00000000202f5cc0 Exception <a 'java/lang/ClassNotFoundException'{0x00000000ec3ff980}: java/io/FileBeanInfo> (0x00000000ec3ff980) 
thrown [./open/src/hotspot/share/classfile/systemDictionary.cpp, line 295]
Event: 63.999 Thread 0x00000000202f5cc0 Exception <a 'java/lang/ClassNotFoundException'{0x00000000ec229f50}: java/io/FileCustomizer> (0x00000000ec229f50) 
thrown [./open/src/hotspot/share/classfile/systemDictionary.cpp, line 295]
Event: 64.191 Thread 0x00000000202f6b30 Exception <a 'java/lang/NoSuchMethodError'{0x00000000ec2db630}: 'void java.lang.invoke.DirectMethodHandle$Holder.invokeStatic(java.lang.Object, long)'> (0x00000000ec2db630) 
thrown [./open/src/hotspot/share/interpreter/linkResolver.cpp, line 782]
Event: 64.193 Thread 0x00000000202f6b30 Exception <a 'java/lang/NoSuchMethodError'{0x00000000ec2e0f08}: 'java.lang.Object java.lang.invoke.DirectMethodHandle$Holder.newInvokeSpecial(java.lang.Object, long)'> (0x00000000ec2e0f08) 
thrown [./open/src/hotspot/share/interpreter/linkResolver.cpp, line 782]
Event: 64.210 Thread 0x00000000202f6b30 Exception <a 'java/lang/NoSuchMethodError'{0x00000000ec2e7dc8}: 'java.lang.Object java.lang.invoke.DirectMethodHandle$Holder.invokeStatic(java.lang.Object, java.lang.Object, long, java.lang.Object)'> (0x00000000ec2e7dc8) 
thrown [./open/src/hotspot/share/interpreter/linkResolver.cpp, line 782]
Event: 64.211 Thread 0x00000000202f6b30 Exception <a 'java/lang/NoSuchMethodError'{0x00000000ec2eba68}: 'java.lang.Object java.lang.invoke.DirectMethodHandle$Holder.invokeStaticInit(java.lang.Object, java.lang.Object, long, java.lang.Object)'> (0x00000000ec2eba68) 
thrown [./open/src/hotspot/share/interpreter/linkResolver.cpp, line 782]
Event: 64.216 Thread 0x00000000202f6b30 Exception <a 'java/lang/NoSuchMethodError'{0x00000000ec2f24d0}: 'java.lang.Object java.lang.invoke.DirectMethodHandle$Holder.newInvokeSpecial(java.lang.Object, java.lang.Object, long)'> (0x00000000ec2f24d0) 
thrown [./open/src/hotspot/share/interpreter/linkResolver.cpp, line 782]
Event: 64.220 Thread 0x00000000202f6b30 Exception <a 'java/lang/NoSuchMethodError'{0x00000000ec2f6240}: 'java.lang.Object java.lang.invoke.Invokers$Holder.linkToTargetMethod(java.lang.Object, long, java.lang.Object)'> (0x00000000ec2f6240) 
thrown [./open/src/hotspot/share/interpreter/linkResolver.cpp, line 782]
Event: 67.800 Thread 0x00000000202f5cc0 Exception <a 'java/lang/NoSuchMethodError'{0x00000000ec1af840}: 'void java.lang.invoke.DirectMethodHandle$Holder.invokeVirtual(java.lang.Object, java.lang.Object)'> (0x00000000ec1af840) 
thrown [./open/src/hotspot/share/interpreter/linkResolver.cpp, line 782]

Events (20 events):
Event: 64.222 loading class java/lang/ProcessImpl$2
Event: 64.222 loading class java/lang/ProcessImpl$2 done
Event: 64.223 loading class java/lang/Process$PipeInputStream
Event: 64.223 loading class java/lang/Process$PipeInputStream done
Event: 64.223 loading class jdk/internal/event/ProcessStartEvent
Event: 64.223 loading class jdk/internal/event/Event
Event: 64.223 loading class jdk/internal/event/Event done
Event: 64.223 loading class jdk/internal/event/ProcessStartEvent done
Event: 64.235 Thread 0x00000000202f7000 Thread added: 0x00000000202f7000
Event: 64.236 Thread 0x00000000202f74d0 Thread added: 0x00000000202f74d0
Event: 64.349 Executing VM operation: HandshakeAllThreads
Event: 64.349 Executing VM operation: HandshakeAllThreads done
Event: 68.241 Thread 0x000000001fad4890 Thread added: 0x000000001fad4890
Event: 68.243 Thread 0x000000001fad4d60 Thread added: 0x000000001fad4d60
Event: 68.365 Executing VM operation: HandshakeAllThreads
Event: 68.365 Executing VM operation: HandshakeAllThreads done
Event: 85.471 Executing VM operation: HandshakeAllThreads
Event: 85.489 Executing VM operation: HandshakeAllThreads done
Event: 86.633 Executing VM operation: HandshakeAllThreads
Event: 86.739 Executing VM operation: HandshakeAllThreads done


Dynamic libraries:
0x000000013f720000 - 0x000000013f72f000 	C:\Program Files\Java\jdk-15\bin\java.exe
0x0000000077a10000 - 0x0000000077baf000 	C:\Windows\SYSTEM32\ntdll.dll
0x000007fed77b0000 - 0x000007fed77c2000 	C:\Program Files\AVAST Software\Avast\aswhook.dll
0x0000000077810000 - 0x000000007792f000 	C:\Windows\system32\kernel32.dll
0x000007fefd7b0000 - 0x000007fefd817000 	C:\Windows\system32\KERNELBASE.dll
0x000007feefff0000 - 0x000007fef0008000 	C:\Program Files\Java\jdk-15\bin\jli.dll
0x000007fefdbe0000 - 0x000007fefdcbb000 	C:\Windows\system32\ADVAPI32.dll
0x000007fefe290000 - 0x000007fefe32f000 	C:\Windows\system32\msvcrt.dll
0x000007fefea40000 - 0x000007fefea5f000 	C:\Windows\SYSTEM32\sechost.dll
0x000007fefdab0000 - 0x000007fefdbdc000 	C:\Windows\system32\RPCRT4.dll
0x000007fefb5d0000 - 0x000007fefb7c5000 	C:\Windows\WinSxS\amd64_microsoft.windows.common-controls_6595b64144ccf1df_6.0.7601.24483_none_e372d88f30fbb845\COMCTL32.dll
0x000007feffc90000 - 0x000007feffcf7000 	C:\Windows\system32\GDI32.dll
0x0000000077710000 - 0x000000007780b000 	C:\Windows\system32\USER32.dll
0x000007fefecd0000 - 0x000007fefecde000 	C:\Windows\system32\LPK.dll
0x000007feffbc0000 - 0x000007feffc8b000 	C:\Windows\system32\USP10.dll
0x000007fefda30000 - 0x000007fefdaa1000 	C:\Windows\system32\SHLWAPI.dll
0x000007fefd490000 - 0x000007fefd49c000 	C:\Windows\system32\VERSION.dll
0x000007fef0010000 - 0x000007fef0029000 	C:\Program Files\Java\jdk-15\bin\VCRUNTIME140.dll
0x000007fef0270000 - 0x000007fef0274000 	C:\Program Files\Java\jdk-15\bin\api-ms-win-crt-runtime-l1-1-0.dll
0x000007fec7050000 - 0x000007fec714a000 	C:\Program Files\Java\jdk-15\bin\ucrtbase.DLL
0x000007feeffe0000 - 0x000007feeffe3000 	C:\Program Files\Java\jdk-15\bin\api-ms-win-core-localization-l1-2-0.dll
0x000007feeffd0000 - 0x000007feeffd3000 	C:\Program Files\Java\jdk-15\bin\api-ms-win-core-processthreads-l1-1-1.dll
0x000007feeffc0000 - 0x000007feeffc3000 	C:\Program Files\Java\jdk-15\bin\api-ms-win-core-file-l1-2-0.dll
0x000007feeffb0000 - 0x000007feeffb3000 	C:\Program Files\Java\jdk-15\bin\api-ms-win-core-timezone-l1-1-0.dll
0x000007feeffa0000 - 0x000007feeffa3000 	C:\Program Files\Java\jdk-15\bin\api-ms-win-core-file-l2-1-0.dll
0x000007feeff90000 - 0x000007feeff93000 	C:\Program Files\Java\jdk-15\bin\api-ms-win-core-synch-l1-2-0.dll
0x000007feeff80000 - 0x000007feeff83000 	C:\Program Files\Java\jdk-15\bin\api-ms-win-crt-heap-l1-1-0.dll
0x000007feeff00000 - 0x000007feeff04000 	C:\Program Files\Java\jdk-15\bin\api-ms-win-crt-string-l1-1-0.dll
0x000007feefef0000 - 0x000007feefef4000 	C:\Program Files\Java\jdk-15\bin\api-ms-win-crt-stdio-l1-1-0.dll
0x000007feefee0000 - 0x000007feefee4000 	C:\Program Files\Java\jdk-15\bin\api-ms-win-crt-convert-l1-1-0.dll
0x000007feefed0000 - 0x000007feefed3000 	C:\Program Files\Java\jdk-15\bin\api-ms-win-crt-environment-l1-1-0.dll
0x000007feefec0000 - 0x000007feefec3000 	C:\Program Files\Java\jdk-15\bin\api-ms-win-crt-filesystem-l1-1-0.dll
0x000007feed9e0000 - 0x000007feed9e5000 	C:\Program Files\Java\jdk-15\bin\api-ms-win-crt-math-l1-1-0.dll
0x000007feed9d0000 - 0x000007feed9d3000 	C:\Program Files\Java\jdk-15\bin\api-ms-win-crt-locale-l1-1-0.dll
0x000007feffb90000 - 0x000007feffbbe000 	C:\Windows\system32\IMM32.DLL
0x000007fefd920000 - 0x000007fefda2b000 	C:\Windows\system32\MSCTF.dll
0x000007fefd4a0000 - 0x000007fefd4d0000 	C:\Windows\system32\nvinitx.dll
0x0000000073d10000 - 0x0000000073d16000 	C:\Program Files\NVIDIA Corporation\CoProcManager\detoured.dll
0x000007fef86d0000 - 0x000007fef8708000 	C:\Program Files\NVIDIA Corporation\CoProcManager\nvd3d9wrapx.dll
0x000007fefe860000 - 0x000007fefea37000 	C:\Windows\system32\SETUPAPI.dll
0x000007fefd770000 - 0x000007fefd7a6000 	C:\Windows\system32\CFGMGR32.dll
0x000007fefebf0000 - 0x000007fefeccb000 	C:\Windows\system32\OLEAUT32.dll
0x000007fefe390000 - 0x000007fefe58f000 	C:\Windows\system32\ole32.dll
0x000007fefd590000 - 0x000007fefd5aa000 	C:\Windows\system32\DEVOBJ.dll
0x000007fef86a0000 - 0x000007fef86c4000 	C:\Program Files\NVIDIA Corporation\CoProcManager\nvdxgiwrapx.dll
0x000007fee2700000 - 0x000007fee270c000 	C:\Program Files\Java\jdk-15\bin\vcruntime140_1.dll
0x000007fec8140000 - 0x000007fec81d1000 	C:\Program Files\Java\jdk-15\bin\msvcp140.dll
0x000007fee26f0000 - 0x000007fee26f3000 	C:\Program Files\Java\jdk-15\bin\api-ms-win-crt-time-l1-1-0.dll
0x000007fee26e0000 - 0x000007fee26e3000 	C:\Program Files\Java\jdk-15\bin\api-ms-win-crt-utility-l1-1-0.dll
0x000007fec3a20000 - 0x000007fec457c000 	C:\Program Files\Java\jdk-15\bin\server\jvm.dll
0x000007fefa590000 - 0x000007fefa599000 	C:\Windows\system32\WSOCK32.dll
0x000007fefe180000 - 0x000007fefe1cd000 	C:\Windows\system32\WS2_32.dll
0x000007fefe170000 - 0x000007fefe178000 	C:\Windows\system32\NSI.dll
0x000007fefbdd0000 - 0x000007fefbe0b000 	C:\Windows\system32\WINMM.dll
0x0000000077bc0000 - 0x0000000077bc7000 	C:\Windows\system32\PSAPI.DLL
0x000007fee26d0000 - 0x000007fee26da000 	C:\Program Files\Java\jdk-15\bin\jimage.dll
0x000007fef8310000 - 0x000007fef8435000 	C:\Windows\system32\DBGHELP.DLL
0x000007fed5ca0000 - 0x000007fed5cc5000 	C:\Program Files\Java\jdk-15\bin\java.dll
0x000007fefece0000 - 0x000007feffa6b000 	C:\Windows\system32\SHELL32.dll
0x000007fefd570000 - 0x000007fefd57f000 	C:\Windows\system32\profapi.dll
0x000007fed79f0000 - 0x000007fed7a09000 	C:\Program Files\Java\jdk-15\bin\net.dll
0x000007fef90f0000 - 0x000007fef9161000 	C:\Windows\system32\WINHTTP.dll
0x000007fef9080000 - 0x000007fef90e5000 	C:\Windows\system32\webio.dll
0x000007fefcca0000 - 0x000007fefccf5000 	C:\Windows\system32\mswsock.dll
0x000007fefcc90000 - 0x000007fefcc97000 	C:\Windows\System32\wship6.dll
0x000007fed61a0000 - 0x000007fed61b2000 	C:\Program Files\Java\jdk-15\bin\nio.dll
0x000007fed5c80000 - 0x000007fed5c98000 	C:\Program Files\Java\jdk-15\bin\zip.dll
0x000007fed7a20000 - 0x000007fed7a30000 	C:\Program Files\Java\jdk-15\bin\verify.dll
0x000007fef0030000 - 0x000007fef0056000 	C:\Users\Home\.gradle\native\fdc75f09e3144964f2cf3f50f0aa648679c211496f362492102eb8c894070792\windows-amd64\native-platform.dll
0x000007fed5cd0000 - 0x000007fed5e61000 	C:\Users\Home\.gradle\native\12488b8bf47d2d4c9fbf2f6322a914ad602e24e48041cd04a747c6da556b65c4\windows-amd64\native-platform-file-events.dll
0x000007fed5c70000 - 0x000007fed5c79000 	C:\Program Files\Java\jdk-15\bin\management.dll
0x000007fed5a20000 - 0x000007fed5a2b000 	C:\Program Files\Java\jdk-15\bin\management_ext.dll
0x000007fefcd00000 - 0x000007fefcd18000 	C:\Windows\system32\CRYPTSP.dll
0x000007fefca00000 - 0x000007fefca47000 	C:\Windows\system32\rsaenh.dll
0x000007fefd900000 - 0x000007fefd91f000 	C:\Windows\system32\USERENV.dll
0x000007fefd3c0000 - 0x000007fefd3cf000 	C:\Windows\system32\CRYPTBASE.dll
0x000007fefaf70000 - 0x000007fefaf97000 	C:\Windows\system32\IPHLPAPI.DLL
0x000007fefaf60000 - 0x000007fefaf6b000 	C:\Windows\system32\WINNSI.DLL
0x000007fefacd0000 - 0x000007feface8000 	C:\Windows\system32\dhcpcsvc.DLL
0x000007fefac90000 - 0x000007fefaca1000 	C:\Windows\system32\dhcpcsvc6.DLL
0x000007fefd360000 - 0x000007fefd3b7000 	C:\Windows\system32\apphelp.dll

dbghelp: loaded successfully - version: 4.0.5 - missing functions: none
symbol engine: initialized successfully - sym options: 0x614 - pdb path: .;C:\Program Files\Java\jdk-15\bin;C:\Windows\SYSTEM32;C:\Program Files\AVAST Software\Avast;C:\Windows\WinSxS\amd64_microsoft.windows.common-controls_6595b64144ccf1df_6.0.7601.24483_none_e372d88f30fbb845;C:\Program Files\NVIDIA Corporation\CoProcManager;C:\Program Files\Java\jdk-15\bin\server;C:\Users\Home\.gradle\native\fdc75f09e3144964f2cf3f50f0aa648679c211496f362492102eb8c894070792\windows-amd64;C:\Users\Home\.gradle\native\12488b8bf47d2d4c9fbf2f6322a914ad602e24e48041cd04a747c6da556b65c4\windows-amd64

VM Arguments:
jvm_args: --add-opens=java.base/java.util=ALL-UNNAMED --add-opens=java.base/java.lang=ALL-UNNAMED --add-opens=java.base/java.lang.invoke=ALL-UNNAMED --add-opens=java.prefs/java.util.prefs=ALL-UNNAMED -XX:MaxMetaspaceSize=256m -XX:+HeapDumpOnOutOfMemoryError -Xms256m -Xmx512m -Dfile.encoding=windows-1251 -Duser.country=RU -Duser.language=ru -Duser.variant 
java_command: org.gradle.launcher.daemon.bootstrap.GradleDaemon 6.7
java_class_path (initial): C:\Users\Home\.gradle\wrapper\dists\gradle-6.7-bin\efvqh8uyq79v2n7rcncuhu9sv\gradle-6.7\lib\gradle-launcher-6.7.jar
Launcher Type: SUN_STANDARD

[Global flags]
     intx CICompilerCount                          = 3                                         {product} {ergonomic}
   size_t CompressedClassSpaceSize                 = 260046848                                 {product} {ergonomic}
     uint ConcGCThreads                            = 1                                         {product} {ergonomic}
     uint G1ConcRefinementThreads                  = 4                                         {product} {ergonomic}
   size_t G1HeapRegionSize                         = 1048576                                   {product} {ergonomic}
    uintx GCDrainStackTargetSize                   = 64                                        {product} {ergonomic}
     bool HeapDumpOnOutOfMemoryError               = true                                   {manageable} {command line}
   size_t InitialHeapSize                          = 268435456                                 {product} {command line}
   size_t MarkStackSize                            = 4194304                                   {product} {ergonomic}
   size_t MaxHeapSize                              = 536870912                                 {product} {command line}
   size_t MaxMetaspaceSize                         = 268435456                                 {product} {command line}
   size_t MaxNewSize                               = 321912832                                 {product} {ergonomic}
   size_t MinHeapDeltaBytes                        = 1048576                                   {product} {ergonomic}
   size_t MinHeapSize                              = 268435456                                 {product} {command line}
    uintx NonNMethodCodeHeapSize                   = 5832780                                {pd product} {ergonomic}
    uintx NonProfiledCodeHeapSize                  = 122912730                              {pd product} {ergonomic}
    uintx ProfiledCodeHeapSize                     = 122912730                              {pd product} {ergonomic}
    uintx ReservedCodeCacheSize                    = 251658240                              {pd product} {ergonomic}
     bool SegmentedCodeCache                       = true                                      {product} {ergonomic}
   size_t SoftMaxHeapSize                          = 536870912                              {manageable} {ergonomic}
     bool UseCompressedClassPointers               = true                                 {lp64_product} {ergonomic}
     bool UseCompressedOops                        = true                                 {lp64_product} {ergonomic}
     bool UseG1GC                                  = true                                      {product} {ergonomic}
     bool UseLargePagesIndividualAllocation        = false                                  {pd product} {ergonomic}

Logging:
Log output configuration:
 #0: stdout all=warning uptime,level,tags
 #1: stderr all=off uptime,level,tags

Environment Variables:
JAVA_HOME=C:\ProgramFiles\Java\jdk-15
PATH=C:\Program Files\Common Files\Oracle\Java\javapath;C:\ProgramFiles\Java\jdk-15\bin;C:\Program Files\Git\cmd;C:\Windows\system32;C:\Windows;C:\Windows\System32\Wbem;C:\Windows\System32\WindowsPowerShell\v1.0\;C:\Users\Home\AppData\Local\Programs\Microsoft VS Code\bin
USERNAME=Home
OS=Windows_NT
PROCESSOR_IDENTIFIER=Intel64 Family 6 Model 60 Stepping 3, GenuineIntel



---------------  S Y S T E M  ---------------

OS:
 Windows 7 , 64 bit Build 7601 (6.1.7601.24545)
OS uptime: 0 days 1:26 hours

CPU: total 4 (initial active 4) (2 cores per cpu, 2 threads per core) family 6 model 60 stepping 3, cmov, cx8, fxsr, mmx, sse, sse2, sse3, ssse3, sse4.1, sse4.2, popcnt, vzeroupper, avx, avx2, aes, clmul, erms, lzcnt, ht, tsc, tscinvbit, bmi1, bmi2, fma, clflush

Memory: 4k page, system-wide physical 4008M (972M free)
TotalPageFile size 12406M (AvailPageFile size 9M)
current process WorkingSet (physical memory assigned to process): 38M, peak: 223M
current process commit charge ("private bytes"): 431M, peak: 450M

vm_info: Java HotSpot(TM) 64-Bit Server VM (15+36-1562) for windows-amd64 JRE (15+36-1562), built on Aug 11 2020 22:38:02 by "mach5one" with unknown MS VC++:1925

END.
